2025-09-07 02:53:31 | INFO     | Flask app created successfully
2025-09-07 02:53:38 | INFO     | Incoming request
2025-09-07 02:53:38 | INFO     | Memoir mode home sidebar
2025-09-07 02:53:38 | INFO     | Response status: 200 OK
2025-09-07 02:53:38 | INFO     | Incoming request
2025-09-07 02:53:38 | INFO     | Response status: 404 NOT FOUND
2025-09-07 02:53:38 | INFO     | Incoming request
2025-09-07 02:53:38 | INFO     | Incoming request
2025-09-07 02:53:39 | INFO     | Response status: 304 NOT MODIFIED
2025-09-07 02:53:39 | INFO     | Response status: 200 OK
2025-09-07 02:53:39 | INFO     | Incoming request
2025-09-07 02:53:39 | INFO     | Response status: 304 NOT MODIFIED
2025-09-07 02:53:39 | INFO     | Incoming request
2025-09-07 02:53:39 | INFO     | Response status: 304 NOT MODIFIED
2025-09-07 02:53:39 | INFO     | Incoming request
2025-09-07 02:53:39 | INFO     | Response status: 304 NOT MODIFIED
2025-09-07 02:53:39 | INFO     | Incoming request
2025-09-07 02:53:39 | INFO     | Response status: 304 NOT MODIFIED
2025-09-07 02:53:39 | INFO     | Incoming request
2025-09-07 02:53:39 | INFO     | Response status: 304 NOT MODIFIED
2025-09-07 02:53:39 | INFO     | Incoming request
2025-09-07 02:53:39 | INFO     | Incoming request
2025-09-07 02:53:39 | INFO     | Response status: 304 NOT MODIFIED
2025-09-07 02:53:39 | INFO     | Response status: 304 NOT MODIFIED
2025-09-07 02:53:40 | INFO     | Incoming request
2025-09-07 02:54:12 | INFO     | Incoming request
2025-09-07 02:54:12 | INFO     | Memoir mode home sidebar
2025-09-07 02:54:12 | INFO     | Response status: 200 OK
2025-09-07 02:54:13 | INFO     | Incoming request
2025-09-07 02:54:13 | INFO     | Response status: 404 NOT FOUND
2025-09-07 02:54:13 | INFO     | Incoming request
2025-09-07 02:54:13 | INFO     | Response status: 304 NOT MODIFIED
2025-09-07 02:54:13 | INFO     | Incoming request
2025-09-07 02:54:13 | INFO     | Response status: 304 NOT MODIFIED
2025-09-07 02:54:13 | INFO     | Incoming request
2025-09-07 02:54:13 | INFO     | Response status: 304 NOT MODIFIED
2025-09-07 02:54:13 | INFO     | Incoming request
2025-09-07 02:54:13 | INFO     | Response status: 304 NOT MODIFIED
2025-09-07 02:54:13 | INFO     | Incoming request
2025-09-07 02:54:13 | INFO     | Response status: 304 NOT MODIFIED
2025-09-07 02:54:13 | INFO     | Incoming request
2025-09-07 02:54:13 | INFO     | Response status: 304 NOT MODIFIED
2025-09-07 02:54:13 | INFO     | Incoming request
2025-09-07 02:54:13 | INFO     | Response status: 304 NOT MODIFIED
2025-09-07 02:54:13 | INFO     | Incoming request
2025-09-07 02:54:13 | INFO     | Incoming request
2025-09-07 02:54:13 | INFO     | Response status: 304 NOT MODIFIED
2025-09-07 02:54:13 | INFO     | Response status: 304 NOT MODIFIED
2025-09-07 02:54:14 | INFO     | Incoming request
