2025-09-06 23:46:25 | INFO     | Flask app created successfully
2025-09-06 23:46:31 | INFO     | Incoming request
2025-09-06 23:46:31 | INFO     | Memoir mode home sidebar
2025-09-06 23:46:31 | INFO     | Response status: 200 OK
2025-09-06 23:46:31 | INFO     | Incoming request
2025-09-06 23:46:31 | INFO     | Incoming request
2025-09-06 23:46:31 | INFO     | Response status: 304 NOT MODIFIED
2025-09-06 23:46:31 | INFO     | Response status: 304 NOT MODIFIED
2025-09-06 23:46:31 | INFO     | Incoming request
2025-09-06 23:46:31 | INFO     | Response status: 304 NOT MODIFIED
2025-09-06 23:46:32 | INFO     | Incoming request
2025-09-06 23:46:32 | INFO     | Response status: 304 NOT MODIFIED
2025-09-06 23:46:32 | INFO     | Incoming request
2025-09-06 23:46:32 | INFO     | Response status: 304 NOT MODIFIED
2025-09-06 23:46:32 | INFO     | Incoming request
2025-09-06 23:46:32 | INFO     | Response status: 304 NOT MODIFIED
2025-09-06 23:46:32 | INFO     | Incoming request
2025-09-06 23:46:32 | INFO     | Response status: 304 NOT MODIFIED
2025-09-06 23:46:32 | INFO     | Incoming request
2025-09-06 23:46:32 | INFO     | Incoming request
2025-09-06 23:46:32 | INFO     | Response status: 304 NOT MODIFIED
2025-09-06 23:46:32 | INFO     | Response status: 304 NOT MODIFIED
2025-09-06 23:46:32 | INFO     | Incoming request
2025-09-06 23:46:32 | INFO     | Response status: 200 OK
2025-09-06 23:46:38 | INFO     | Incoming request
2025-09-06 23:46:38 | INFO     | Incoming request
2025-09-06 23:46:38 | INFO     | Incoming request
2025-09-06 23:46:38 | INFO     | Incoming request
2025-09-06 23:46:38 | INFO     | Response status: 304 NOT MODIFIED
2025-09-06 23:46:38 | INFO     | Response status: 304 NOT MODIFIED
2025-09-06 23:46:38 | INFO     | Response status: 304 NOT MODIFIED
2025-09-06 23:46:38 | INFO     | Response status: 304 NOT MODIFIED
2025-09-06 23:46:40 | INFO     | Incoming request
2025-09-06 23:46:40 | INFO     | Response status: 200 OK
2025-09-06 23:47:13 | INFO     | Incoming request
2025-09-06 23:47:13 | INFO     | Response status: 200 OK
2025-09-06 23:47:16 | INFO     | Incoming request
2025-09-06 23:47:16 | INFO     | Incoming request
2025-09-06 23:47:16 | INFO     | Response status: 304 NOT MODIFIED
2025-09-06 23:47:16 | INFO     | Incoming request
2025-09-06 23:47:16 | INFO     | Response status: 304 NOT MODIFIED
2025-09-06 23:47:16 | INFO     | Response status: 304 NOT MODIFIED
2025-09-06 23:47:36 | INFO     | Incoming request
2025-09-06 23:47:36 | INFO     | Response status: 200 OK
2025-09-06 23:47:36 | INFO     | Incoming request
2025-09-06 23:47:36 | INFO     | Response status: 200 OK
2025-09-06 23:48:38 | INFO     | Incoming request
2025-09-06 23:48:38 | INFO     | Incoming request
2025-09-06 23:48:38 | INFO     | Incoming request
2025-09-06 23:48:38 | INFO     | Response status: 304 NOT MODIFIED
2025-09-06 23:48:38 | INFO     | Response status: 304 NOT MODIFIED
2025-09-06 23:48:38 | INFO     | Response status: 304 NOT MODIFIED
2025-09-06 23:48:39 | INFO     | Incoming request
2025-09-06 23:48:39 | INFO     | Response status: 200 OK
2025-09-06 23:48:42 | INFO     | Incoming request
2025-09-06 23:48:42 | INFO     | Incoming request
2025-09-06 23:48:42 | INFO     | Response status: 304 NOT MODIFIED
2025-09-06 23:48:42 | INFO     | Incoming request
2025-09-06 23:48:42 | INFO     | Response status: 304 NOT MODIFIED
2025-09-06 23:48:42 | INFO     | Response status: 304 NOT MODIFIED
2025-09-06 23:48:44 | INFO     | Incoming request
2025-09-06 23:48:44 | INFO     | Response status: 200 OK
2025-09-06 23:48:47 | INFO     | Incoming request
2025-09-06 23:48:47 | INFO     | Incoming request
2025-09-06 23:48:47 | INFO     | Incoming request
2025-09-06 23:48:47 | INFO     | Response status: 304 NOT MODIFIED
2025-09-06 23:48:47 | INFO     | Response status: 304 NOT MODIFIED
2025-09-06 23:48:47 | INFO     | Response status: 304 NOT MODIFIED
2025-09-06 23:48:49 | INFO     | Incoming request
2025-09-06 23:48:49 | INFO     | Response status: 200 OK
2025-09-06 23:48:50 | INFO     | Incoming request
2025-09-06 23:48:50 | INFO     | Incoming request
2025-09-06 23:48:50 | INFO     | Incoming request
2025-09-06 23:48:50 | INFO     | Response status: 304 NOT MODIFIED
2025-09-06 23:48:50 | INFO     | Response status: 304 NOT MODIFIED
2025-09-06 23:48:50 | INFO     | Response status: 304 NOT MODIFIED
2025-09-06 23:49:57 | INFO     | Incoming request
2025-09-06 23:49:57 | INFO     | Response status: 200 OK
2025-09-06 23:49:57 | INFO     | Incoming request
2025-09-06 23:49:57 | INFO     | Response status: 200 OK
2025-09-06 23:49:59 | INFO     | Incoming request
2025-09-06 23:49:59 | INFO     | Incoming request
2025-09-06 23:49:59 | INFO     | Incoming request
2025-09-06 23:49:59 | INFO     | Response status: 304 NOT MODIFIED
2025-09-06 23:49:59 | INFO     | Response status: 304 NOT MODIFIED
2025-09-06 23:49:59 | INFO     | Response status: 304 NOT MODIFIED
2025-09-06 23:50:00 | INFO     | Incoming request
2025-09-06 23:50:00 | INFO     | Response status: 200 OK
