2025-09-06 16:33:56 | INFO     | Flask app created successfully
2025-09-06 16:34:16 | INFO     | Incoming request
2025-09-06 16:34:16 | INFO     | Memoir mode home sidebar
2025-09-06 16:34:16 | INFO     | Response status: 200 OK
2025-09-06 16:34:16 | INFO     | Incoming request
2025-09-06 16:34:16 | INFO     | Incoming request
2025-09-06 16:34:17 | INFO     | Response status: 304 NOT MODIFIED
2025-09-06 16:34:17 | INFO     | Response status: 304 NOT MODIFIED
2025-09-06 16:34:17 | INFO     | Incoming request
2025-09-06 16:34:17 | INFO     | Response status: 200 OK
2025-09-06 16:34:18 | INFO     | Incoming request
2025-09-06 16:34:18 | INFO     | Response status: 200 OK
2025-09-06 16:34:18 | INFO     | Incoming request
2025-09-06 16:34:18 | INFO     | Incoming request
2025-09-06 16:34:18 | INFO     | Incoming request
2025-09-06 16:34:18 | INFO     | Response status: 304 NOT MODIFIED
2025-09-06 16:34:18 | INFO     | Response status: 304 NOT MODIFIED
2025-09-06 16:34:18 | INFO     | Response status: 200 OK
2025-09-06 16:34:22 | INFO     | Incoming request
2025-09-06 16:34:22 | INFO     | Response status: 200 OK
2025-09-06 16:34:25 | INFO     | Incoming request
2025-09-06 16:34:25 | INFO     | Response status: 200 OK
2025-09-06 16:34:28 | INFO     | Incoming request
2025-09-06 16:34:28 | INFO     | Response status: 200 OK
2025-09-06 16:34:40 | INFO     | Incoming request
2025-09-06 16:34:40 | INFO     | Response status: 200 OK
2025-09-06 16:34:45 | INFO     | Incoming request
2025-09-06 16:34:45 | INFO     | Response status: 200 OK
2025-09-06 16:34:49 | INFO     | Incoming request
2025-09-06 16:34:49 | INFO     | Response status: 304 NOT MODIFIED
2025-09-06 16:34:49 | INFO     | Incoming request
2025-09-06 16:34:49 | INFO     | Response status: 304 NOT MODIFIED
2025-09-06 16:34:49 | INFO     | Incoming request
2025-09-06 16:34:49 | INFO     | Response status: 304 NOT MODIFIED
2025-09-06 16:34:57 | INFO     | Incoming request
2025-09-06 16:34:57 | INFO     | Response status: 200 OK
2025-09-06 16:34:58 | INFO     | Incoming request
2025-09-06 16:34:58 | INFO     | Response status: 200 OK
2025-09-06 16:35:30 | INFO     | Incoming request
2025-09-06 16:35:30 | INFO     | Response status: 200 OK
2025-09-06 16:35:36 | INFO     | Incoming request
2025-09-06 16:35:36 | INFO     | Response status: 200 OK
2025-09-06 16:35:39 | INFO     | Incoming request
2025-09-06 16:35:39 | INFO     | Response status: 200 OK
2025-09-06 16:35:45 | INFO     | Incoming request
2025-09-06 16:35:45 | INFO     | Response status: 200 OK
2025-09-06 16:35:48 | INFO     | Incoming request
2025-09-06 16:35:48 | INFO     | Response status: 200 OK
2025-09-06 16:38:04 | INFO     | Incoming request
2025-09-06 16:38:04 | INFO     | Response status: 200 OK
2025-09-06 16:38:08 | INFO     | Incoming request
2025-09-06 16:38:08 | INFO     | Response status: 200 OK
2025-09-06 16:38:10 | INFO     | Incoming request
2025-09-06 16:38:10 | INFO     | Response status: 200 OK
2025-09-06 16:38:12 | INFO     | Incoming request
2025-09-06 16:38:12 | INFO     | Response status: 200 OK
2025-09-06 16:38:13 | INFO     | Incoming request
2025-09-06 16:38:13 | INFO     | Incoming request
2025-09-06 16:38:13 | INFO     | Incoming request
2025-09-06 16:38:13 | INFO     | Response status: 304 NOT MODIFIED
2025-09-06 16:38:13 | INFO     | Response status: 304 NOT MODIFIED
2025-09-06 16:38:13 | INFO     | Response status: 304 NOT MODIFIED
