2025-09-07 10:33:40 | INFO     | Flask app created successfully
2025-09-07 10:33:45 | INFO     | Incoming request
2025-09-07 10:33:45 | INFO     | Memoir mode home sidebar
2025-09-07 10:33:45 | INFO     | Response status: 200 OK
2025-09-07 10:33:45 | INFO     | Incoming request
2025-09-07 10:33:45 | INFO     | Incoming request
2025-09-07 10:33:46 | INFO     | Response status: 304 NOT MODIFIED
2025-09-07 10:33:46 | INFO     | Response status: 304 NOT MODIFIED
2025-09-07 10:33:46 | INFO     | Incoming request
2025-09-07 10:33:46 | INFO     | Response status: 304 NOT MODIFIED
2025-09-07 10:33:46 | INFO     | Incoming request
2025-09-07 10:33:46 | INFO     | Response status: 304 NOT MODIFIED
2025-09-07 10:33:46 | INFO     | Incoming request
2025-09-07 10:33:46 | INFO     | Response status: 304 NOT MODIFIED
2025-09-07 10:33:46 | INFO     | Incoming request
2025-09-07 10:33:46 | INFO     | Response status: 304 NOT MODIFIED
2025-09-07 10:33:46 | INFO     | Incoming request
2025-09-07 10:33:46 | INFO     | Response status: 304 NOT MODIFIED
2025-09-07 10:33:46 | INFO     | Incoming request
2025-09-07 10:33:46 | INFO     | Incoming request
2025-09-07 10:33:46 | INFO     | Response status: 304 NOT MODIFIED
2025-09-07 10:33:46 | INFO     | Response status: 304 NOT MODIFIED
2025-09-07 10:33:47 | INFO     | Incoming request
2025-09-07 10:33:47 | INFO     | Response status: 200 OK
2025-09-07 10:33:49 | INFO     | Incoming request
2025-09-07 10:33:49 | INFO     | Response status: 200 OK
2025-09-07 10:33:49 | INFO     | Incoming request
2025-09-07 10:33:49 | INFO     | Incoming request
2025-09-07 10:33:49 | INFO     | Incoming request
2025-09-07 10:33:49 | INFO     | Response status: 304 NOT MODIFIED
2025-09-07 10:33:49 | INFO     | Incoming request
2025-09-07 10:33:49 | INFO     | Response status: 304 NOT MODIFIED
2025-09-07 10:33:49 | INFO     | Response status: 304 NOT MODIFIED
2025-09-07 10:33:49 | INFO     | Response status: 304 NOT MODIFIED
2025-09-07 10:33:51 | INFO     | Incoming request
2025-09-07 10:33:51 | INFO     | Response status: 200 OK
2025-09-07 10:33:55 | INFO     | Incoming request
2025-09-07 10:33:55 | INFO     | Incoming request
2025-09-07 10:33:55 | INFO     | Response status: 304 NOT MODIFIED
2025-09-07 10:33:55 | INFO     | Response status: 304 NOT MODIFIED
2025-09-07 10:34:26 | INFO     | Incoming request
2025-09-07 10:34:26 | INFO     | Memoir mode home sidebar
2025-09-07 10:34:26 | INFO     | Response status: 200 OK
2025-09-07 10:34:27 | INFO     | Incoming request
2025-09-07 10:34:27 | INFO     | Response status: 304 NOT MODIFIED
2025-09-07 10:34:27 | INFO     | Incoming request
2025-09-07 10:34:27 | INFO     | Response status: 304 NOT MODIFIED
2025-09-07 10:34:27 | INFO     | Incoming request
2025-09-07 10:34:27 | INFO     | Response status: 304 NOT MODIFIED
2025-09-07 10:34:27 | INFO     | Incoming request
2025-09-07 10:34:27 | INFO     | Response status: 304 NOT MODIFIED
2025-09-07 10:34:27 | INFO     | Incoming request
2025-09-07 10:34:27 | INFO     | Response status: 304 NOT MODIFIED
2025-09-07 10:34:27 | INFO     | Incoming request
2025-09-07 10:34:27 | INFO     | Response status: 304 NOT MODIFIED
2025-09-07 10:34:27 | INFO     | Incoming request
2025-09-07 10:34:27 | INFO     | Response status: 304 NOT MODIFIED
2025-09-07 10:34:27 | INFO     | Incoming request
2025-09-07 10:34:27 | INFO     | Incoming request
2025-09-07 10:34:27 | INFO     | Response status: 304 NOT MODIFIED
2025-09-07 10:34:27 | INFO     | Response status: 304 NOT MODIFIED
2025-09-07 10:34:27 | INFO     | Incoming request
2025-09-07 10:34:27 | INFO     | Response status: 200 OK
2025-09-07 10:34:34 | INFO     | Incoming request
2025-09-07 10:34:34 | INFO     | Response status: 200 OK
2025-09-07 10:34:34 | INFO     | Incoming request
2025-09-07 10:34:34 | INFO     | Response status: 200 OK
2025-09-07 10:34:34 | INFO     | Incoming request
2025-09-07 10:34:34 | INFO     | Response status: 200 OK
2025-09-07 10:34:34 | INFO     | Incoming request
2025-09-07 10:34:34 | INFO     | Response status: 304 NOT MODIFIED
2025-09-07 10:34:39 | INFO     | Incoming request
2025-09-07 10:34:39 | INFO     | Incoming request
2025-09-07 10:34:39 | INFO     | Response status: 304 NOT MODIFIED
2025-09-07 10:34:39 | INFO     | Incoming request
2025-09-07 10:34:39 | INFO     | Response status: 304 NOT MODIFIED
2025-09-07 10:34:39 | INFO     | Response status: 304 NOT MODIFIED
2025-09-07 10:34:43 | INFO     | Incoming request
2025-09-07 10:34:43 | INFO     | Response status: 200 OK
2025-09-07 10:34:46 | INFO     | Incoming request
2025-09-07 10:34:46 | INFO     | Response status: 200 OK
2025-09-07 10:34:46 | INFO     | Incoming request
2025-09-07 10:34:46 | INFO     | Response status: 200 OK
2025-09-07 10:34:46 | INFO     | Incoming request
2025-09-07 10:34:46 | INFO     | Response status: 200 OK
2025-09-07 10:35:12 | INFO     | Incoming request
2025-09-07 10:35:12 | INFO     | Incoming request
2025-09-07 10:35:12 | INFO     | Response status: 304 NOT MODIFIED
2025-09-07 10:35:12 | INFO     | Response status: 304 NOT MODIFIED
2025-09-07 10:35:15 | INFO     | Incoming request
2025-09-07 10:35:15 | INFO     | Response status: 200 OK
2025-09-07 10:35:18 | INFO     | Incoming request
2025-09-07 10:35:18 | INFO     | Response status: 200 OK
2025-09-07 10:35:18 | INFO     | Incoming request
2025-09-07 10:35:18 | INFO     | Response status: 404 NOT FOUND
2025-09-07 10:35:18 | INFO     | Incoming request
2025-09-07 10:35:18 | INFO     | Response status: 304 NOT MODIFIED
2025-09-07 10:35:21 | INFO     | Incoming request
2025-09-07 10:35:21 | INFO     | Response status: 200 OK
2025-09-07 10:35:22 | INFO     | Incoming request
2025-09-07 10:35:22 | INFO     | Response status: 404 NOT FOUND
2025-09-07 10:35:22 | INFO     | Incoming request
2025-09-07 10:35:22 | INFO     | Response status: 304 NOT MODIFIED
2025-09-07 10:36:02 | INFO     | Incoming request
2025-09-07 10:36:02 | INFO     | Response status: 200 OK
2025-09-07 10:36:02 | INFO     | Incoming request
2025-09-07 10:36:02 | INFO     | Response status: 404 NOT FOUND
2025-09-07 10:36:02 | INFO     | Incoming request
2025-09-07 10:36:02 | INFO     | Incoming request
2025-09-07 10:36:02 | INFO     | Response status: 304 NOT MODIFIED
2025-09-07 10:36:02 | INFO     | Incoming request
2025-09-07 10:36:02 | INFO     | Response status: 304 NOT MODIFIED
2025-09-07 10:36:02 | INFO     | Incoming request
2025-09-07 10:36:02 | INFO     | Response status: 304 NOT MODIFIED
2025-09-07 10:36:02 | INFO     | Response status: 304 NOT MODIFIED
2025-09-07 10:38:28 | INFO     | Incoming request
2025-09-07 10:38:28 | INFO     | Response status: 200 OK
2025-09-07 10:38:28 | INFO     | Incoming request
2025-09-07 10:38:28 | INFO     | Response status: 404 NOT FOUND
2025-09-07 10:38:28 | INFO     | Incoming request
2025-09-07 10:38:28 | INFO     | Response status: 304 NOT MODIFIED
2025-09-07 10:38:28 | INFO     | Incoming request
2025-09-07 10:38:28 | INFO     | Incoming request
2025-09-07 10:38:28 | INFO     | Response status: 304 NOT MODIFIED
2025-09-07 10:38:28 | INFO     | Incoming request
2025-09-07 10:38:28 | INFO     | Response status: 304 NOT MODIFIED
2025-09-07 10:38:28 | INFO     | Response status: 304 NOT MODIFIED
2025-09-07 10:38:31 | INFO     | Incoming request
2025-09-07 10:38:31 | INFO     | Memoir mode home sidebar
2025-09-07 10:38:31 | INFO     | Response status: 200 OK
2025-09-07 10:38:31 | INFO     | Incoming request
2025-09-07 10:38:31 | INFO     | Response status: 304 NOT MODIFIED
2025-09-07 10:38:31 | INFO     | Incoming request
2025-09-07 10:38:31 | INFO     | Response status: 304 NOT MODIFIED
2025-09-07 10:38:31 | INFO     | Incoming request
2025-09-07 10:38:31 | INFO     | Response status: 304 NOT MODIFIED
2025-09-07 10:38:31 | INFO     | Incoming request
2025-09-07 10:38:31 | INFO     | Response status: 304 NOT MODIFIED
2025-09-07 10:38:31 | INFO     | Incoming request
2025-09-07 10:38:31 | INFO     | Response status: 304 NOT MODIFIED
2025-09-07 10:38:31 | INFO     | Incoming request
2025-09-07 10:38:31 | INFO     | Response status: 304 NOT MODIFIED
2025-09-07 10:38:31 | INFO     | Incoming request
2025-09-07 10:38:31 | INFO     | Response status: 304 NOT MODIFIED
2025-09-07 10:38:31 | INFO     | Incoming request
2025-09-07 10:38:31 | INFO     | Incoming request
2025-09-07 10:38:31 | INFO     | Response status: 304 NOT MODIFIED
2025-09-07 10:38:31 | INFO     | Response status: 304 NOT MODIFIED
2025-09-07 10:38:32 | INFO     | Incoming request
2025-09-07 10:38:32 | INFO     | Response status: 200 OK
2025-09-07 10:38:36 | INFO     | Incoming request
2025-09-07 10:38:36 | INFO     | Response status: 200 OK
2025-09-07 10:38:36 | INFO     | Incoming request
2025-09-07 10:38:36 | INFO     | Response status: 304 NOT MODIFIED
2025-09-07 10:38:36 | INFO     | Incoming request
2025-09-07 10:38:36 | INFO     | Incoming request
2025-09-07 10:38:36 | INFO     | Response status: 304 NOT MODIFIED
2025-09-07 10:38:36 | INFO     | Incoming request
2025-09-07 10:38:36 | INFO     | Response status: 304 NOT MODIFIED
2025-09-07 10:38:36 | INFO     | Response status: 304 NOT MODIFIED
2025-09-07 10:38:38 | INFO     | Incoming request
2025-09-07 10:38:38 | INFO     | Response status: 200 OK
2025-09-07 10:38:42 | INFO     | Incoming request
2025-09-07 10:38:42 | INFO     | Response status: 200 OK
2025-09-07 10:38:42 | INFO     | Incoming request
2025-09-07 10:38:42 | INFO     | Response status: 404 NOT FOUND
2025-09-07 10:38:42 | INFO     | Incoming request
2025-09-07 10:38:42 | INFO     | Response status: 304 NOT MODIFIED
2025-09-07 10:38:47 | INFO     | Incoming request
2025-09-07 10:38:47 | INFO     | Response status: 304 NOT MODIFIED
2025-09-07 10:38:47 | INFO     | Incoming request
2025-09-07 10:38:47 | INFO     | Response status: 304 NOT MODIFIED
2025-09-07 10:38:47 | INFO     | Incoming request
2025-09-07 10:38:47 | INFO     | Response status: 304 NOT MODIFIED
2025-09-07 10:38:47 | INFO     | Incoming request
2025-09-07 10:38:47 | INFO     | Response status: 304 NOT MODIFIED
2025-09-07 10:38:47 | INFO     | Incoming request
2025-09-07 10:38:47 | INFO     | Incoming request
2025-09-07 10:38:47 | INFO     | Response status: 304 NOT MODIFIED
2025-09-07 10:38:47 | INFO     | Response status: 304 NOT MODIFIED
2025-09-07 10:38:47 | INFO     | Incoming request
2025-09-07 10:38:47 | INFO     | Response status: 200 OK
2025-09-07 10:39:17 | INFO     | Incoming request
2025-09-07 10:39:17 | INFO     | Response status: 200 OK
2025-09-07 10:39:17 | INFO     | Incoming request
2025-09-07 10:39:17 | INFO     | Response status: 404 NOT FOUND
2025-09-07 10:39:17 | INFO     | Incoming request
2025-09-07 10:39:17 | INFO     | Incoming request
2025-09-07 10:39:17 | INFO     | Response status: 304 NOT MODIFIED
2025-09-07 10:39:17 | INFO     | Response status: 304 NOT MODIFIED
2025-09-07 10:39:17 | INFO     | Incoming request
2025-09-07 10:39:17 | INFO     | Incoming request
2025-09-07 10:39:17 | INFO     | Response status: 304 NOT MODIFIED
2025-09-07 10:39:18 | INFO     | Response status: 304 NOT MODIFIED
2025-09-07 10:39:21 | INFO     | Incoming request
2025-09-07 10:39:21 | INFO     | Response status: 200 OK
2025-09-07 10:39:21 | INFO     | Incoming request
2025-09-07 10:39:21 | INFO     | Response status: 404 NOT FOUND
2025-09-07 10:39:21 | INFO     | Incoming request
2025-09-07 10:39:21 | INFO     | Response status: 304 NOT MODIFIED
2025-09-07 10:39:34 | INFO     | Incoming request
2025-09-07 10:39:34 | INFO     | Response status: 302 FOUND
2025-09-07 10:39:34 | INFO     | Incoming request
2025-09-07 10:39:34 | INFO     | Response status: 200 OK
2025-09-07 10:39:34 | INFO     | Incoming request
2025-09-07 10:39:34 | INFO     | Response status: 404 NOT FOUND
2025-09-07 10:39:34 | INFO     | Incoming request
2025-09-07 10:39:34 | INFO     | Response status: 304 NOT MODIFIED
2025-09-07 10:39:38 | INFO     | Incoming request
2025-09-07 10:39:38 | INFO     | Memoir mode home sidebar
2025-09-07 10:39:38 | INFO     | Response status: 200 OK
2025-09-07 10:39:38 | INFO     | Incoming request
2025-09-07 10:39:38 | INFO     | Response status: 304 NOT MODIFIED
2025-09-07 10:39:38 | INFO     | Incoming request
2025-09-07 10:39:38 | INFO     | Response status: 304 NOT MODIFIED
2025-09-07 10:39:38 | INFO     | Incoming request
2025-09-07 10:39:38 | INFO     | Response status: 304 NOT MODIFIED
2025-09-07 10:39:38 | INFO     | Incoming request
2025-09-07 10:39:38 | INFO     | Response status: 304 NOT MODIFIED
2025-09-07 10:39:38 | INFO     | Incoming request
2025-09-07 10:39:38 | INFO     | Response status: 304 NOT MODIFIED
2025-09-07 10:39:38 | INFO     | Incoming request
2025-09-07 10:39:38 | INFO     | Response status: 304 NOT MODIFIED
2025-09-07 10:39:38 | INFO     | Incoming request
2025-09-07 10:39:38 | INFO     | Response status: 304 NOT MODIFIED
2025-09-07 10:39:38 | INFO     | Incoming request
2025-09-07 10:39:38 | INFO     | Incoming request
2025-09-07 10:39:38 | INFO     | Response status: 304 NOT MODIFIED
2025-09-07 10:39:38 | INFO     | Response status: 304 NOT MODIFIED
2025-09-07 10:39:39 | INFO     | Incoming request
2025-09-07 10:39:39 | INFO     | Response status: 200 OK
2025-09-07 10:39:40 | INFO     | Incoming request
2025-09-07 10:39:40 | INFO     | Response status: 200 OK
2025-09-07 10:39:40 | INFO     | Incoming request
2025-09-07 10:39:40 | INFO     | Incoming request
2025-09-07 10:39:40 | INFO     | Response status: 304 NOT MODIFIED
2025-09-07 10:39:40 | INFO     | Response status: 304 NOT MODIFIED
2025-09-07 10:39:40 | INFO     | Incoming request
2025-09-07 10:39:40 | INFO     | Incoming request
2025-09-07 10:39:40 | INFO     | Response status: 304 NOT MODIFIED
2025-09-07 10:39:40 | INFO     | Response status: 304 NOT MODIFIED
2025-09-07 10:39:44 | INFO     | Incoming request
2025-09-07 10:39:44 | INFO     | Response status: 200 OK
