2025-09-07 03:57:42 | INFO     | Flask app created successfully
2025-09-07 03:58:08 | INFO     | Incoming request
2025-09-07 03:58:08 | INFO     | Memoir mode home sidebar
2025-09-07 03:58:08 | INFO     | Response status: 200 OK
2025-09-07 03:58:08 | INFO     | Incoming request
2025-09-07 03:58:08 | INFO     | Incoming request
2025-09-07 03:58:09 | INFO     | Response status: 304 NOT MODIFIED
2025-09-07 03:58:09 | INFO     | Response status: 200 OK
2025-09-07 03:58:09 | INFO     | Incoming request
2025-09-07 03:58:09 | INFO     | Response status: 304 NOT MODIFIED
2025-09-07 03:58:09 | INFO     | Incoming request
2025-09-07 03:58:09 | INFO     | Response status: 304 NOT MODIFIED
2025-09-07 03:58:09 | INFO     | Incoming request
2025-09-07 03:58:09 | INFO     | Response status: 304 NOT MODIFIED
2025-09-07 03:58:09 | INFO     | Incoming request
2025-09-07 03:58:09 | INFO     | Response status: 304 NOT MODIFIED
2025-09-07 03:58:09 | INFO     | Incoming request
2025-09-07 03:58:09 | INFO     | Response status: 304 NOT MODIFIED
2025-09-07 03:58:09 | INFO     | Incoming request
2025-09-07 03:58:09 | INFO     | Incoming request
2025-09-07 03:58:09 | INFO     | Response status: 304 NOT MODIFIED
2025-09-07 03:58:09 | INFO     | Response status: 304 NOT MODIFIED
2025-09-07 03:58:10 | INFO     | Incoming request
2025-09-07 03:58:10 | INFO     | Response status: 200 OK
2025-09-07 03:58:12 | INFO     | Incoming request
2025-09-07 03:58:12 | INFO     | Response status: 200 OK
2025-09-07 03:58:12 | INFO     | Incoming request
2025-09-07 03:58:12 | INFO     | Response status: 404 NOT FOUND
2025-09-07 03:58:12 | INFO     | Incoming request
2025-09-07 03:58:12 | INFO     | Incoming request
2025-09-07 03:58:12 | INFO     | Response status: 304 NOT MODIFIED
2025-09-07 03:58:12 | INFO     | Response status: 304 NOT MODIFIED
2025-09-07 03:58:12 | INFO     | Incoming request
2025-09-07 03:58:12 | INFO     | Response status: 304 NOT MODIFIED
2025-09-07 03:58:12 | INFO     | Incoming request
2025-09-07 03:58:12 | INFO     | Response status: 304 NOT MODIFIED
2025-09-07 03:58:17 | INFO     | Incoming request
2025-09-07 03:58:17 | INFO     | Response status: 304 NOT MODIFIED
2025-09-07 03:58:17 | INFO     | Incoming request
2025-09-07 03:58:17 | INFO     | Response status: 304 NOT MODIFIED
2025-09-07 03:58:17 | INFO     | Incoming request
2025-09-07 03:58:17 | INFO     | Response status: 304 NOT MODIFIED
2025-09-07 03:58:17 | INFO     | Incoming request
2025-09-07 03:58:17 | INFO     | Response status: 304 NOT MODIFIED
2025-09-07 03:58:17 | INFO     | Incoming request
2025-09-07 03:58:17 | INFO     | Incoming request
2025-09-07 03:58:17 | INFO     | Response status: 304 NOT MODIFIED
2025-09-07 03:58:17 | INFO     | Response status: 304 NOT MODIFIED
2025-09-07 03:58:18 | INFO     | Incoming request
2025-09-07 03:58:18 | INFO     | Response status: 200 OK
2025-09-07 03:58:19 | INFO     | Incoming request
2025-09-07 03:58:19 | INFO     | Response status: 200 OK
2025-09-07 03:58:19 | INFO     | Incoming request
2025-09-07 03:58:19 | INFO     | Incoming request
2025-09-07 03:58:19 | INFO     | Incoming request
2025-09-07 03:58:19 | INFO     | Response status: 304 NOT MODIFIED
2025-09-07 03:58:19 | INFO     | Incoming request
2025-09-07 03:58:19 | INFO     | Response status: 304 NOT MODIFIED
2025-09-07 03:58:19 | INFO     | Response status: 304 NOT MODIFIED
2025-09-07 03:58:19 | INFO     | Response status: 304 NOT MODIFIED
2025-09-07 03:58:21 | INFO     | Incoming request
2025-09-07 03:58:21 | INFO     | Response status: 200 OK
2025-09-07 03:58:23 | INFO     | Incoming request
2025-09-07 03:58:23 | INFO     | Response status: 200 OK
2025-09-07 03:58:24 | INFO     | Incoming request
2025-09-07 03:58:24 | INFO     | Incoming request
2025-09-07 03:58:24 | INFO     | Response status: 404 NOT FOUND
2025-09-07 03:58:24 | INFO     | Response status: 304 NOT MODIFIED
2025-09-07 03:58:45 | INFO     | Incoming request
2025-09-07 03:58:45 | INFO     | Response status: 304 NOT MODIFIED
2025-09-07 03:58:45 | INFO     | Incoming request
2025-09-07 03:58:45 | INFO     | Response status: 304 NOT MODIFIED
2025-09-07 03:58:45 | INFO     | Incoming request
2025-09-07 03:58:45 | INFO     | Response status: 304 NOT MODIFIED
2025-09-07 03:58:45 | INFO     | Incoming request
2025-09-07 03:58:45 | INFO     | Response status: 304 NOT MODIFIED
2025-09-07 03:58:45 | INFO     | Incoming request
2025-09-07 03:58:45 | INFO     | Incoming request
2025-09-07 03:58:45 | INFO     | Response status: 304 NOT MODIFIED
2025-09-07 03:58:45 | INFO     | Response status: 304 NOT MODIFIED
2025-09-07 03:58:45 | INFO     | Incoming request
2025-09-07 03:58:45 | INFO     | Response status: 200 OK
2025-09-07 03:58:48 | INFO     | Incoming request
2025-09-07 03:58:48 | INFO     | Response status: 200 OK
2025-09-07 03:58:48 | INFO     | Incoming request
2025-09-07 03:58:48 | INFO     | Response status: 404 NOT FOUND
2025-09-07 03:58:48 | INFO     | Incoming request
2025-09-07 03:58:48 | INFO     | Incoming request
2025-09-07 03:58:48 | INFO     | Response status: 304 NOT MODIFIED
2025-09-07 03:58:48 | INFO     | Incoming request
2025-09-07 03:58:48 | INFO     | Response status: 304 NOT MODIFIED
2025-09-07 03:58:48 | INFO     | Response status: 304 NOT MODIFIED
2025-09-07 03:58:48 | INFO     | Incoming request
2025-09-07 03:58:48 | INFO     | Response status: 304 NOT MODIFIED
2025-09-07 03:58:51 | INFO     | Incoming request
2025-09-07 03:58:51 | INFO     | Response status: 304 NOT MODIFIED
2025-09-07 03:58:51 | INFO     | Incoming request
2025-09-07 03:58:51 | INFO     | Response status: 304 NOT MODIFIED
2025-09-07 03:58:51 | INFO     | Incoming request
2025-09-07 03:58:51 | INFO     | Response status: 304 NOT MODIFIED
2025-09-07 03:58:51 | INFO     | Incoming request
2025-09-07 03:58:51 | INFO     | Response status: 304 NOT MODIFIED
2025-09-07 03:58:51 | INFO     | Incoming request
2025-09-07 03:58:51 | INFO     | Incoming request
2025-09-07 03:58:51 | INFO     | Response status: 304 NOT MODIFIED
2025-09-07 03:58:51 | INFO     | Response status: 304 NOT MODIFIED
2025-09-07 03:58:52 | INFO     | Incoming request
2025-09-07 03:58:52 | INFO     | Response status: 200 OK
2025-09-07 03:58:53 | INFO     | Incoming request
2025-09-07 03:58:53 | INFO     | Response status: 200 OK
2025-09-07 03:58:53 | INFO     | Incoming request
2025-09-07 03:58:53 | INFO     | Response status: 304 NOT MODIFIED
2025-09-07 03:58:53 | INFO     | Incoming request
2025-09-07 03:58:53 | INFO     | Incoming request
2025-09-07 03:58:53 | INFO     | Incoming request
2025-09-07 03:58:53 | INFO     | Response status: 304 NOT MODIFIED
2025-09-07 03:58:53 | INFO     | Response status: 304 NOT MODIFIED
2025-09-07 03:58:53 | INFO     | Response status: 304 NOT MODIFIED
2025-09-07 03:58:54 | INFO     | Incoming request
2025-09-07 03:58:54 | INFO     | Response status: 200 OK
2025-09-07 03:58:56 | INFO     | Incoming request
2025-09-07 03:58:56 | INFO     | Response status: 200 OK
2025-09-07 03:58:56 | INFO     | Incoming request
2025-09-07 03:58:56 | INFO     | Response status: 404 NOT FOUND
2025-09-07 03:58:56 | INFO     | Incoming request
2025-09-07 03:58:56 | INFO     | Response status: 304 NOT MODIFIED
2025-09-07 03:59:03 | INFO     | Incoming request
2025-09-07 03:59:03 | INFO     | Response status: 304 NOT MODIFIED
2025-09-07 03:59:03 | INFO     | Incoming request
2025-09-07 03:59:03 | INFO     | Response status: 304 NOT MODIFIED
2025-09-07 03:59:03 | INFO     | Incoming request
2025-09-07 03:59:03 | INFO     | Response status: 304 NOT MODIFIED
2025-09-07 03:59:03 | INFO     | Incoming request
2025-09-07 03:59:03 | INFO     | Response status: 304 NOT MODIFIED
2025-09-07 03:59:03 | INFO     | Incoming request
2025-09-07 03:59:03 | INFO     | Incoming request
2025-09-07 03:59:03 | INFO     | Response status: 304 NOT MODIFIED
2025-09-07 03:59:03 | INFO     | Response status: 304 NOT MODIFIED
2025-09-07 03:59:04 | INFO     | Incoming request
2025-09-07 03:59:04 | INFO     | Response status: 200 OK
2025-09-07 04:00:51 | INFO     | Incoming request
2025-09-07 04:00:51 | INFO     | Response status: 200 OK
2025-09-07 04:00:51 | INFO     | Incoming request
2025-09-07 04:00:51 | INFO     | Response status: 200 OK
2025-09-07 04:00:51 | INFO     | Incoming request
2025-09-07 04:00:51 | INFO     | Response status: 304 NOT MODIFIED
2025-09-07 04:01:06 | INFO     | Incoming request
2025-09-07 04:01:06 | INFO     | Incoming request
2025-09-07 04:01:06 | INFO     | Incoming request
2025-09-07 04:01:06 | INFO     | Response status: 304 NOT MODIFIED
2025-09-07 04:01:06 | INFO     | Response status: 304 NOT MODIFIED
2025-09-07 04:01:06 | INFO     | Response status: 304 NOT MODIFIED
2025-09-07 04:01:11 | INFO     | Incoming request
2025-09-07 04:01:11 | INFO     | Response status: 200 OK
2025-09-07 04:01:50 | INFO     | Incoming request
2025-09-07 04:01:50 | INFO     | Response status: 200 OK
2025-09-07 04:01:54 | INFO     | Incoming request
2025-09-07 04:01:54 | INFO     | Incoming request
2025-09-07 04:01:54 | INFO     | Incoming request
2025-09-07 04:01:54 | INFO     | Response status: 304 NOT MODIFIED
2025-09-07 04:01:54 | INFO     | Response status: 304 NOT MODIFIED
2025-09-07 04:01:54 | INFO     | Response status: 304 NOT MODIFIED
2025-09-07 04:01:56 | INFO     | Incoming request
2025-09-07 04:01:56 | INFO     | Response status: 200 OK
2025-09-07 04:01:56 | INFO     | Incoming request
2025-09-07 04:01:56 | INFO     | Response status: 200 OK
2025-09-07 04:01:56 | INFO     | Incoming request
2025-09-07 04:01:56 | INFO     | Response status: 200 OK
2025-09-07 04:01:57 | INFO     | Incoming request
2025-09-07 04:01:57 | INFO     | Response status: 200 OK
2025-09-07 04:02:02 | INFO     | Incoming request
2025-09-07 04:02:02 | INFO     | Incoming request
2025-09-07 04:02:02 | INFO     | Incoming request
2025-09-07 04:02:02 | INFO     | Response status: 304 NOT MODIFIED
2025-09-07 04:02:02 | INFO     | Incoming request
2025-09-07 04:02:02 | INFO     | Response status: 304 NOT MODIFIED
2025-09-07 04:02:02 | INFO     | Response status: 304 NOT MODIFIED
2025-09-07 04:02:02 | INFO     | Response status: 304 NOT MODIFIED
2025-09-07 04:02:04 | INFO     | Incoming request
2025-09-07 04:02:04 | INFO     | Response status: 200 OK
2025-09-07 04:02:04 | INFO     | Incoming request
2025-09-07 04:02:04 | INFO     | Response status: 200 OK
2025-09-07 04:02:04 | INFO     | Incoming request
2025-09-07 04:02:04 | INFO     | Response status: 200 OK
2025-09-07 04:02:04 | INFO     | Incoming request
2025-09-07 04:02:04 | INFO     | Response status: 304 NOT MODIFIED
2025-09-07 04:02:06 | INFO     | Incoming request
2025-09-07 04:02:06 | INFO     | Incoming request
2025-09-07 04:02:06 | INFO     | Response status: 304 NOT MODIFIED
2025-09-07 04:02:06 | INFO     | Response status: 304 NOT MODIFIED
2025-09-07 04:02:06 | INFO     | Incoming request
2025-09-07 04:02:06 | INFO     | Incoming request
2025-09-07 04:02:06 | INFO     | Response status: 304 NOT MODIFIED
2025-09-07 04:02:06 | INFO     | Response status: 304 NOT MODIFIED
2025-09-07 04:04:07 | INFO     | Incoming request
2025-09-07 04:04:07 | INFO     | Response status: 200 OK
2025-09-07 04:04:09 | INFO     | Incoming request
2025-09-07 04:04:09 | INFO     | Response status: 200 OK
2025-09-07 04:04:09 | INFO     | Incoming request
2025-09-07 04:04:09 | INFO     | Response status: 404 NOT FOUND
2025-09-07 04:04:09 | INFO     | Incoming request
2025-09-07 04:04:09 | INFO     | Response status: 304 NOT MODIFIED
2025-09-07 04:04:34 | INFO     | Incoming request
2025-09-07 04:04:34 | INFO     | Response status: 200 OK
2025-09-07 04:04:34 | INFO     | Incoming request
2025-09-07 04:04:34 | INFO     | Response status: 404 NOT FOUND
2025-09-07 04:05:09 | INFO     | Incoming request
2025-09-07 04:05:09 | INFO     | Response status: 304 NOT MODIFIED
2025-09-07 04:05:09 | INFO     | Incoming request
2025-09-07 04:05:09 | INFO     | Response status: 304 NOT MODIFIED
2025-09-07 04:05:09 | INFO     | Incoming request
2025-09-07 04:05:09 | INFO     | Response status: 304 NOT MODIFIED
2025-09-07 04:05:09 | INFO     | Incoming request
2025-09-07 04:05:09 | INFO     | Response status: 304 NOT MODIFIED
2025-09-07 04:05:09 | INFO     | Incoming request
2025-09-07 04:05:09 | INFO     | Incoming request
2025-09-07 04:05:09 | INFO     | Response status: 304 NOT MODIFIED
2025-09-07 04:05:09 | INFO     | Response status: 304 NOT MODIFIED
2025-09-07 04:05:09 | INFO     | Incoming request
2025-09-07 04:05:09 | INFO     | Response status: 200 OK
2025-09-07 04:05:11 | INFO     | Incoming request
2025-09-07 04:05:11 | INFO     | Response status: 200 OK
2025-09-07 04:05:11 | INFO     | Incoming request
2025-09-07 04:05:11 | INFO     | Incoming request
2025-09-07 04:05:11 | INFO     | Response status: 304 NOT MODIFIED
2025-09-07 04:05:11 | INFO     | Incoming request
2025-09-07 04:05:11 | INFO     | Response status: 304 NOT MODIFIED
2025-09-07 04:05:11 | INFO     | Incoming request
2025-09-07 04:05:11 | INFO     | Response status: 304 NOT MODIFIED
2025-09-07 04:05:11 | INFO     | Incoming request
2025-09-07 04:05:11 | INFO     | Response status: 304 NOT MODIFIED
2025-09-07 04:05:11 | INFO     | Response status: 304 NOT MODIFIED
2025-09-07 04:05:14 | INFO     | Incoming request
2025-09-07 04:05:14 | INFO     | Response status: 200 OK
2025-09-07 04:05:14 | INFO     | Incoming request
2025-09-07 04:05:14 | INFO     | Response status: 200 OK
2025-09-07 04:05:16 | INFO     | Incoming request
2025-09-07 04:05:16 | INFO     | Incoming request
2025-09-07 04:05:16 | INFO     | Incoming request
2025-09-07 04:05:16 | INFO     | Response status: 304 NOT MODIFIED
2025-09-07 04:05:16 | INFO     | Response status: 304 NOT MODIFIED
2025-09-07 04:05:16 | INFO     | Incoming request
2025-09-07 04:05:16 | INFO     | Response status: 304 NOT MODIFIED
2025-09-07 04:05:16 | INFO     | Response status: 304 NOT MODIFIED
2025-09-07 04:05:18 | INFO     | Incoming request
2025-09-07 04:05:18 | INFO     | Response status: 200 OK
2025-09-07 04:05:19 | INFO     | Incoming request
2025-09-07 04:05:19 | INFO     | Incoming request
2025-09-07 04:05:19 | INFO     | Incoming request
2025-09-07 04:05:19 | INFO     | Incoming request
2025-09-07 04:05:19 | INFO     | Response status: 304 NOT MODIFIED
2025-09-07 04:05:19 | INFO     | Response status: 304 NOT MODIFIED
2025-09-07 04:05:19 | INFO     | Response status: 304 NOT MODIFIED
2025-09-07 04:05:19 | INFO     | Response status: 304 NOT MODIFIED
2025-09-07 04:05:21 | INFO     | Incoming request
2025-09-07 04:05:21 | INFO     | Response status: 200 OK
2025-09-07 04:05:26 | INFO     | Incoming request
2025-09-07 04:05:26 | INFO     | Incoming request
2025-09-07 04:05:26 | INFO     | Response status: 304 NOT MODIFIED
2025-09-07 04:05:26 | INFO     | Incoming request
2025-09-07 04:05:26 | INFO     | Response status: 304 NOT MODIFIED
2025-09-07 04:05:26 | INFO     | Response status: 304 NOT MODIFIED
2025-09-07 04:05:26 | INFO     | Incoming request
2025-09-07 04:05:26 | INFO     | Response status: 304 NOT MODIFIED
2025-09-07 04:05:59 | INFO     | Incoming request
2025-09-07 04:05:59 | INFO     | Response status: 200 OK
2025-09-07 04:05:59 | INFO     | Incoming request
2025-09-07 04:05:59 | INFO     | Response status: 404 NOT FOUND
2025-09-07 04:05:59 | INFO     | Incoming request
2025-09-07 04:05:59 | INFO     | Incoming request
2025-09-07 04:05:59 | INFO     | Response status: 304 NOT MODIFIED
2025-09-07 04:05:59 | INFO     | Incoming request
2025-09-07 04:05:59 | INFO     | Response status: 304 NOT MODIFIED
2025-09-07 04:05:59 | INFO     | Incoming request
2025-09-07 04:05:59 | INFO     | Response status: 304 NOT MODIFIED
2025-09-07 04:05:59 | INFO     | Incoming request
2025-09-07 04:05:59 | INFO     | Response status: 304 NOT MODIFIED
2025-09-07 04:05:59 | INFO     | Response status: 304 NOT MODIFIED
2025-09-07 04:06:01 | INFO     | Incoming request
2025-09-07 04:06:01 | INFO     | Response status: 200 OK
2025-09-07 04:06:02 | INFO     | Incoming request
2025-09-07 04:06:02 | INFO     | Response status: 200 OK
2025-09-07 04:06:02 | INFO     | Incoming request
2025-09-07 04:06:02 | INFO     | Response status: 404 NOT FOUND
2025-09-07 04:06:02 | INFO     | Incoming request
2025-09-07 04:06:02 | INFO     | Response status: 304 NOT MODIFIED
2025-09-07 04:11:38 | INFO     | Incoming request
2025-09-07 04:11:38 | INFO     | Response status: 200 OK
2025-09-07 04:11:38 | INFO     | Incoming request
2025-09-07 04:11:38 | INFO     | Response status: 404 NOT FOUND
2025-09-07 04:11:38 | INFO     | Incoming request
2025-09-07 04:11:38 | INFO     | Incoming request
2025-09-07 04:11:38 | INFO     | Response status: 304 NOT MODIFIED
2025-09-07 04:11:38 | INFO     | Incoming request
2025-09-07 04:11:38 | INFO     | Response status: 304 NOT MODIFIED
2025-09-07 04:11:38 | INFO     | Incoming request
2025-09-07 04:11:38 | INFO     | Incoming request
2025-09-07 04:11:38 | INFO     | Response status: 304 NOT MODIFIED
2025-09-07 04:11:38 | INFO     | Response status: 304 NOT MODIFIED
2025-09-07 04:11:38 | INFO     | Response status: 304 NOT MODIFIED
2025-09-07 04:11:40 | INFO     | Incoming request
2025-09-07 04:11:40 | INFO     | Memoir mode home sidebar
2025-09-07 04:11:40 | INFO     | Response status: 200 OK
2025-09-07 04:11:40 | INFO     | Incoming request
2025-09-07 04:11:40 | INFO     | Response status: 304 NOT MODIFIED
2025-09-07 04:11:40 | INFO     | Incoming request
2025-09-07 04:11:40 | INFO     | Response status: 304 NOT MODIFIED
2025-09-07 04:11:40 | INFO     | Incoming request
2025-09-07 04:11:40 | INFO     | Response status: 304 NOT MODIFIED
2025-09-07 04:11:40 | INFO     | Incoming request
2025-09-07 04:11:40 | INFO     | Response status: 304 NOT MODIFIED
2025-09-07 04:11:40 | INFO     | Incoming request
2025-09-07 04:11:40 | INFO     | Response status: 304 NOT MODIFIED
2025-09-07 04:11:40 | INFO     | Incoming request
2025-09-07 04:11:40 | INFO     | Response status: 304 NOT MODIFIED
2025-09-07 04:11:40 | INFO     | Incoming request
2025-09-07 04:11:40 | INFO     | Response status: 304 NOT MODIFIED
2025-09-07 04:11:40 | INFO     | Incoming request
2025-09-07 04:11:40 | INFO     | Incoming request
2025-09-07 04:11:40 | INFO     | Response status: 304 NOT MODIFIED
2025-09-07 04:11:40 | INFO     | Response status: 304 NOT MODIFIED
2025-09-07 04:11:41 | INFO     | Incoming request
2025-09-07 04:11:41 | INFO     | Response status: 200 OK
2025-09-07 04:11:45 | INFO     | Incoming request
2025-09-07 04:11:45 | INFO     | Response status: 200 OK
2025-09-07 04:11:45 | INFO     | Incoming request
2025-09-07 04:11:45 | INFO     | Response status: 404 NOT FOUND
2025-09-07 04:11:45 | INFO     | Incoming request
2025-09-07 04:11:45 | INFO     | Incoming request
2025-09-07 04:11:45 | INFO     | Incoming request
2025-09-07 04:11:45 | INFO     | Response status: 304 NOT MODIFIED
2025-09-07 04:11:45 | INFO     | Incoming request
2025-09-07 04:11:45 | INFO     | Response status: 304 NOT MODIFIED
2025-09-07 04:11:45 | INFO     | Incoming request
2025-09-07 04:11:45 | INFO     | Response status: 304 NOT MODIFIED
2025-09-07 04:11:45 | INFO     | Response status: 304 NOT MODIFIED
2025-09-07 04:11:45 | INFO     | Response status: 304 NOT MODIFIED
