2025-09-07 09:58:26 | INFO     | Flask app created successfully
2025-09-07 09:58:31 | INFO     | Incoming request
2025-09-07 09:58:31 | INFO     | Memoir mode home sidebar
2025-09-07 09:58:31 | INFO     | Response status: 200 OK
2025-09-07 09:58:31 | INFO     | Incoming request
2025-09-07 09:58:31 | INFO     | Incoming request
2025-09-07 09:58:31 | INFO     | Response status: 200 OK
2025-09-07 09:58:31 | INFO     | Response status: 200 OK
2025-09-07 09:58:31 | INFO     | Incoming request
2025-09-07 09:58:31 | INFO     | Response status: 304 NOT MODIFIED
2025-09-07 09:58:32 | INFO     | Incoming request
2025-09-07 09:58:32 | INFO     | Response status: 304 NOT MODIFIED
2025-09-07 09:58:32 | INFO     | Incoming request
2025-09-07 09:58:32 | INFO     | Response status: 304 NOT MODIFIED
2025-09-07 09:58:32 | INFO     | Incoming request
2025-09-07 09:58:32 | INFO     | Response status: 304 NOT MODIFIED
2025-09-07 09:58:32 | INFO     | Incoming request
2025-09-07 09:58:32 | INFO     | Response status: 304 NOT MODIFIED
2025-09-07 09:58:32 | INFO     | Incoming request
2025-09-07 09:58:32 | INFO     | Incoming request
2025-09-07 09:58:32 | INFO     | Response status: 304 NOT MODIFIED
2025-09-07 09:58:32 | INFO     | Response status: 304 NOT MODIFIED
2025-09-07 09:58:32 | INFO     | Incoming request
2025-09-07 09:58:32 | INFO     | Response status: 200 OK
2025-09-07 09:58:37 | INFO     | Incoming request
2025-09-07 09:58:37 | INFO     | Response status: 200 OK
2025-09-07 09:58:37 | INFO     | Incoming request
2025-09-07 09:58:37 | INFO     | Response status: 200 OK
2025-09-07 09:58:38 | INFO     | Incoming request
2025-09-07 09:58:38 | INFO     | Incoming request
2025-09-07 09:58:38 | INFO     | Incoming request
2025-09-07 09:58:38 | INFO     | Incoming request
2025-09-07 09:58:38 | INFO     | Response status: 200 OK
2025-09-07 09:58:38 | INFO     | Response status: 200 OK
2025-09-07 09:58:38 | INFO     | Response status: 200 OK
2025-09-07 09:58:38 | INFO     | Response status: 200 OK
2025-09-07 09:58:41 | INFO     | Incoming request
2025-09-07 09:58:41 | INFO     | Response status: 200 OK
2025-09-07 09:58:47 | INFO     | Incoming request
2025-09-07 09:58:47 | INFO     | Response status: 200 OK
2025-09-07 09:58:50 | INFO     | Incoming request
2025-09-07 09:58:50 | INFO     | Response status: 200 OK
2025-09-07 09:58:50 | INFO     | Incoming request
2025-09-07 09:58:50 | INFO     | Response status: 200 OK
2025-09-07 09:58:50 | INFO     | Incoming request
2025-09-07 09:58:50 | INFO     | Response status: 200 OK
2025-09-07 09:58:56 | INFO     | Incoming request
2025-09-07 09:58:56 | INFO     | Response status: 200 OK
2025-09-07 09:59:11 | INFO     | Incoming request
2025-09-07 09:59:11 | INFO     | Response status: 304 NOT MODIFIED
2025-09-07 09:59:11 | INFO     | Incoming request
2025-09-07 09:59:11 | INFO     | Response status: 404 NOT FOUND
