2025-09-07 04:27:09 | INFO     | Flask app created successfully
2025-09-07 04:28:23 | INFO     | Incoming request
2025-09-07 04:28:23 | INFO     | Response status: 404 NOT FOUND
2025-09-07 04:28:23 | INFO     | Incoming request
2025-09-07 04:28:23 | INFO     | Response status: 404 NOT FOUND
2025-09-07 04:28:49 | INFO     | Incoming request
2025-09-07 04:28:49 | INFO     | Response status: 200 OK
2025-09-07 04:42:15 | INFO     | Incoming request
2025-09-07 04:42:15 | INFO     | Memoir mode home sidebar
2025-09-07 04:42:15 | INFO     | Response status: 200 OK
2025-09-07 04:42:15 | INFO     | Incoming request
2025-09-07 04:42:15 | INFO     | Response status: 404 NOT FOUND
2025-09-07 04:42:15 | INFO     | Incoming request
2025-09-07 04:42:15 | INFO     | Incoming request
2025-09-07 04:42:16 | INFO     | Response status: 304 NOT MODIFIED
2025-09-07 04:42:16 | INFO     | Response status: 200 OK
2025-09-07 04:42:16 | INFO     | Incoming request
2025-09-07 04:42:16 | INFO     | Response status: 304 NOT MODIFIED
2025-09-07 04:42:16 | INFO     | Incoming request
2025-09-07 04:42:16 | INFO     | Response status: 304 NOT MODIFIED
2025-09-07 04:42:16 | INFO     | Incoming request
2025-09-07 04:42:16 | INFO     | Response status: 304 NOT MODIFIED
2025-09-07 04:42:16 | INFO     | Incoming request
2025-09-07 04:42:16 | INFO     | Response status: 304 NOT MODIFIED
2025-09-07 04:42:16 | INFO     | Incoming request
2025-09-07 04:42:16 | INFO     | Response status: 304 NOT MODIFIED
2025-09-07 04:42:16 | INFO     | Incoming request
2025-09-07 04:42:16 | INFO     | Incoming request
2025-09-07 04:42:16 | INFO     | Response status: 304 NOT MODIFIED
2025-09-07 04:42:16 | INFO     | Response status: 304 NOT MODIFIED
2025-09-07 04:42:17 | INFO     | Incoming request
2025-09-07 04:42:17 | INFO     | Response status: 200 OK
2025-09-07 04:42:20 | INFO     | Incoming request
2025-09-07 04:42:20 | INFO     | Memoir mode home sidebar
2025-09-07 04:42:20 | INFO     | Response status: 200 OK
2025-09-07 04:42:20 | INFO     | Incoming request
2025-09-07 04:42:20 | INFO     | Response status: 404 NOT FOUND
2025-09-07 04:42:20 | INFO     | Incoming request
2025-09-07 04:42:20 | INFO     | Response status: 304 NOT MODIFIED
2025-09-07 04:42:20 | INFO     | Incoming request
2025-09-07 04:42:20 | INFO     | Response status: 304 NOT MODIFIED
2025-09-07 04:42:20 | INFO     | Incoming request
2025-09-07 04:42:20 | INFO     | Response status: 304 NOT MODIFIED
2025-09-07 04:42:20 | INFO     | Incoming request
2025-09-07 04:42:20 | INFO     | Response status: 304 NOT MODIFIED
2025-09-07 04:42:20 | INFO     | Incoming request
2025-09-07 04:42:20 | INFO     | Response status: 304 NOT MODIFIED
2025-09-07 04:42:20 | INFO     | Incoming request
2025-09-07 04:42:20 | INFO     | Response status: 304 NOT MODIFIED
2025-09-07 04:42:20 | INFO     | Incoming request
2025-09-07 04:42:20 | INFO     | Response status: 304 NOT MODIFIED
2025-09-07 04:42:20 | INFO     | Incoming request
2025-09-07 04:42:20 | INFO     | Incoming request
2025-09-07 04:42:20 | INFO     | Response status: 304 NOT MODIFIED
2025-09-07 04:42:20 | INFO     | Response status: 304 NOT MODIFIED
2025-09-07 04:42:21 | INFO     | Incoming request
2025-09-07 04:42:21 | INFO     | Response status: 200 OK
2025-09-07 04:42:35 | INFO     | Incoming request
2025-09-07 04:42:35 | INFO     | Response status: 200 OK
2025-09-07 04:42:35 | INFO     | Incoming request
2025-09-07 04:42:35 | INFO     | Response status: 200 OK
2025-09-07 04:42:35 | INFO     | Incoming request
2025-09-07 04:42:35 | INFO     | Response status: 304 NOT MODIFIED
2025-09-07 04:43:23 | INFO     | Incoming request
2025-09-07 04:43:23 | INFO     | Incoming request
2025-09-07 04:43:23 | INFO     | Incoming request
2025-09-07 04:43:23 | INFO     | Response status: 304 NOT MODIFIED
2025-09-07 04:43:23 | INFO     | Response status: 304 NOT MODIFIED
2025-09-07 04:43:23 | INFO     | Incoming request
2025-09-07 04:43:23 | INFO     | Response status: 304 NOT MODIFIED
2025-09-07 04:43:23 | INFO     | Response status: 304 NOT MODIFIED
2025-09-07 04:43:25 | INFO     | Incoming request
2025-09-07 04:43:25 | INFO     | Response status: 200 OK
2025-09-07 04:43:27 | INFO     | Incoming request
2025-09-07 04:43:27 | INFO     | Incoming request
2025-09-07 04:43:27 | INFO     | Incoming request
2025-09-07 04:43:27 | INFO     | Incoming request
2025-09-07 04:43:27 | INFO     | Response status: 304 NOT MODIFIED
2025-09-07 04:43:27 | INFO     | Response status: 304 NOT MODIFIED
2025-09-07 04:43:27 | INFO     | Response status: 304 NOT MODIFIED
2025-09-07 04:43:27 | INFO     | Response status: 304 NOT MODIFIED
2025-09-07 04:43:28 | INFO     | Incoming request
2025-09-07 04:43:28 | INFO     | Response status: 200 OK
2025-09-07 04:43:31 | INFO     | Incoming request
2025-09-07 04:43:31 | INFO     | Response status: 200 OK
2025-09-07 04:43:52 | INFO     | Incoming request
2025-09-07 04:43:52 | INFO     | Response status: 200 OK
2025-09-07 04:43:52 | INFO     | Incoming request
2025-09-07 04:43:52 | INFO     | Response status: 200 OK
2025-09-07 04:43:52 | INFO     | Incoming request
2025-09-07 04:43:52 | INFO     | Response status: 304 NOT MODIFIED
2025-09-07 04:44:02 | INFO     | Incoming request
2025-09-07 04:44:02 | INFO     | Response status: 200 OK
2025-09-07 04:44:02 | INFO     | Incoming request
2025-09-07 04:44:02 | INFO     | Response status: 404 NOT FOUND
2025-09-07 04:44:02 | INFO     | Incoming request
2025-09-07 04:44:02 | INFO     | Response status: 304 NOT MODIFIED
2025-09-07 04:44:05 | INFO     | Incoming request
2025-09-07 04:44:05 | INFO     | Response status: 200 OK
2025-09-07 04:44:05 | INFO     | Incoming request
2025-09-07 04:44:05 | INFO     | Response status: 404 NOT FOUND
2025-09-07 04:44:05 | INFO     | Incoming request
2025-09-07 04:44:05 | INFO     | Response status: 304 NOT MODIFIED
2025-09-07 04:44:25 | INFO     | Incoming request
2025-09-07 04:44:25 | INFO     | Response status: 200 OK
2025-09-07 04:44:25 | INFO     | Incoming request
2025-09-07 04:44:25 | INFO     | Response status: 404 NOT FOUND
2025-09-07 04:44:25 | INFO     | Incoming request
2025-09-07 04:44:25 | INFO     | Response status: 304 NOT MODIFIED
2025-09-07 04:44:30 | INFO     | Incoming request
2025-09-07 04:44:30 | INFO     | Response status: 304 NOT MODIFIED
2025-09-07 04:44:30 | INFO     | Incoming request
2025-09-07 04:44:30 | INFO     | Response status: 304 NOT MODIFIED
2025-09-07 04:44:30 | INFO     | Incoming request
2025-09-07 04:44:30 | INFO     | Response status: 304 NOT MODIFIED
2025-09-07 04:44:30 | INFO     | Incoming request
2025-09-07 04:44:30 | INFO     | Response status: 304 NOT MODIFIED
2025-09-07 04:44:30 | INFO     | Incoming request
2025-09-07 04:44:30 | INFO     | Incoming request
2025-09-07 04:44:30 | INFO     | Response status: 304 NOT MODIFIED
2025-09-07 04:44:30 | INFO     | Response status: 304 NOT MODIFIED
2025-09-07 04:44:31 | INFO     | Incoming request
2025-09-07 04:44:31 | INFO     | Response status: 200 OK
2025-09-07 04:44:32 | INFO     | Incoming request
2025-09-07 04:44:32 | INFO     | Response status: 200 OK
2025-09-07 04:44:32 | INFO     | Incoming request
2025-09-07 04:44:32 | INFO     | Incoming request
2025-09-07 04:44:32 | INFO     | Incoming request
2025-09-07 04:44:32 | INFO     | Response status: 304 NOT MODIFIED
2025-09-07 04:44:32 | INFO     | Response status: 304 NOT MODIFIED
2025-09-07 04:44:32 | INFO     | Incoming request
2025-09-07 04:44:32 | INFO     | Response status: 304 NOT MODIFIED
2025-09-07 04:44:32 | INFO     | Incoming request
2025-09-07 04:44:32 | INFO     | Response status: 304 NOT MODIFIED
2025-09-07 04:44:32 | INFO     | Response status: 304 NOT MODIFIED
2025-09-07 04:44:34 | INFO     | Incoming request
2025-09-07 04:44:34 | INFO     | Response status: 200 OK
2025-09-07 04:44:38 | INFO     | Incoming request
2025-09-07 04:44:38 | INFO     | Response status: 200 OK
2025-09-07 04:44:38 | INFO     | Incoming request
2025-09-07 04:44:38 | INFO     | Response status: 200 OK
2025-09-07 04:44:41 | INFO     | Incoming request
2025-09-07 04:44:41 | INFO     | Response status: 200 OK
2025-09-07 04:44:50 | INFO     | Incoming request
2025-09-07 04:44:50 | INFO     | Response status: 200 OK
2025-09-07 04:44:50 | INFO     | Incoming request
2025-09-07 04:44:50 | INFO     | Response status: 200 OK
2025-09-07 04:45:14 | INFO     | Incoming request
2025-09-07 04:45:14 | INFO     | Response status: 200 OK
2025-09-07 04:45:16 | INFO     | Incoming request
2025-09-07 04:45:16 | INFO     | Response status: 200 OK
2025-09-07 04:45:18 | INFO     | Incoming request
2025-09-07 04:45:18 | INFO     | Response status: 200 OK
2025-09-07 04:45:20 | INFO     | Incoming request
2025-09-07 04:45:20 | INFO     | Response status: 200 OK
2025-09-07 04:45:47 | INFO     | Incoming request
2025-09-07 04:45:47 | INFO     | Response status: 200 OK
2025-09-07 04:45:48 | INFO     | Incoming request
2025-09-07 04:45:48 | INFO     | Response status: 200 OK
