2025-09-07 10:51:32 | INFO     | Flask app created successfully
2025-09-07 10:51:34 | INFO     | Incoming request
2025-09-07 10:51:34 | INFO     | Glasses home route accessed
2025-09-07 10:51:34 | INFO     | Response status: 200 OK
2025-09-07 10:51:34 | INFO     | Incoming request
2025-09-07 10:51:34 | INFO     | Incoming request
2025-09-07 10:51:35 | INFO     | Response status: 304 NOT MODIFIED
2025-09-07 10:51:35 | INFO     | Response status: 304 NOT MODIFIED
2025-09-07 10:51:35 | INFO     | Incoming request
2025-09-07 10:51:35 | INFO     | Response status: 200 OK
2025-09-07 10:52:43 | INFO     | Incoming request
2025-09-07 10:52:43 | INFO     | Memoir mode home sidebar
2025-09-07 10:52:43 | INFO     | Response status: 200 OK
2025-09-07 10:52:44 | INFO     | Incoming request
2025-09-07 10:52:44 | INFO     | Incoming request
2025-09-07 10:52:44 | INFO     | Response status: 304 NOT MODIFIED
2025-09-07 10:52:44 | INFO     | Response status: 304 NOT MODIFIED
2025-09-07 10:52:44 | INFO     | Incoming request
2025-09-07 10:52:44 | INFO     | Response status: 304 NOT MODIFIED
2025-09-07 10:52:44 | INFO     | Incoming request
2025-09-07 10:52:44 | INFO     | Response status: 304 NOT MODIFIED
2025-09-07 10:52:44 | INFO     | Incoming request
2025-09-07 10:52:44 | INFO     | Response status: 304 NOT MODIFIED
2025-09-07 10:52:44 | INFO     | Incoming request
2025-09-07 10:52:44 | INFO     | Response status: 304 NOT MODIFIED
2025-09-07 10:52:44 | INFO     | Incoming request
2025-09-07 10:52:44 | INFO     | Response status: 304 NOT MODIFIED
2025-09-07 10:52:44 | INFO     | Incoming request
2025-09-07 10:52:44 | INFO     | Incoming request
2025-09-07 10:52:44 | INFO     | Response status: 304 NOT MODIFIED
2025-09-07 10:52:44 | INFO     | Response status: 304 NOT MODIFIED
2025-09-07 10:52:45 | INFO     | Incoming request
2025-09-07 10:52:45 | INFO     | Response status: 200 OK
2025-09-07 10:52:56 | INFO     | Incoming request
2025-09-07 10:52:56 | INFO     | Response status: 200 OK
2025-09-07 10:52:56 | INFO     | Incoming request
2025-09-07 10:52:56 | INFO     | Incoming request
2025-09-07 10:52:56 | INFO     | Response status: 304 NOT MODIFIED
2025-09-07 10:52:56 | INFO     | Incoming request
2025-09-07 10:52:56 | INFO     | Response status: 304 NOT MODIFIED
2025-09-07 10:52:56 | INFO     | Response status: 304 NOT MODIFIED
2025-09-07 10:52:56 | INFO     | Incoming request
2025-09-07 10:52:56 | INFO     | Response status: 304 NOT MODIFIED
2025-09-07 10:53:03 | INFO     | Incoming request
2025-09-07 10:53:03 | INFO     | Response status: 200 OK
2025-09-07 10:53:09 | INFO     | Incoming request
2025-09-07 10:53:09 | INFO     | Response status: 200 OK
2025-09-07 10:53:09 | INFO     | Incoming request
2025-09-07 10:53:09 | INFO     | Response status: 200 OK
2025-09-07 10:53:09 | INFO     | Incoming request
2025-09-07 10:53:09 | INFO     | Response status: 200 OK
2025-09-07 10:53:09 | INFO     | Incoming request
2025-09-07 10:53:09 | INFO     | Response status: 304 NOT MODIFIED
2025-09-07 10:53:12 | INFO     | Incoming request
2025-09-07 10:53:12 | INFO     | Incoming request
2025-09-07 10:53:12 | INFO     | Incoming request
2025-09-07 10:53:12 | INFO     | Response status: 304 NOT MODIFIED
2025-09-07 10:53:12 | INFO     | Response status: 304 NOT MODIFIED
2025-09-07 10:53:12 | INFO     | Response status: 304 NOT MODIFIED
2025-09-07 10:53:16 | INFO     | Incoming request
2025-09-07 10:53:16 | INFO     | Response status: 200 OK
2025-09-07 10:53:16 | INFO     | Incoming request
2025-09-07 10:53:16 | INFO     | Response status: 200 OK
2025-09-07 10:53:16 | INFO     | Incoming request
2025-09-07 10:53:16 | INFO     | Response status: 200 OK
2025-09-07 10:53:20 | INFO     | Incoming request
2025-09-07 10:53:20 | INFO     | Incoming request
2025-09-07 10:53:20 | INFO     | Incoming request
2025-09-07 10:53:20 | INFO     | Response status: 304 NOT MODIFIED
2025-09-07 10:53:20 | INFO     | Response status: 304 NOT MODIFIED
2025-09-07 10:53:20 | INFO     | Response status: 304 NOT MODIFIED
2025-09-07 10:53:22 | INFO     | Incoming request
2025-09-07 10:53:22 | INFO     | Response status: 200 OK
2025-09-07 10:53:40 | INFO     | Incoming request
2025-09-07 10:53:40 | INFO     | Response status: 200 OK
2025-09-07 10:53:43 | INFO     | Incoming request
2025-09-07 10:53:43 | INFO     | Incoming request
2025-09-07 10:53:43 | INFO     | Incoming request
2025-09-07 10:53:43 | INFO     | Response status: 304 NOT MODIFIED
2025-09-07 10:53:43 | INFO     | Response status: 304 NOT MODIFIED
2025-09-07 10:53:43 | INFO     | Response status: 304 NOT MODIFIED
2025-09-07 10:53:46 | INFO     | Incoming request
2025-09-07 10:53:46 | INFO     | Response status: 200 OK
2025-09-07 10:53:47 | INFO     | Incoming request
2025-09-07 10:53:47 | INFO     | Response status: 200 OK
2025-09-07 10:53:55 | INFO     | Incoming request
2025-09-07 10:53:55 | INFO     | Response status: 200 OK
2025-09-07 10:53:55 | INFO     | Incoming request
2025-09-07 10:53:55 | INFO     | Response status: 404 NOT FOUND
2025-09-07 10:53:55 | INFO     | Incoming request
2025-09-07 10:53:55 | INFO     | Response status: 304 NOT MODIFIED
2025-09-07 10:54:02 | INFO     | Incoming request
2025-09-07 10:54:02 | INFO     | Memoir mode home sidebar
2025-09-07 10:54:02 | INFO     | Response status: 200 OK
2025-09-07 10:54:02 | INFO     | Incoming request
2025-09-07 10:54:02 | INFO     | Response status: 304 NOT MODIFIED
2025-09-07 10:54:02 | INFO     | Incoming request
2025-09-07 10:54:02 | INFO     | Response status: 304 NOT MODIFIED
2025-09-07 10:54:02 | INFO     | Incoming request
2025-09-07 10:54:02 | INFO     | Response status: 304 NOT MODIFIED
2025-09-07 10:54:02 | INFO     | Incoming request
2025-09-07 10:54:02 | INFO     | Response status: 304 NOT MODIFIED
2025-09-07 10:54:02 | INFO     | Incoming request
2025-09-07 10:54:02 | INFO     | Response status: 304 NOT MODIFIED
2025-09-07 10:54:02 | INFO     | Incoming request
2025-09-07 10:54:02 | INFO     | Response status: 304 NOT MODIFIED
2025-09-07 10:54:02 | INFO     | Incoming request
2025-09-07 10:54:02 | INFO     | Response status: 304 NOT MODIFIED
2025-09-07 10:54:02 | INFO     | Incoming request
2025-09-07 10:54:02 | INFO     | Incoming request
2025-09-07 10:54:02 | INFO     | Response status: 304 NOT MODIFIED
2025-09-07 10:54:02 | INFO     | Response status: 304 NOT MODIFIED
2025-09-07 10:54:03 | INFO     | Incoming request
2025-09-07 10:54:03 | INFO     | Response status: 200 OK
2025-09-07 10:54:05 | INFO     | Incoming request
2025-09-07 10:54:05 | INFO     | Response status: 200 OK
2025-09-07 10:54:05 | INFO     | Incoming request
2025-09-07 10:54:05 | INFO     | Incoming request
2025-09-07 10:54:05 | INFO     | Incoming request
2025-09-07 10:54:05 | INFO     | Response status: 304 NOT MODIFIED
2025-09-07 10:54:05 | INFO     | Response status: 304 NOT MODIFIED
2025-09-07 10:54:05 | INFO     | Incoming request
2025-09-07 10:54:05 | INFO     | Response status: 304 NOT MODIFIED
2025-09-07 10:54:05 | INFO     | Response status: 304 NOT MODIFIED
2025-09-07 10:54:17 | INFO     | Incoming request
2025-09-07 10:54:18 | INFO     | Response status: 200 OK
2025-09-07 10:54:18 | INFO     | Incoming request
2025-09-07 10:54:18 | INFO     | Response status: 404 NOT FOUND
2025-09-07 10:54:18 | INFO     | Incoming request
2025-09-07 10:54:18 | INFO     | Incoming request
2025-09-07 10:54:18 | INFO     | Response status: 304 NOT MODIFIED
2025-09-07 10:54:18 | INFO     | Response status: 304 NOT MODIFIED
2025-09-07 10:54:18 | INFO     | Incoming request
2025-09-07 10:54:18 | INFO     | Incoming request
2025-09-07 10:54:18 | INFO     | Response status: 304 NOT MODIFIED
2025-09-07 10:54:18 | INFO     | Response status: 304 NOT MODIFIED
2025-09-07 10:54:36 | INFO     | Incoming request
2025-09-07 10:54:36 | INFO     | Response status: 200 OK
2025-09-07 10:54:36 | INFO     | Incoming request
2025-09-07 10:54:36 | INFO     | Response status: 404 NOT FOUND
2025-09-07 10:54:36 | INFO     | Incoming request
2025-09-07 10:54:36 | INFO     | Response status: 304 NOT MODIFIED
2025-09-07 10:54:44 | INFO     | Incoming request
2025-09-07 10:54:44 | INFO     | Response status: 200 OK
2025-09-07 10:54:44 | INFO     | Incoming request
2025-09-07 10:54:44 | INFO     | Response status: 404 NOT FOUND
2025-09-07 10:54:49 | INFO     | Incoming request
2025-09-07 10:54:49 | INFO     | Response status: 302 FOUND
2025-09-07 10:54:49 | INFO     | Incoming request
2025-09-07 10:54:49 | INFO     | Response status: 200 OK
2025-09-07 10:54:49 | INFO     | Incoming request
2025-09-07 10:54:49 | INFO     | Response status: 404 NOT FOUND
2025-09-07 10:54:49 | INFO     | Incoming request
2025-09-07 10:54:49 | INFO     | Response status: 304 NOT MODIFIED
2025-09-07 10:54:55 | INFO     | Incoming request
2025-09-07 10:54:55 | INFO     | Response status: 200 OK
2025-09-07 10:54:55 | INFO     | Incoming request
2025-09-07 10:54:55 | INFO     | Response status: 404 NOT FOUND
2025-09-07 10:54:55 | INFO     | Incoming request
2025-09-07 10:54:55 | INFO     | Incoming request
2025-09-07 10:54:55 | INFO     | Incoming request
2025-09-07 10:54:55 | INFO     | Response status: 304 NOT MODIFIED
2025-09-07 10:54:55 | INFO     | Response status: 304 NOT MODIFIED
2025-09-07 10:54:55 | INFO     | Response status: 304 NOT MODIFIED
2025-09-07 10:55:14 | INFO     | Incoming request
2025-09-07 10:55:14 | INFO     | Response status: 200 OK
2025-09-07 10:55:14 | INFO     | Incoming request
2025-09-07 10:55:14 | INFO     | Response status: 404 NOT FOUND
2025-09-07 10:55:59 | INFO     | Incoming request
2025-09-07 10:55:59 | INFO     | Response status: 302 FOUND
2025-09-07 10:55:59 | INFO     | Incoming request
2025-09-07 10:55:59 | INFO     | Response status: 200 OK
2025-09-07 10:55:59 | INFO     | Incoming request
2025-09-07 10:55:59 | INFO     | Response status: 404 NOT FOUND
2025-09-07 10:55:59 | INFO     | Incoming request
2025-09-07 10:55:59 | INFO     | Response status: 200 OK
2025-09-07 10:56:00 | INFO     | Incoming request
2025-09-07 10:56:00 | INFO     | Response status: 200 OK
2025-09-07 10:56:02 | INFO     | Incoming request
2025-09-07 10:56:02 | INFO     | Memoir mode home sidebar
2025-09-07 10:56:02 | INFO     | Response status: 200 OK
2025-09-07 10:56:02 | INFO     | Incoming request
2025-09-07 10:56:02 | INFO     | Response status: 304 NOT MODIFIED
2025-09-07 10:56:02 | INFO     | Incoming request
2025-09-07 10:56:02 | INFO     | Response status: 304 NOT MODIFIED
2025-09-07 10:56:03 | INFO     | Incoming request
2025-09-07 10:56:03 | INFO     | Response status: 304 NOT MODIFIED
2025-09-07 10:56:03 | INFO     | Incoming request
2025-09-07 10:56:03 | INFO     | Response status: 304 NOT MODIFIED
2025-09-07 10:56:03 | INFO     | Incoming request
2025-09-07 10:56:03 | INFO     | Response status: 304 NOT MODIFIED
2025-09-07 10:56:03 | INFO     | Incoming request
2025-09-07 10:56:03 | INFO     | Response status: 304 NOT MODIFIED
2025-09-07 10:56:03 | INFO     | Incoming request
2025-09-07 10:56:03 | INFO     | Response status: 304 NOT MODIFIED
2025-09-07 10:56:03 | INFO     | Incoming request
2025-09-07 10:56:03 | INFO     | Incoming request
2025-09-07 10:56:03 | INFO     | Response status: 304 NOT MODIFIED
2025-09-07 10:56:03 | INFO     | Response status: 304 NOT MODIFIED
2025-09-07 10:56:03 | INFO     | Incoming request
2025-09-07 10:56:03 | INFO     | Response status: 200 OK
2025-09-07 10:56:06 | INFO     | Incoming request
2025-09-07 10:56:06 | INFO     | Response status: 200 OK
2025-09-07 10:56:06 | INFO     | Incoming request
2025-09-07 10:56:06 | INFO     | Incoming request
2025-09-07 10:56:06 | INFO     | Incoming request
2025-09-07 10:56:06 | INFO     | Response status: 304 NOT MODIFIED
2025-09-07 10:56:06 | INFO     | Response status: 304 NOT MODIFIED
2025-09-07 10:56:06 | INFO     | Incoming request
2025-09-07 10:56:06 | INFO     | Response status: 304 NOT MODIFIED
2025-09-07 10:56:06 | INFO     | Response status: 304 NOT MODIFIED
2025-09-07 10:56:18 | INFO     | Incoming request
2025-09-07 10:56:18 | INFO     | Response status: 200 OK
2025-09-07 10:56:25 | INFO     | Incoming request
2025-09-07 10:56:25 | INFO     | Response status: 200 OK
2025-09-07 10:56:25 | INFO     | Incoming request
2025-09-07 10:56:25 | INFO     | Response status: 200 OK
2025-09-07 10:56:27 | INFO     | Incoming request
2025-09-07 10:56:28 | INFO     | Response status: 200 OK
2025-09-07 10:58:49 | INFO     | Incoming request
2025-09-07 10:58:49 | INFO     | Response status: 200 OK
2025-09-07 10:58:49 | INFO     | Incoming request
2025-09-07 10:58:49 | INFO     | Response status: 200 OK
2025-09-07 10:58:49 | INFO     | Incoming request
2025-09-07 10:58:49 | INFO     | Response status: 200 OK
2025-09-07 10:59:09 | INFO     | Incoming request
2025-09-07 10:59:09 | INFO     | Response status: 200 OK
2025-09-07 10:59:09 | INFO     | Incoming request
2025-09-07 10:59:09 | INFO     | Incoming request
2025-09-07 10:59:09 | INFO     | Response status: 404 NOT FOUND
2025-09-07 10:59:09 | INFO     | Response status: 304 NOT MODIFIED
2025-09-07 10:59:12 | INFO     | Incoming request
2025-09-07 10:59:12 | INFO     | Response status: 200 OK
2025-09-07 10:59:12 | INFO     | Incoming request
2025-09-07 10:59:12 | INFO     | Response status: 404 NOT FOUND
2025-09-07 10:59:12 | INFO     | Incoming request
2025-09-07 10:59:12 | INFO     | Response status: 304 NOT MODIFIED
2025-09-07 11:01:04 | INFO     | Incoming request
2025-09-07 11:01:04 | INFO     | Response status: 200 OK
2025-09-07 11:01:04 | INFO     | Incoming request
2025-09-07 11:01:04 | INFO     | Response status: 404 NOT FOUND
2025-09-07 11:01:04 | INFO     | Incoming request
2025-09-07 11:01:04 | INFO     | Response status: 304 NOT MODIFIED
2025-09-07 11:01:04 | INFO     | Incoming request
2025-09-07 11:01:04 | INFO     | Response status: 304 NOT MODIFIED
2025-09-07 11:01:04 | INFO     | Incoming request
2025-09-07 11:01:04 | INFO     | Incoming request
2025-09-07 11:01:04 | INFO     | Response status: 304 NOT MODIFIED
2025-09-07 11:01:04 | INFO     | Response status: 304 NOT MODIFIED
2025-09-07 11:01:07 | INFO     | Incoming request
2025-09-07 11:01:07 | INFO     | Response status: 200 OK
2025-09-07 11:01:07 | INFO     | Incoming request
2025-09-07 11:01:07 | INFO     | Response status: 404 NOT FOUND
2025-09-07 11:01:07 | INFO     | Incoming request
2025-09-07 11:01:07 | INFO     | Response status: 304 NOT MODIFIED
2025-09-07 11:01:09 | INFO     | Incoming request
2025-09-07 11:01:09 | INFO     | Response status: 200 OK
2025-09-07 11:01:09 | INFO     | Incoming request
2025-09-07 11:01:09 | INFO     | Response status: 404 NOT FOUND
2025-09-07 11:01:09 | INFO     | Incoming request
2025-09-07 11:01:09 | INFO     | Response status: 304 NOT MODIFIED
2025-09-07 11:04:02 | INFO     | Incoming request
2025-09-07 11:04:02 | INFO     | Response status: 404 NOT FOUND
2025-09-07 11:04:02 | INFO     | Incoming request
2025-09-07 11:04:02 | INFO     | Response status: 404 NOT FOUND
2025-09-07 11:08:16 | INFO     | Incoming request
2025-09-07 11:08:16 | INFO     | Response status: 200 OK
2025-09-07 11:08:16 | INFO     | Incoming request
2025-09-07 11:08:16 | INFO     | Response status: 404 NOT FOUND
2025-09-07 11:08:16 | INFO     | Incoming request
2025-09-07 11:08:16 | INFO     | Incoming request
2025-09-07 11:08:16 | INFO     | Response status: 304 NOT MODIFIED
2025-09-07 11:08:16 | INFO     | Incoming request
2025-09-07 11:08:16 | INFO     | Response status: 304 NOT MODIFIED
2025-09-07 11:08:16 | INFO     | Response status: 304 NOT MODIFIED
2025-09-07 11:08:16 | INFO     | Incoming request
2025-09-07 11:08:16 | INFO     | Response status: 304 NOT MODIFIED
2025-09-07 11:08:21 | INFO     | Incoming request
2025-09-07 11:08:21 | INFO     | Response status: 200 OK
2025-09-07 11:08:22 | INFO     | Incoming request
2025-09-07 11:08:22 | INFO     | Response status: 404 NOT FOUND
2025-09-07 11:08:22 | INFO     | Incoming request
2025-09-07 11:08:22 | INFO     | Response status: 304 NOT MODIFIED
2025-09-07 11:08:28 | INFO     | Incoming request
2025-09-07 11:08:28 | INFO     | Response status: 200 OK
2025-09-07 11:08:28 | INFO     | Incoming request
2025-09-07 11:08:28 | INFO     | Response status: 404 NOT FOUND
2025-09-07 11:08:28 | INFO     | Incoming request
2025-09-07 11:08:28 | INFO     | Response status: 304 NOT MODIFIED
2025-09-07 11:08:35 | INFO     | Incoming request
2025-09-07 11:08:35 | INFO     | Response status: 200 OK
2025-09-07 11:08:35 | INFO     | Incoming request
2025-09-07 11:08:35 | INFO     | Response status: 404 NOT FOUND
2025-09-07 11:08:35 | INFO     | Incoming request
2025-09-07 11:08:35 | INFO     | Response status: 304 NOT MODIFIED
2025-09-07 11:08:37 | INFO     | Incoming request
2025-09-07 11:08:37 | INFO     | Response status: 200 OK
2025-09-07 11:08:37 | INFO     | Incoming request
2025-09-07 11:08:37 | INFO     | Response status: 404 NOT FOUND
2025-09-07 11:08:37 | INFO     | Incoming request
2025-09-07 11:08:37 | INFO     | Response status: 304 NOT MODIFIED
2025-09-07 11:08:43 | INFO     | Incoming request
2025-09-07 11:08:43 | INFO     | Response status: 200 OK
2025-09-07 11:08:43 | INFO     | Incoming request
2025-09-07 11:08:43 | INFO     | Response status: 404 NOT FOUND
2025-09-07 11:08:43 | INFO     | Incoming request
2025-09-07 11:08:43 | INFO     | Response status: 304 NOT MODIFIED
2025-09-07 11:08:45 | INFO     | Incoming request
2025-09-07 11:08:45 | INFO     | Response status: 200 OK
2025-09-07 11:08:45 | INFO     | Incoming request
2025-09-07 11:08:45 | INFO     | Response status: 404 NOT FOUND
2025-09-07 11:08:45 | INFO     | Incoming request
2025-09-07 11:08:45 | INFO     | Response status: 304 NOT MODIFIED
2025-09-07 11:23:13 | INFO     | Incoming request
2025-09-07 11:23:13 | INFO     | Memoir mode home sidebar
2025-09-07 11:23:13 | INFO     | Response status: 200 OK
2025-09-07 11:23:13 | INFO     | Incoming request
2025-09-07 11:23:13 | INFO     | Response status: 304 NOT MODIFIED
2025-09-07 11:23:13 | INFO     | Incoming request
2025-09-07 11:23:13 | INFO     | Response status: 304 NOT MODIFIED
2025-09-07 11:23:13 | INFO     | Incoming request
2025-09-07 11:23:13 | INFO     | Response status: 304 NOT MODIFIED
2025-09-07 11:23:13 | INFO     | Incoming request
2025-09-07 11:23:13 | INFO     | Response status: 304 NOT MODIFIED
2025-09-07 11:23:13 | INFO     | Incoming request
2025-09-07 11:23:13 | INFO     | Response status: 304 NOT MODIFIED
2025-09-07 11:23:13 | INFO     | Incoming request
2025-09-07 11:23:13 | INFO     | Response status: 304 NOT MODIFIED
2025-09-07 11:23:13 | INFO     | Incoming request
2025-09-07 11:23:13 | INFO     | Response status: 304 NOT MODIFIED
2025-09-07 11:23:13 | INFO     | Incoming request
2025-09-07 11:23:13 | INFO     | Incoming request
2025-09-07 11:23:13 | INFO     | Response status: 304 NOT MODIFIED
2025-09-07 11:23:13 | INFO     | Response status: 304 NOT MODIFIED
2025-09-07 11:23:14 | INFO     | Incoming request
2025-09-07 11:23:14 | INFO     | Response status: 200 OK
2025-09-07 11:24:51 | INFO     | Incoming request
2025-09-07 11:24:51 | INFO     | Response status: 200 OK
2025-09-07 11:24:51 | INFO     | Incoming request
2025-09-07 11:24:51 | INFO     | Response status: 404 NOT FOUND
2025-09-07 11:24:51 | INFO     | Incoming request
2025-09-07 11:24:51 | INFO     | Incoming request
2025-09-07 11:24:51 | INFO     | Incoming request
2025-09-07 11:24:51 | INFO     | Response status: 304 NOT MODIFIED
2025-09-07 11:24:51 | INFO     | Incoming request
2025-09-07 11:24:51 | INFO     | Response status: 304 NOT MODIFIED
2025-09-07 11:24:51 | INFO     | Response status: 304 NOT MODIFIED
2025-09-07 11:24:51 | INFO     | Response status: 304 NOT MODIFIED
2025-09-07 11:24:54 | INFO     | Incoming request
2025-09-07 11:24:54 | INFO     | Response status: 404 NOT FOUND
2025-09-07 11:24:54 | INFO     | Incoming request
2025-09-07 11:24:54 | INFO     | Response status: 404 NOT FOUND
2025-09-07 11:26:39 | INFO     | Incoming request
2025-09-07 11:26:39 | INFO     | Response status: 200 OK
2025-09-07 11:26:39 | INFO     | Incoming request
2025-09-07 11:26:39 | INFO     | Response status: 404 NOT FOUND
2025-09-07 11:26:39 | INFO     | Incoming request
2025-09-07 11:26:39 | INFO     | Incoming request
2025-09-07 11:26:39 | INFO     | Response status: 200 OK
2025-09-07 11:26:39 | INFO     | Response status: 304 NOT MODIFIED
2025-09-07 11:26:39 | INFO     | Incoming request
2025-09-07 11:26:39 | INFO     | Incoming request
2025-09-07 11:26:39 | INFO     | Incoming request
2025-09-07 11:26:39 | INFO     | Response status: 304 NOT MODIFIED
2025-09-07 11:26:39 | INFO     | Response status: 304 NOT MODIFIED
2025-09-07 11:26:39 | INFO     | Response status: 304 NOT MODIFIED
2025-09-07 11:26:49 | INFO     | Incoming request
2025-09-07 11:26:49 | INFO     | Response status: 200 OK
2025-09-07 11:26:49 | INFO     | Incoming request
2025-09-07 11:26:49 | INFO     | Response status: 304 NOT MODIFIED
2025-09-07 11:26:49 | INFO     | Incoming request
2025-09-07 11:26:49 | INFO     | Response status: 304 NOT MODIFIED
2025-09-07 11:27:55 | INFO     | Incoming request
2025-09-07 11:27:55 | INFO     | Response status: 200 OK
2025-09-07 11:27:55 | INFO     | Incoming request
2025-09-07 11:27:55 | INFO     | Incoming request
2025-09-07 11:27:55 | INFO     | Response status: 304 NOT MODIFIED
2025-09-07 11:27:55 | INFO     | Incoming request
2025-09-07 11:27:55 | INFO     | Incoming request
2025-09-07 11:27:55 | INFO     | Response status: 304 NOT MODIFIED
2025-09-07 11:27:55 | INFO     | Response status: 304 NOT MODIFIED
2025-09-07 11:27:55 | INFO     | Response status: 304 NOT MODIFIED
2025-09-07 11:27:55 | INFO     | Incoming request
2025-09-07 11:27:55 | INFO     | Response status: 304 NOT MODIFIED
2025-09-07 11:27:58 | INFO     | Incoming request
2025-09-07 11:27:58 | INFO     | Memoir mode home sidebar
2025-09-07 11:27:58 | INFO     | Response status: 200 OK
2025-09-07 11:27:58 | INFO     | Incoming request
2025-09-07 11:27:58 | INFO     | Response status: 304 NOT MODIFIED
2025-09-07 11:27:58 | INFO     | Incoming request
2025-09-07 11:27:58 | INFO     | Response status: 304 NOT MODIFIED
2025-09-07 11:27:58 | INFO     | Incoming request
2025-09-07 11:27:58 | INFO     | Response status: 304 NOT MODIFIED
2025-09-07 11:27:58 | INFO     | Incoming request
2025-09-07 11:27:58 | INFO     | Response status: 304 NOT MODIFIED
2025-09-07 11:27:58 | INFO     | Incoming request
2025-09-07 11:27:58 | INFO     | Response status: 304 NOT MODIFIED
2025-09-07 11:27:58 | INFO     | Incoming request
2025-09-07 11:27:58 | INFO     | Response status: 304 NOT MODIFIED
2025-09-07 11:27:58 | INFO     | Incoming request
2025-09-07 11:27:58 | INFO     | Response status: 304 NOT MODIFIED
2025-09-07 11:27:58 | INFO     | Incoming request
2025-09-07 11:27:58 | INFO     | Incoming request
2025-09-07 11:27:58 | INFO     | Response status: 304 NOT MODIFIED
2025-09-07 11:27:58 | INFO     | Response status: 304 NOT MODIFIED
2025-09-07 11:27:59 | INFO     | Incoming request
2025-09-07 11:27:59 | INFO     | Response status: 200 OK
2025-09-07 11:28:01 | INFO     | Incoming request
2025-09-07 11:28:01 | INFO     | Response status: 200 OK
2025-09-07 11:28:01 | INFO     | Incoming request
2025-09-07 11:28:01 | INFO     | Incoming request
2025-09-07 11:28:01 | INFO     | Response status: 304 NOT MODIFIED
2025-09-07 11:28:01 | INFO     | Incoming request
2025-09-07 11:28:01 | INFO     | Incoming request
2025-09-07 11:28:01 | INFO     | Response status: 304 NOT MODIFIED
2025-09-07 11:28:01 | INFO     | Incoming request
2025-09-07 11:28:01 | INFO     | Response status: 304 NOT MODIFIED
2025-09-07 11:28:01 | INFO     | Response status: 304 NOT MODIFIED
2025-09-07 11:28:01 | INFO     | Response status: 304 NOT MODIFIED
2025-09-07 11:28:09 | INFO     | Incoming request
2025-09-07 11:28:09 | INFO     | Response status: 200 OK
2025-09-07 11:28:09 | INFO     | Incoming request
2025-09-07 11:28:09 | INFO     | Response status: 304 NOT MODIFIED
2025-09-07 11:28:09 | INFO     | Incoming request
2025-09-07 11:28:09 | INFO     | Response status: 304 NOT MODIFIED
2025-09-07 11:28:13 | INFO     | Incoming request
2025-09-07 11:28:13 | INFO     | Response status: 200 OK
2025-09-07 11:28:13 | INFO     | Incoming request
2025-09-07 11:28:13 | INFO     | Response status: 304 NOT MODIFIED
2025-09-07 11:28:14 | INFO     | Incoming request
2025-09-07 11:28:14 | INFO     | Response status: 304 NOT MODIFIED
2025-09-07 11:30:23 | INFO     | Incoming request
2025-09-07 11:30:23 | INFO     | Response status: 302 FOUND
2025-09-07 11:30:23 | INFO     | Incoming request
2025-09-07 11:30:23 | INFO     | Response status: 200 OK
2025-09-07 11:30:23 | INFO     | Incoming request
2025-09-07 11:30:23 | INFO     | Response status: 304 NOT MODIFIED
2025-09-07 11:30:23 | INFO     | Incoming request
2025-09-07 11:30:23 | INFO     | Response status: 200 OK
2025-09-07 11:30:34 | INFO     | Incoming request
2025-09-07 11:30:34 | INFO     | Response status: 200 OK
2025-09-07 11:30:36 | INFO     | Incoming request
2025-09-07 11:30:36 | INFO     | Response status: 200 OK
2025-09-07 11:30:36 | INFO     | Incoming request
2025-09-07 11:30:36 | INFO     | Response status: 304 NOT MODIFIED
2025-09-07 11:30:36 | INFO     | Incoming request
2025-09-07 11:30:36 | INFO     | Incoming request
2025-09-07 11:30:36 | INFO     | Response status: 304 NOT MODIFIED
2025-09-07 11:30:36 | INFO     | Incoming request
2025-09-07 11:30:36 | INFO     | Response status: 304 NOT MODIFIED
2025-09-07 11:30:36 | INFO     | Incoming request
2025-09-07 11:30:36 | INFO     | Response status: 304 NOT MODIFIED
2025-09-07 11:30:36 | INFO     | Response status: 304 NOT MODIFIED
2025-09-07 11:30:42 | INFO     | Incoming request
2025-09-07 11:30:42 | INFO     | Memoir mode home sidebar
2025-09-07 11:30:42 | INFO     | Response status: 200 OK
2025-09-07 11:30:43 | INFO     | Incoming request
2025-09-07 11:30:43 | INFO     | Response status: 304 NOT MODIFIED
2025-09-07 11:30:43 | INFO     | Incoming request
2025-09-07 11:30:43 | INFO     | Response status: 304 NOT MODIFIED
2025-09-07 11:30:43 | INFO     | Incoming request
2025-09-07 11:30:43 | INFO     | Response status: 304 NOT MODIFIED
2025-09-07 11:30:43 | INFO     | Incoming request
2025-09-07 11:30:43 | INFO     | Response status: 304 NOT MODIFIED
2025-09-07 11:30:43 | INFO     | Incoming request
2025-09-07 11:30:43 | INFO     | Response status: 304 NOT MODIFIED
2025-09-07 11:30:43 | INFO     | Incoming request
2025-09-07 11:30:43 | INFO     | Response status: 304 NOT MODIFIED
2025-09-07 11:30:43 | INFO     | Incoming request
2025-09-07 11:30:43 | INFO     | Response status: 304 NOT MODIFIED
2025-09-07 11:30:43 | INFO     | Incoming request
2025-09-07 11:30:43 | INFO     | Incoming request
2025-09-07 11:30:43 | INFO     | Response status: 304 NOT MODIFIED
2025-09-07 11:30:43 | INFO     | Response status: 304 NOT MODIFIED
2025-09-07 11:30:43 | INFO     | Incoming request
2025-09-07 11:30:43 | INFO     | Response status: 200 OK
2025-09-07 11:30:45 | INFO     | Incoming request
2025-09-07 11:30:45 | INFO     | Response status: 200 OK
2025-09-07 11:30:45 | INFO     | Incoming request
2025-09-07 11:30:45 | INFO     | Incoming request
2025-09-07 11:30:45 | INFO     | Incoming request
2025-09-07 11:30:45 | INFO     | Response status: 304 NOT MODIFIED
2025-09-07 11:30:45 | INFO     | Response status: 304 NOT MODIFIED
2025-09-07 11:30:45 | INFO     | Response status: 304 NOT MODIFIED
2025-09-07 11:30:45 | INFO     | Incoming request
2025-09-07 11:30:45 | INFO     | Response status: 304 NOT MODIFIED
2025-09-07 11:42:12 | INFO     | Incoming request
2025-09-07 11:42:12 | INFO     | Glasses home route accessed
2025-09-07 11:42:12 | INFO     | Response status: 200 OK
2025-09-07 11:42:12 | INFO     | Incoming request
2025-09-07 11:42:12 | INFO     | Response status: 304 NOT MODIFIED
2025-09-07 11:42:12 | INFO     | Incoming request
2025-09-07 11:42:12 | INFO     | Response status: 304 NOT MODIFIED
2025-09-07 11:42:12 | INFO     | Incoming request
2025-09-07 11:42:12 | INFO     | Response status: 200 OK
2025-09-07 11:42:14 | INFO     | Incoming request
2025-09-07 11:42:14 | INFO     | Memoir mode home sidebar
2025-09-07 11:42:14 | INFO     | Response status: 200 OK
2025-09-07 11:42:14 | INFO     | Incoming request
2025-09-07 11:42:14 | INFO     | Incoming request
2025-09-07 11:42:14 | INFO     | Response status: 304 NOT MODIFIED
2025-09-07 11:42:14 | INFO     | Response status: 304 NOT MODIFIED
2025-09-07 11:42:14 | INFO     | Incoming request
2025-09-07 11:42:14 | INFO     | Response status: 304 NOT MODIFIED
2025-09-07 11:42:14 | INFO     | Incoming request
2025-09-07 11:42:14 | INFO     | Response status: 304 NOT MODIFIED
2025-09-07 11:42:14 | INFO     | Incoming request
2025-09-07 11:42:14 | INFO     | Response status: 304 NOT MODIFIED
2025-09-07 11:42:14 | INFO     | Incoming request
2025-09-07 11:42:14 | INFO     | Response status: 304 NOT MODIFIED
2025-09-07 11:42:14 | INFO     | Incoming request
2025-09-07 11:42:14 | INFO     | Response status: 304 NOT MODIFIED
2025-09-07 11:42:14 | INFO     | Incoming request
2025-09-07 11:42:14 | INFO     | Incoming request
2025-09-07 11:42:14 | INFO     | Response status: 304 NOT MODIFIED
2025-09-07 11:42:14 | INFO     | Response status: 304 NOT MODIFIED
2025-09-07 11:42:15 | INFO     | Incoming request
2025-09-07 11:42:15 | INFO     | Response status: 200 OK
2025-09-07 11:42:29 | INFO     | Incoming request
2025-09-07 11:42:29 | INFO     | Response status: 200 OK
2025-09-07 11:42:29 | INFO     | Incoming request
2025-09-07 11:42:29 | INFO     | Incoming request
2025-09-07 11:42:29 | INFO     | Incoming request
2025-09-07 11:42:29 | INFO     | Response status: 304 NOT MODIFIED
2025-09-07 11:42:29 | INFO     | Incoming request
2025-09-07 11:42:29 | INFO     | Response status: 304 NOT MODIFIED
2025-09-07 11:42:29 | INFO     | Response status: 304 NOT MODIFIED
2025-09-07 11:42:29 | INFO     | Response status: 304 NOT MODIFIED
2025-09-07 11:42:31 | INFO     | Incoming request
2025-09-07 11:42:31 | INFO     | Response status: 200 OK
2025-09-07 11:42:36 | INFO     | Incoming request
2025-09-07 11:42:36 | INFO     | Response status: 200 OK
2025-09-07 11:42:39 | INFO     | Incoming request
2025-09-07 11:42:39 | INFO     | Response status: 304 NOT MODIFIED
2025-09-07 11:42:39 | INFO     | Incoming request
2025-09-07 11:42:39 | INFO     | Incoming request
2025-09-07 11:42:39 | INFO     | Response status: 304 NOT MODIFIED
2025-09-07 11:42:39 | INFO     | Response status: 304 NOT MODIFIED
2025-09-07 11:42:41 | INFO     | Incoming request
2025-09-07 11:42:41 | INFO     | Response status: 200 OK
2025-09-07 11:42:41 | INFO     | Incoming request
2025-09-07 11:42:41 | INFO     | Response status: 200 OK
2025-09-07 11:44:50 | INFO     | Incoming request
2025-09-07 11:44:50 | INFO     | Glasses home route accessed
2025-09-07 11:44:50 | INFO     | Response status: 200 OK
2025-09-07 11:44:50 | INFO     | Incoming request
2025-09-07 11:44:50 | INFO     | Response status: 304 NOT MODIFIED
2025-09-07 11:44:50 | INFO     | Incoming request
2025-09-07 11:44:50 | INFO     | Response status: 304 NOT MODIFIED
2025-09-07 11:44:50 | INFO     | Incoming request
2025-09-07 11:44:50 | INFO     | Response status: 200 OK
2025-09-07 11:44:52 | INFO     | Incoming request
2025-09-07 11:44:52 | INFO     | Memoir mode home sidebar
2025-09-07 11:44:52 | INFO     | Response status: 200 OK
2025-09-07 11:44:52 | INFO     | Incoming request
2025-09-07 11:44:52 | INFO     | Response status: 304 NOT MODIFIED
2025-09-07 11:44:52 | INFO     | Incoming request
2025-09-07 11:44:52 | INFO     | Response status: 304 NOT MODIFIED
2025-09-07 11:44:52 | INFO     | Incoming request
2025-09-07 11:44:52 | INFO     | Response status: 304 NOT MODIFIED
2025-09-07 11:44:52 | INFO     | Incoming request
2025-09-07 11:44:52 | INFO     | Response status: 304 NOT MODIFIED
2025-09-07 11:44:52 | INFO     | Incoming request
2025-09-07 11:44:52 | INFO     | Response status: 304 NOT MODIFIED
2025-09-07 11:44:52 | INFO     | Incoming request
2025-09-07 11:44:52 | INFO     | Response status: 304 NOT MODIFIED
2025-09-07 11:44:52 | INFO     | Incoming request
2025-09-07 11:44:52 | INFO     | Response status: 304 NOT MODIFIED
2025-09-07 11:44:52 | INFO     | Incoming request
2025-09-07 11:44:52 | INFO     | Incoming request
2025-09-07 11:44:52 | INFO     | Response status: 304 NOT MODIFIED
2025-09-07 11:44:52 | INFO     | Response status: 304 NOT MODIFIED
2025-09-07 11:44:53 | INFO     | Incoming request
2025-09-07 11:44:53 | INFO     | Response status: 200 OK
2025-09-07 11:44:54 | INFO     | Incoming request
2025-09-07 11:44:54 | INFO     | Response status: 200 OK
2025-09-07 11:44:54 | INFO     | Incoming request
2025-09-07 11:44:54 | INFO     | Response status: 304 NOT MODIFIED
2025-09-07 11:44:54 | INFO     | Incoming request
2025-09-07 11:44:54 | INFO     | Incoming request
2025-09-07 11:44:54 | INFO     | Response status: 304 NOT MODIFIED
2025-09-07 11:44:54 | INFO     | Incoming request
2025-09-07 11:44:54 | INFO     | Response status: 304 NOT MODIFIED
2025-09-07 11:44:54 | INFO     | Response status: 304 NOT MODIFIED
2025-09-07 11:44:55 | INFO     | Incoming request
2025-09-07 11:44:55 | INFO     | Response status: 200 OK
2025-09-07 11:44:57 | INFO     | Incoming request
2025-09-07 11:44:57 | INFO     | Response status: 304 NOT MODIFIED
2025-09-07 11:44:57 | INFO     | Incoming request
2025-09-07 11:44:57 | INFO     | Incoming request
2025-09-07 11:44:57 | INFO     | Response status: 304 NOT MODIFIED
2025-09-07 11:44:57 | INFO     | Response status: 304 NOT MODIFIED
2025-09-07 11:44:59 | INFO     | Incoming request
2025-09-07 11:44:59 | INFO     | Response status: 200 OK
2025-09-07 11:44:59 | INFO     | Incoming request
2025-09-07 11:44:59 | INFO     | Response status: 200 OK
2025-09-07 11:45:01 | INFO     | Incoming request
2025-09-07 11:45:01 | INFO     | Response status: 200 OK
2025-09-07 11:45:48 | INFO     | Incoming request
2025-09-07 11:45:48 | INFO     | Response status: 200 OK
2025-09-07 11:45:48 | INFO     | Incoming request
2025-09-07 11:45:48 | INFO     | Response status: 200 OK
2025-09-07 11:45:48 | INFO     | Incoming request
2025-09-07 11:45:48 | INFO     | Response status: 304 NOT MODIFIED
2025-09-07 11:45:55 | INFO     | Incoming request
2025-09-07 11:45:55 | INFO     | Response status: 200 OK
2025-09-07 11:45:55 | INFO     | Incoming request
2025-09-07 11:45:55 | INFO     | Response status: 304 NOT MODIFIED
2025-09-07 11:45:55 | INFO     | Incoming request
2025-09-07 11:45:55 | INFO     | Response status: 304 NOT MODIFIED
2025-09-07 11:46:14 | INFO     | Incoming request
2025-09-07 11:46:14 | INFO     | Response status: 200 OK
2025-09-07 11:46:14 | INFO     | Incoming request
2025-09-07 11:46:14 | INFO     | Response status: 304 NOT MODIFIED
2025-09-07 11:46:14 | INFO     | Incoming request
2025-09-07 11:46:14 | INFO     | Response status: 304 NOT MODIFIED
2025-09-07 11:46:37 | INFO     | Incoming request
2025-09-07 11:46:37 | INFO     | Response status: 200 OK
2025-09-07 11:46:38 | INFO     | Incoming request
2025-09-07 11:46:38 | INFO     | Response status: 304 NOT MODIFIED
2025-09-07 11:46:38 | INFO     | Incoming request
2025-09-07 11:46:38 | INFO     | Incoming request
2025-09-07 11:46:38 | INFO     | Incoming request
2025-09-07 11:46:38 | INFO     | Incoming request
2025-09-07 11:46:38 | INFO     | Response status: 304 NOT MODIFIED
2025-09-07 11:46:38 | INFO     | Response status: 304 NOT MODIFIED
2025-09-07 11:46:38 | INFO     | Response status: 304 NOT MODIFIED
2025-09-07 11:46:38 | INFO     | Response status: 304 NOT MODIFIED
2025-09-07 12:00:46 | INFO     | Incoming request
2025-09-07 12:00:46 | INFO     | Memoir mode home sidebar
2025-09-07 12:00:46 | INFO     | Response status: 200 OK
2025-09-07 12:00:46 | INFO     | Incoming request
2025-09-07 12:00:46 | INFO     | Response status: 304 NOT MODIFIED
2025-09-07 12:00:46 | INFO     | Incoming request
2025-09-07 12:00:46 | INFO     | Response status: 304 NOT MODIFIED
2025-09-07 12:00:46 | INFO     | Incoming request
2025-09-07 12:00:46 | INFO     | Response status: 304 NOT MODIFIED
2025-09-07 12:00:46 | INFO     | Incoming request
2025-09-07 12:00:46 | INFO     | Response status: 304 NOT MODIFIED
2025-09-07 12:00:46 | INFO     | Incoming request
2025-09-07 12:00:46 | INFO     | Response status: 304 NOT MODIFIED
2025-09-07 12:00:46 | INFO     | Incoming request
2025-09-07 12:00:46 | INFO     | Response status: 304 NOT MODIFIED
2025-09-07 12:00:46 | INFO     | Incoming request
2025-09-07 12:00:46 | INFO     | Response status: 304 NOT MODIFIED
2025-09-07 12:00:46 | INFO     | Incoming request
2025-09-07 12:00:46 | INFO     | Incoming request
2025-09-07 12:00:46 | INFO     | Response status: 304 NOT MODIFIED
2025-09-07 12:00:46 | INFO     | Response status: 304 NOT MODIFIED
2025-09-07 12:00:47 | INFO     | Incoming request
2025-09-07 12:00:47 | INFO     | Response status: 200 OK
2025-09-07 12:00:54 | INFO     | Incoming request
2025-09-07 12:00:54 | INFO     | Glasses home route accessed
2025-09-07 12:00:54 | INFO     | Response status: 200 OK
2025-09-07 12:00:54 | INFO     | Incoming request
2025-09-07 12:00:54 | INFO     | Response status: 304 NOT MODIFIED
2025-09-07 12:00:54 | INFO     | Incoming request
2025-09-07 12:00:54 | INFO     | Response status: 304 NOT MODIFIED
2025-09-07 12:00:54 | INFO     | Incoming request
2025-09-07 12:00:54 | INFO     | Response status: 200 OK
2025-09-07 12:01:21 | INFO     | Incoming request
2025-09-07 12:01:21 | INFO     | Memoir mode home sidebar
2025-09-07 12:01:21 | INFO     | Response status: 200 OK
2025-09-07 12:01:21 | INFO     | Incoming request
2025-09-07 12:01:21 | INFO     | Incoming request
2025-09-07 12:01:21 | INFO     | Response status: 304 NOT MODIFIED
2025-09-07 12:01:21 | INFO     | Response status: 304 NOT MODIFIED
2025-09-07 12:01:21 | INFO     | Incoming request
2025-09-07 12:01:21 | INFO     | Response status: 304 NOT MODIFIED
2025-09-07 12:01:21 | INFO     | Incoming request
2025-09-07 12:01:21 | INFO     | Response status: 304 NOT MODIFIED
2025-09-07 12:01:21 | INFO     | Incoming request
2025-09-07 12:01:21 | INFO     | Response status: 304 NOT MODIFIED
2025-09-07 12:01:21 | INFO     | Incoming request
2025-09-07 12:01:21 | INFO     | Response status: 304 NOT MODIFIED
2025-09-07 12:01:21 | INFO     | Incoming request
2025-09-07 12:01:21 | INFO     | Response status: 304 NOT MODIFIED
2025-09-07 12:01:21 | INFO     | Incoming request
2025-09-07 12:01:21 | INFO     | Incoming request
2025-09-07 12:01:21 | INFO     | Response status: 304 NOT MODIFIED
2025-09-07 12:01:21 | INFO     | Response status: 304 NOT MODIFIED
2025-09-07 12:01:22 | INFO     | Incoming request
2025-09-07 12:01:22 | INFO     | Response status: 200 OK
2025-09-07 12:01:32 | INFO     | Incoming request
2025-09-07 12:01:32 | INFO     | Response status: 200 OK
2025-09-07 12:01:32 | INFO     | Incoming request
2025-09-07 12:01:32 | INFO     | Incoming request
2025-09-07 12:01:32 | INFO     | Incoming request
2025-09-07 12:01:32 | INFO     | Response status: 304 NOT MODIFIED
2025-09-07 12:01:32 | INFO     | Incoming request
2025-09-07 12:01:32 | INFO     | Response status: 304 NOT MODIFIED
2025-09-07 12:01:32 | INFO     | Response status: 304 NOT MODIFIED
2025-09-07 12:01:32 | INFO     | Response status: 304 NOT MODIFIED
2025-09-07 12:04:07 | INFO     | Incoming request
2025-09-07 12:04:07 | INFO     | Response status: 304 NOT MODIFIED
2025-09-07 12:04:07 | INFO     | Incoming request
2025-09-07 12:04:07 | INFO     | Response status: 404 NOT FOUND
2025-09-07 12:04:30 | INFO     | Incoming request
2025-09-07 12:04:30 | INFO     | Response status: 404 NOT FOUND
2025-09-07 12:05:32 | INFO     | Incoming request
2025-09-07 12:05:32 | INFO     | Response status: 200 OK
2025-09-07 12:05:32 | INFO     | Incoming request
2025-09-07 12:05:32 | INFO     | Response status: 304 NOT MODIFIED
2025-09-07 12:05:32 | INFO     | Incoming request
2025-09-07 12:05:32 | INFO     | Incoming request
2025-09-07 12:05:32 | INFO     | Incoming request
2025-09-07 12:05:32 | INFO     | Response status: 304 NOT MODIFIED
2025-09-07 12:05:32 | INFO     | Incoming request
2025-09-07 12:05:32 | INFO     | Response status: 304 NOT MODIFIED
2025-09-07 12:05:32 | INFO     | Response status: 304 NOT MODIFIED
2025-09-07 12:05:32 | INFO     | Response status: 304 NOT MODIFIED
