2025-09-06 15:09:13 | INFO     | Flask app created successfully
2025-09-06 15:09:17 | INFO     | Incoming request
2025-09-06 15:09:17 | INFO     | Memoir mode home sidebar
2025-09-06 15:09:17 | INFO     | Response status: 200 OK
2025-09-06 15:09:17 | INFO     | Incoming request
2025-09-06 15:09:17 | INFO     | Incoming request
2025-09-06 15:09:18 | INFO     | Response status: 304 NOT MODIFIED
2025-09-06 15:09:18 | INFO     | Response status: 304 NOT MODIFIED
2025-09-06 15:09:18 | INFO     | Incoming request
2025-09-06 15:09:18 | INFO     | Response status: 200 OK
2025-09-06 15:09:19 | INFO     | Incoming request
2025-09-06 15:09:19 | INFO     | Incoming request
2025-09-06 15:09:19 | INFO     | Response status: 404 NOT FOUND
2025-09-06 15:09:19 | INFO     | Incoming request
2025-09-06 15:09:19 | INFO     | Response status: 404 NOT FOUND
2025-09-06 15:09:19 | INFO     | Response status: 404 NOT FOUND
2025-09-06 15:09:20 | INFO     | Incoming request
2025-09-06 15:09:20 | INFO     | Response status: 200 OK
2025-09-06 15:09:22 | INFO     | Incoming request
2025-09-06 15:09:22 | INFO     | Response status: 404 NOT FOUND
2025-09-06 15:09:22 | INFO     | Incoming request
2025-09-06 15:09:22 | INFO     | Response status: 404 NOT FOUND
2025-09-06 15:09:22 | INFO     | Incoming request
2025-09-06 15:09:22 | INFO     | Response status: 404 NOT FOUND
2025-09-06 15:09:25 | INFO     | Incoming request
2025-09-06 15:09:25 | INFO     | Response status: 200 OK
2025-09-06 15:09:28 | INFO     | Incoming request
2025-09-06 15:09:28 | INFO     | Incoming request
2025-09-06 15:09:28 | INFO     | Response status: 404 NOT FOUND
2025-09-06 15:09:28 | INFO     | Response status: 404 NOT FOUND
2025-09-06 15:09:28 | INFO     | Incoming request
2025-09-06 15:09:28 | INFO     | Response status: 404 NOT FOUND
2025-09-06 15:09:30 | INFO     | Incoming request
2025-09-06 15:09:30 | INFO     | Response status: 200 OK
2025-09-06 15:09:31 | INFO     | Incoming request
2025-09-06 15:09:31 | INFO     | Incoming request
2025-09-06 15:09:31 | INFO     | Response status: 404 NOT FOUND
2025-09-06 15:09:31 | INFO     | Incoming request
2025-09-06 15:09:31 | INFO     | Response status: 404 NOT FOUND
2025-09-06 15:09:31 | INFO     | Response status: 404 NOT FOUND
2025-09-06 15:09:58 | INFO     | Incoming request
2025-09-06 15:09:58 | INFO     | Response status: 200 OK
2025-09-06 15:27:51 | INFO     | Incoming request
2025-09-06 15:27:51 | INFO     | Response status: 200 OK
2025-09-06 15:35:28 | INFO     | Incoming request
2025-09-06 15:35:28 | INFO     | Memoir mode home sidebar
2025-09-06 15:35:28 | INFO     | Response status: 200 OK
2025-09-06 15:35:28 | INFO     | Incoming request
2025-09-06 15:35:28 | INFO     | Incoming request
2025-09-06 15:35:28 | INFO     | Response status: 304 NOT MODIFIED
2025-09-06 15:35:28 | INFO     | Response status: 304 NOT MODIFIED
2025-09-06 15:35:28 | INFO     | Incoming request
2025-09-06 15:35:28 | INFO     | Response status: 200 OK
2025-09-06 15:35:30 | INFO     | Incoming request
2025-09-06 15:35:30 | INFO     | Incoming request
2025-09-06 15:35:30 | INFO     | Response status: 404 NOT FOUND
2025-09-06 15:35:30 | INFO     | Response status: 404 NOT FOUND
2025-09-06 15:35:30 | INFO     | Incoming request
2025-09-06 15:35:30 | INFO     | Response status: 404 NOT FOUND
2025-09-06 15:35:32 | INFO     | Incoming request
2025-09-06 15:35:32 | INFO     | Response status: 200 OK
2025-09-06 15:35:32 | INFO     | Incoming request
2025-09-06 15:35:32 | INFO     | Response status: 404 NOT FOUND
2025-09-06 15:35:36 | INFO     | Incoming request
2025-09-06 15:35:36 | INFO     | Incoming request
2025-09-06 15:35:36 | INFO     | Response status: 404 NOT FOUND
2025-09-06 15:35:36 | INFO     | Response status: 404 NOT FOUND
2025-09-06 15:35:36 | INFO     | Incoming request
2025-09-06 15:35:36 | INFO     | Response status: 404 NOT FOUND
2025-09-06 15:35:42 | INFO     | Incoming request
2025-09-06 15:35:42 | INFO     | Response status: 200 OK
2025-09-06 15:35:42 | INFO     | Incoming request
2025-09-06 15:35:42 | INFO     | Response status: 404 NOT FOUND
2025-09-06 15:35:43 | INFO     | Incoming request
2025-09-06 15:35:43 | INFO     | Response status: 404 NOT FOUND
2025-09-06 15:35:43 | INFO     | Incoming request
2025-09-06 15:35:43 | INFO     | Response status: 404 NOT FOUND
2025-09-06 15:35:43 | INFO     | Incoming request
2025-09-06 15:35:43 | INFO     | Response status: 404 NOT FOUND
2025-09-06 15:35:44 | INFO     | Incoming request
2025-09-06 15:35:44 | INFO     | Response status: 200 OK
2025-09-06 15:35:44 | INFO     | Incoming request
2025-09-06 15:35:44 | INFO     | Response status: 404 NOT FOUND
2025-09-06 15:44:11 | INFO     | Incoming request
2025-09-06 15:44:11 | INFO     | Incoming request
2025-09-06 15:44:11 | INFO     | Response status: 404 NOT FOUND
2025-09-06 15:44:11 | INFO     | Response status: 404 NOT FOUND
2025-09-06 15:44:11 | INFO     | Incoming request
2025-09-06 15:44:11 | INFO     | Response status: 404 NOT FOUND
2025-09-06 15:44:15 | INFO     | Incoming request
2025-09-06 15:44:15 | INFO     | Response status: 200 OK
2025-09-06 15:44:15 | INFO     | Incoming request
2025-09-06 15:44:15 | INFO     | Response status: 404 NOT FOUND
2025-09-06 15:44:16 | INFO     | Incoming request
2025-09-06 15:44:16 | INFO     | Incoming request
2025-09-06 15:44:16 | INFO     | Response status: 404 NOT FOUND
2025-09-06 15:44:16 | INFO     | Response status: 404 NOT FOUND
2025-09-06 15:44:16 | INFO     | Incoming request
2025-09-06 15:44:16 | INFO     | Response status: 404 NOT FOUND
2025-09-06 15:44:23 | INFO     | Incoming request
2025-09-06 15:44:23 | INFO     | Incoming request
2025-09-06 15:44:23 | INFO     | Response status: 404 NOT FOUND
2025-09-06 15:44:23 | INFO     | Response status: 404 NOT FOUND
2025-09-06 15:44:23 | INFO     | Incoming request
2025-09-06 15:44:23 | INFO     | Response status: 404 NOT FOUND
2025-09-06 15:44:24 | INFO     | Incoming request
2025-09-06 15:44:24 | INFO     | Response status: 200 OK
2025-09-06 15:44:24 | INFO     | Incoming request
2025-09-06 15:44:24 | INFO     | Response status: 404 NOT FOUND
2025-09-06 15:44:29 | INFO     | Incoming request
2025-09-06 15:44:29 | INFO     | Response status: 200 OK
2025-09-06 15:44:29 | INFO     | Incoming request
2025-09-06 15:44:29 | INFO     | Response status: 404 NOT FOUND
2025-09-06 15:44:32 | INFO     | Incoming request
2025-09-06 15:44:32 | INFO     | Response status: 404 NOT FOUND
2025-09-06 15:44:32 | INFO     | Incoming request
2025-09-06 15:44:32 | INFO     | Incoming request
2025-09-06 15:44:32 | INFO     | Response status: 404 NOT FOUND
2025-09-06 15:44:32 | INFO     | Response status: 404 NOT FOUND
2025-09-06 15:44:38 | INFO     | Incoming request
2025-09-06 15:44:38 | INFO     | Response status: 200 OK
2025-09-06 15:44:38 | INFO     | Incoming request
2025-09-06 15:44:38 | INFO     | Response status: 404 NOT FOUND
2025-09-06 15:44:44 | INFO     | Incoming request
2025-09-06 15:44:44 | INFO     | Response status: 200 OK
2025-09-06 15:44:44 | INFO     | Incoming request
2025-09-06 15:44:44 | INFO     | Response status: 404 NOT FOUND
2025-09-06 15:44:50 | INFO     | Incoming request
2025-09-06 15:44:50 | INFO     | Incoming request
2025-09-06 15:44:50 | INFO     | Response status: 404 NOT FOUND
2025-09-06 15:44:50 | INFO     | Incoming request
2025-09-06 15:44:50 | INFO     | Response status: 404 NOT FOUND
2025-09-06 15:44:50 | INFO     | Response status: 404 NOT FOUND
2025-09-06 15:47:03 | INFO     | Incoming request
2025-09-06 15:47:03 | INFO     | Incoming request
2025-09-06 15:47:03 | INFO     | Response status: 404 NOT FOUND
2025-09-06 15:47:03 | INFO     | Incoming request
2025-09-06 15:47:03 | INFO     | Response status: 404 NOT FOUND
2025-09-06 15:47:03 | INFO     | Response status: 404 NOT FOUND
2025-09-06 15:55:36 | INFO     | Incoming request
2025-09-06 15:55:36 | INFO     | Response status: 404 NOT FOUND
2025-09-06 15:55:36 | INFO     | Incoming request
2025-09-06 15:55:36 | INFO     | Incoming request
2025-09-06 15:55:36 | INFO     | Response status: 404 NOT FOUND
2025-09-06 15:55:36 | INFO     | Response status: 404 NOT FOUND
2025-09-06 15:55:38 | INFO     | Incoming request
2025-09-06 15:55:38 | INFO     | Response status: 200 OK
2025-09-06 15:55:38 | INFO     | Incoming request
2025-09-06 15:55:38 | INFO     | Response status: 404 NOT FOUND
2025-09-06 15:58:59 | INFO     | Incoming request
2025-09-06 15:58:59 | INFO     | Incoming request
2025-09-06 15:58:59 | INFO     | Response status: 404 NOT FOUND
2025-09-06 15:58:59 | INFO     | Incoming request
2025-09-06 15:58:59 | INFO     | Response status: 404 NOT FOUND
2025-09-06 15:58:59 | INFO     | Response status: 404 NOT FOUND
2025-09-06 15:59:04 | INFO     | Incoming request
2025-09-06 15:59:04 | INFO     | Response status: 200 OK
2025-09-06 15:59:04 | INFO     | Incoming request
2025-09-06 15:59:04 | INFO     | Response status: 404 NOT FOUND
2025-09-06 16:06:40 | INFO     | Incoming request
2025-09-06 16:06:40 | INFO     | Incoming request
2025-09-06 16:06:40 | INFO     | Response status: 404 NOT FOUND
2025-09-06 16:06:40 | INFO     | Response status: 404 NOT FOUND
2025-09-06 16:06:40 | INFO     | Incoming request
2025-09-06 16:06:40 | INFO     | Response status: 404 NOT FOUND
