2025-09-06 18:52:29 | INFO     | Flask app created successfully
2025-09-06 18:52:32 | INFO     | Incoming request
2025-09-06 18:52:32 | INFO     | Memoir mode home sidebar
2025-09-06 18:52:32 | INFO     | Response status: 200 OK
2025-09-06 18:52:32 | INFO     | Incoming request
2025-09-06 18:52:32 | INFO     | Response status: 404 NOT FOUND
2025-09-06 18:52:32 | INFO     | Incoming request
2025-09-06 18:52:32 | INFO     | Incoming request
2025-09-06 18:52:32 | INFO     | Response status: 304 NOT MODIFIED
2025-09-06 18:52:32 | INFO     | Response status: 304 NOT MODIFIED
2025-09-06 18:52:32 | INFO     | Incoming request
2025-09-06 18:52:32 | INFO     | Response status: 304 NOT MODIFIED
2025-09-06 18:53:41 | INFO     | Incoming request
2025-09-06 18:53:41 | INFO     | Memoir mode home sidebar
2025-09-06 18:53:41 | INFO     | Response status: 200 OK
2025-09-06 18:53:41 | INFO     | Incoming request
2025-09-06 18:53:41 | INFO     | Response status: 200 OK
2025-09-06 18:53:41 | INFO     | Incoming request
2025-09-06 18:53:41 | INFO     | Response status: 200 OK
2025-09-06 18:53:42 | INFO     | Incoming request
2025-09-06 18:53:42 | INFO     | Response status: 200 OK
2025-09-06 18:53:48 | INFO     | Incoming request
2025-09-06 18:53:48 | INFO     | Response status: 304 NOT MODIFIED
2025-09-06 18:53:48 | INFO     | Incoming request
2025-09-06 18:53:48 | INFO     | Response status: 404 NOT FOUND
2025-09-06 18:58:26 | INFO     | Incoming request
2025-09-06 18:58:26 | INFO     | Memoir mode home sidebar
2025-09-06 18:58:26 | INFO     | Response status: 200 OK
2025-09-06 18:58:26 | INFO     | Incoming request
2025-09-06 18:58:26 | INFO     | Response status: 304 NOT MODIFIED
2025-09-06 18:58:26 | INFO     | Incoming request
2025-09-06 18:58:26 | INFO     | Response status: 304 NOT MODIFIED
2025-09-06 18:58:26 | INFO     | Incoming request
2025-09-06 18:58:26 | INFO     | Response status: 404 NOT FOUND
2025-09-06 18:58:27 | INFO     | Incoming request
2025-09-06 18:58:27 | INFO     | Response status: 200 OK
2025-09-06 18:58:27 | INFO     | Incoming request
2025-09-06 18:58:27 | INFO     | Response status: 404 NOT FOUND
2025-09-06 18:59:39 | INFO     | Incoming request
2025-09-06 18:59:39 | INFO     | Memoir mode home sidebar
2025-09-06 18:59:39 | INFO     | Response status: 200 OK
2025-09-06 18:59:39 | INFO     | Incoming request
2025-09-06 18:59:40 | INFO     | Response status: 404 NOT FOUND
2025-09-06 18:59:40 | INFO     | Incoming request
2025-09-06 18:59:40 | INFO     | Incoming request
2025-09-06 18:59:40 | INFO     | Response status: 304 NOT MODIFIED
2025-09-06 18:59:40 | INFO     | Response status: 304 NOT MODIFIED
2025-09-06 18:59:40 | INFO     | Incoming request
2025-09-06 18:59:40 | INFO     | Response status: 200 OK
2025-09-06 18:59:40 | INFO     | Incoming request
2025-09-06 18:59:40 | INFO     | Response status: 200 OK
2025-09-06 18:59:40 | INFO     | Incoming request
2025-09-06 18:59:40 | INFO     | Response status: 200 OK
2025-09-06 19:00:03 | INFO     | Incoming request
2025-09-06 19:00:03 | INFO     | Memoir mode home sidebar
2025-09-06 19:00:03 | INFO     | Response status: 200 OK
2025-09-06 19:00:03 | INFO     | Incoming request
2025-09-06 19:00:03 | INFO     | Response status: 304 NOT MODIFIED
2025-09-06 19:00:03 | INFO     | Incoming request
2025-09-06 19:00:03 | INFO     | Incoming request
2025-09-06 19:00:03 | INFO     | Response status: 404 NOT FOUND
2025-09-06 19:00:03 | INFO     | Response status: 304 NOT MODIFIED
2025-09-06 19:00:04 | INFO     | Incoming request
2025-09-06 19:00:04 | INFO     | Response status: 304 NOT MODIFIED
2025-09-06 19:00:04 | INFO     | Incoming request
2025-09-06 19:00:04 | INFO     | Response status: 200 OK
2025-09-06 19:00:04 | INFO     | Incoming request
2025-09-06 19:00:04 | INFO     | Response status: 200 OK
2025-09-06 19:08:50 | INFO     | Incoming request
2025-09-06 19:08:50 | INFO     | Memoir mode home sidebar
2025-09-06 19:08:50 | INFO     | Response status: 200 OK
2025-09-06 19:08:50 | INFO     | Incoming request
2025-09-06 19:08:50 | INFO     | Incoming request
2025-09-06 19:08:50 | INFO     | Incoming request
2025-09-06 19:08:50 | INFO     | Response status: 404 NOT FOUND
2025-09-06 19:08:50 | INFO     | Response status: 200 OK
2025-09-06 19:08:50 | INFO     | Response status: 200 OK
2025-09-06 19:08:50 | INFO     | Incoming request
2025-09-06 19:08:50 | INFO     | Response status: 304 NOT MODIFIED
2025-09-06 19:08:50 | INFO     | Incoming request
2025-09-06 19:08:50 | INFO     | Response status: 304 NOT MODIFIED
2025-09-06 19:08:50 | INFO     | Incoming request
2025-09-06 19:08:50 | INFO     | Response status: 200 OK
2025-09-06 19:09:55 | INFO     | Incoming request
2025-09-06 19:09:55 | INFO     | Response status: 304 NOT MODIFIED
2025-09-06 19:09:55 | INFO     | Incoming request
2025-09-06 19:09:55 | INFO     | Response status: 404 NOT FOUND
2025-09-06 19:11:48 | INFO     | Incoming request
2025-09-06 19:11:48 | INFO     | Memoir mode home sidebar
2025-09-06 19:11:48 | INFO     | Response status: 200 OK
2025-09-06 19:11:48 | INFO     | Incoming request
2025-09-06 19:11:48 | INFO     | Response status: 404 NOT FOUND
2025-09-06 19:11:48 | INFO     | Incoming request
2025-09-06 19:11:48 | INFO     | Incoming request
2025-09-06 19:11:48 | INFO     | Response status: 200 OK
2025-09-06 19:11:48 | INFO     | Response status: 200 OK
2025-09-06 19:11:48 | INFO     | Incoming request
2025-09-06 19:11:48 | INFO     | Response status: 304 NOT MODIFIED
2025-09-06 19:11:48 | INFO     | Incoming request
2025-09-06 19:11:48 | INFO     | Response status: 304 NOT MODIFIED
2025-09-06 19:11:48 | INFO     | Incoming request
2025-09-06 19:11:48 | INFO     | Response status: 200 OK
2025-09-06 19:32:24 | INFO     | Incoming request
2025-09-06 19:32:24 | INFO     | Memoir mode home sidebar
2025-09-06 19:32:24 | INFO     | Response status: 200 OK
2025-09-06 19:32:24 | INFO     | Incoming request
2025-09-06 19:32:24 | INFO     | Incoming request
2025-09-06 19:32:24 | INFO     | Response status: 304 NOT MODIFIED
2025-09-06 19:32:24 | INFO     | Response status: 404 NOT FOUND
2025-09-06 19:32:24 | INFO     | Incoming request
2025-09-06 19:32:24 | INFO     | Response status: 200 OK
2025-09-06 19:32:24 | INFO     | Incoming request
2025-09-06 19:32:24 | INFO     | Response status: 304 NOT MODIFIED
2025-09-06 19:32:24 | INFO     | Incoming request
2025-09-06 19:32:24 | INFO     | Response status: 304 NOT MODIFIED
2025-09-06 19:32:24 | INFO     | Incoming request
2025-09-06 19:32:24 | INFO     | Response status: 200 OK
2025-09-06 19:40:52 | INFO     | Incoming request
2025-09-06 19:40:52 | INFO     | Incoming request
2025-09-06 19:40:52 | INFO     | Incoming request
2025-09-06 19:40:52 | INFO     | Response status: 304 NOT MODIFIED
2025-09-06 19:40:52 | INFO     | Incoming request
2025-09-06 19:40:52 | INFO     | Response status: 304 NOT MODIFIED
2025-09-06 19:40:52 | INFO     | Response status: 304 NOT MODIFIED
2025-09-06 19:40:52 | INFO     | Response status: 304 NOT MODIFIED
2025-09-06 19:40:54 | INFO     | Incoming request
2025-09-06 19:40:54 | INFO     | Response status: 200 OK
2025-09-06 19:41:54 | INFO     | Incoming request
2025-09-06 19:41:54 | INFO     | Incoming request
2025-09-06 19:41:54 | INFO     | Incoming request
2025-09-06 19:41:54 | INFO     | Response status: 304 NOT MODIFIED
2025-09-06 19:41:54 | INFO     | Response status: 304 NOT MODIFIED
2025-09-06 19:41:54 | INFO     | Response status: 304 NOT MODIFIED
2025-09-06 20:06:25 | INFO     | Incoming request
2025-09-06 20:06:25 | INFO     | Glasses home route accessed
2025-09-06 20:06:25 | INFO     | Response status: 200 OK
2025-09-06 20:06:25 | INFO     | Incoming request
2025-09-06 20:06:25 | INFO     | Response status: 304 NOT MODIFIED
2025-09-06 20:06:25 | INFO     | Incoming request
2025-09-06 20:06:25 | INFO     | Response status: 304 NOT MODIFIED
2025-09-06 20:06:26 | INFO     | Incoming request
2025-09-06 20:06:26 | INFO     | Response status: 200 OK
2025-09-06 20:06:32 | INFO     | Incoming request
2025-09-06 20:06:32 | INFO     | Memoir mode home sidebar
2025-09-06 20:06:32 | INFO     | Response status: 200 OK
2025-09-06 20:06:32 | INFO     | Incoming request
2025-09-06 20:06:32 | INFO     | Response status: 304 NOT MODIFIED
2025-09-06 20:06:32 | INFO     | Incoming request
2025-09-06 20:06:32 | INFO     | Response status: 200 OK
2025-09-06 20:06:32 | INFO     | Incoming request
2025-09-06 20:06:32 | INFO     | Response status: 304 NOT MODIFIED
2025-09-06 20:06:32 | INFO     | Incoming request
2025-09-06 20:06:32 | INFO     | Response status: 304 NOT MODIFIED
2025-09-06 20:06:32 | INFO     | Incoming request
2025-09-06 20:06:32 | INFO     | Response status: 200 OK
2025-09-06 20:06:54 | INFO     | Incoming request
2025-09-06 20:06:54 | INFO     | Response status: 304 NOT MODIFIED
2025-09-06 20:06:54 | INFO     | Incoming request
2025-09-06 20:06:54 | INFO     | Response status: 404 NOT FOUND
2025-09-06 20:06:58 | INFO     | Incoming request
2025-09-06 20:06:58 | INFO     | Incoming request
2025-09-06 20:06:58 | INFO     | Response status: 304 NOT MODIFIED
2025-09-06 20:06:58 | INFO     | Incoming request
2025-09-06 20:06:58 | INFO     | Incoming request
2025-09-06 20:06:58 | INFO     | Response status: 304 NOT MODIFIED
2025-09-06 20:06:58 | INFO     | Response status: 304 NOT MODIFIED
2025-09-06 20:06:58 | INFO     | Response status: 304 NOT MODIFIED
2025-09-06 20:07:26 | INFO     | Incoming request
2025-09-06 20:07:26 | INFO     | Incoming request
2025-09-06 20:07:26 | INFO     | Incoming request
2025-09-06 20:07:26 | INFO     | Incoming request
2025-09-06 20:07:26 | INFO     | Response status: 304 NOT MODIFIED
2025-09-06 20:07:26 | INFO     | Response status: 304 NOT MODIFIED
2025-09-06 20:07:26 | INFO     | Response status: 304 NOT MODIFIED
2025-09-06 20:07:26 | INFO     | Response status: 304 NOT MODIFIED
2025-09-06 20:07:28 | INFO     | Incoming request
2025-09-06 20:07:28 | INFO     | Response status: 200 OK
2025-09-06 20:09:29 | INFO     | Incoming request
2025-09-06 20:09:29 | INFO     | Response status: 200 OK
2025-09-06 20:09:29 | INFO     | Incoming request
2025-09-06 20:09:29 | INFO     | Response status: 304 NOT MODIFIED
2025-09-06 20:16:34 | INFO     | Incoming request
2025-09-06 20:16:34 | INFO     | Memoir mode home sidebar
2025-09-06 20:16:34 | INFO     | Response status: 200 OK
2025-09-06 20:16:34 | INFO     | Incoming request
2025-09-06 20:16:34 | INFO     | Response status: 404 NOT FOUND
2025-09-06 20:16:34 | INFO     | Incoming request
2025-09-06 20:16:34 | INFO     | Response status: 304 NOT MODIFIED
2025-09-06 20:16:34 | INFO     | Incoming request
2025-09-06 20:16:34 | INFO     | Response status: 200 OK
2025-09-06 20:16:34 | INFO     | Incoming request
2025-09-06 20:16:34 | INFO     | Response status: 304 NOT MODIFIED
2025-09-06 20:16:34 | INFO     | Incoming request
2025-09-06 20:16:34 | INFO     | Response status: 304 NOT MODIFIED
2025-09-06 20:16:34 | INFO     | Incoming request
2025-09-06 20:16:34 | INFO     | Response status: 200 OK
2025-09-06 20:16:44 | INFO     | Incoming request
2025-09-06 20:16:44 | INFO     | Incoming request
2025-09-06 20:16:44 | INFO     | Incoming request
2025-09-06 20:16:44 | INFO     | Response status: 304 NOT MODIFIED
2025-09-06 20:16:44 | INFO     | Incoming request
2025-09-06 20:16:44 | INFO     | Response status: 304 NOT MODIFIED
2025-09-06 20:16:44 | INFO     | Response status: 304 NOT MODIFIED
2025-09-06 20:16:44 | INFO     | Response status: 304 NOT MODIFIED
2025-09-06 20:16:56 | INFO     | Incoming request
2025-09-06 20:16:56 | INFO     | Response status: 200 OK
2025-09-06 20:20:08 | INFO     | Incoming request
2025-09-06 20:20:08 | INFO     | Response status: 200 OK
2025-09-06 20:20:08 | INFO     | Incoming request
2025-09-06 20:20:08 | INFO     | Response status: 304 NOT MODIFIED
2025-09-06 20:35:46 | INFO     | Incoming request
2025-09-06 20:35:46 | INFO     | Response status: 200 OK
2025-09-06 20:35:46 | INFO     | Incoming request
2025-09-06 20:35:46 | INFO     | Response status: 304 NOT MODIFIED
2025-09-06 20:36:19 | INFO     | Incoming request
2025-09-06 20:36:19 | INFO     | Incoming request
2025-09-06 20:36:19 | INFO     | Incoming request
2025-09-06 20:36:19 | INFO     | Response status: 304 NOT MODIFIED
2025-09-06 20:36:19 | INFO     | Response status: 304 NOT MODIFIED
2025-09-06 20:36:19 | INFO     | Response status: 304 NOT MODIFIED
2025-09-06 20:36:24 | INFO     | Incoming request
2025-09-06 20:36:24 | INFO     | Memoir mode home sidebar
2025-09-06 20:36:24 | INFO     | Response status: 200 OK
2025-09-06 20:36:24 | INFO     | Incoming request
2025-09-06 20:36:24 | INFO     | Response status: 404 NOT FOUND
2025-09-06 20:36:24 | INFO     | Incoming request
2025-09-06 20:36:24 | INFO     | Incoming request
2025-09-06 20:36:24 | INFO     | Response status: 304 NOT MODIFIED
2025-09-06 20:36:24 | INFO     | Response status: 200 OK
2025-09-06 20:36:24 | INFO     | Incoming request
2025-09-06 20:36:24 | INFO     | Response status: 304 NOT MODIFIED
2025-09-06 20:36:24 | INFO     | Incoming request
2025-09-06 20:36:24 | INFO     | Response status: 304 NOT MODIFIED
2025-09-06 20:36:24 | INFO     | Incoming request
2025-09-06 20:36:24 | INFO     | Response status: 200 OK
2025-09-06 20:36:29 | INFO     | Incoming request
2025-09-06 20:36:29 | INFO     | Response status: 304 NOT MODIFIED
2025-09-06 20:36:29 | INFO     | Incoming request
2025-09-06 20:36:29 | INFO     | Incoming request
2025-09-06 20:36:29 | INFO     | Response status: 304 NOT MODIFIED
2025-09-06 20:36:29 | INFO     | Response status: 304 NOT MODIFIED
2025-09-06 20:36:29 | INFO     | Incoming request
2025-09-06 20:36:29 | INFO     | Response status: 304 NOT MODIFIED
2025-09-06 20:36:31 | INFO     | Incoming request
2025-09-06 20:36:31 | INFO     | Response status: 200 OK
2025-09-06 20:36:33 | INFO     | Incoming request
2025-09-06 20:36:33 | INFO     | Incoming request
2025-09-06 20:36:33 | INFO     | Incoming request
2025-09-06 20:36:33 | INFO     | Response status: 304 NOT MODIFIED
2025-09-06 20:36:33 | INFO     | Response status: 304 NOT MODIFIED
2025-09-06 20:36:33 | INFO     | Response status: 304 NOT MODIFIED
2025-09-06 20:36:36 | INFO     | Incoming request
2025-09-06 20:36:36 | INFO     | Response status: 200 OK
2025-09-06 20:36:37 | INFO     | Incoming request
2025-09-06 20:36:37 | INFO     | Response status: 200 OK
2025-09-06 20:36:37 | INFO     | Incoming request
2025-09-06 20:36:37 | INFO     | Response status: 304 NOT MODIFIED
2025-09-06 20:36:45 | INFO     | Incoming request
2025-09-06 20:36:45 | INFO     | Incoming request
2025-09-06 20:36:45 | INFO     | Incoming request
2025-09-06 20:36:45 | INFO     | Response status: 304 NOT MODIFIED
2025-09-06 20:36:45 | INFO     | Response status: 304 NOT MODIFIED
2025-09-06 20:36:45 | INFO     | Response status: 304 NOT MODIFIED
2025-09-06 20:36:53 | INFO     | Incoming request
2025-09-06 20:36:53 | INFO     | Response status: 200 OK
2025-09-06 20:36:53 | INFO     | Incoming request
2025-09-06 20:36:53 | INFO     | Response status: 304 NOT MODIFIED
2025-09-06 20:37:08 | INFO     | Incoming request
2025-09-06 20:37:08 | INFO     | Incoming request
2025-09-06 20:37:08 | INFO     | Incoming request
2025-09-06 20:37:08 | INFO     | Response status: 304 NOT MODIFIED
2025-09-06 20:37:08 | INFO     | Response status: 304 NOT MODIFIED
2025-09-06 20:37:08 | INFO     | Response status: 304 NOT MODIFIED
2025-09-06 20:37:09 | INFO     | Incoming request
2025-09-06 20:37:09 | INFO     | Response status: 200 OK
2025-09-06 20:37:11 | INFO     | Incoming request
2025-09-06 20:37:11 | INFO     | Incoming request
2025-09-06 20:37:11 | INFO     | Incoming request
2025-09-06 20:37:11 | INFO     | Response status: 304 NOT MODIFIED
2025-09-06 20:37:11 | INFO     | Response status: 304 NOT MODIFIED
2025-09-06 20:37:11 | INFO     | Response status: 304 NOT MODIFIED
2025-09-06 20:37:12 | INFO     | Incoming request
2025-09-06 20:37:12 | INFO     | Response status: 200 OK
2025-09-06 20:37:16 | INFO     | Incoming request
2025-09-06 20:37:16 | INFO     | Incoming request
2025-09-06 20:37:16 | INFO     | Response status: 304 NOT MODIFIED
2025-09-06 20:37:16 | INFO     | Incoming request
2025-09-06 20:37:16 | INFO     | Response status: 304 NOT MODIFIED
2025-09-06 20:37:16 | INFO     | Response status: 304 NOT MODIFIED
2025-09-06 20:37:27 | INFO     | Incoming request
2025-09-06 20:37:27 | INFO     | Incoming request
2025-09-06 20:37:27 | INFO     | Response status: 304 NOT MODIFIED
2025-09-06 20:37:27 | INFO     | Incoming request
2025-09-06 20:37:27 | INFO     | Response status: 304 NOT MODIFIED
2025-09-06 20:37:27 | INFO     | Response status: 304 NOT MODIFIED
2025-09-06 20:37:27 | INFO     | Incoming request
2025-09-06 20:37:27 | INFO     | Response status: 304 NOT MODIFIED
2025-09-06 20:37:29 | INFO     | Incoming request
2025-09-06 20:37:29 | INFO     | Response status: 200 OK
2025-09-06 20:37:41 | INFO     | Incoming request
2025-09-06 20:37:41 | INFO     | Response status: 200 OK
2025-09-06 20:37:44 | INFO     | Incoming request
2025-09-06 20:37:44 | INFO     | Incoming request
2025-09-06 20:37:44 | INFO     | Response status: 304 NOT MODIFIED
2025-09-06 20:37:44 | INFO     | Incoming request
2025-09-06 20:37:44 | INFO     | Response status: 304 NOT MODIFIED
2025-09-06 20:37:44 | INFO     | Response status: 304 NOT MODIFIED
2025-09-06 20:42:10 | INFO     | Incoming request
2025-09-06 20:42:10 | INFO     | Memoir mode home sidebar
2025-09-06 20:42:10 | INFO     | Response status: 200 OK
2025-09-06 20:42:10 | INFO     | Incoming request
2025-09-06 20:42:10 | INFO     | Incoming request
2025-09-06 20:42:10 | INFO     | Response status: 404 NOT FOUND
2025-09-06 20:42:10 | INFO     | Incoming request
2025-09-06 20:42:10 | INFO     | Response status: 304 NOT MODIFIED
2025-09-06 20:42:10 | INFO     | Response status: 200 OK
2025-09-06 20:42:10 | INFO     | Incoming request
2025-09-06 20:42:10 | INFO     | Response status: 304 NOT MODIFIED
2025-09-06 20:42:10 | INFO     | Incoming request
2025-09-06 20:42:10 | INFO     | Response status: 304 NOT MODIFIED
2025-09-06 20:42:10 | INFO     | Incoming request
2025-09-06 20:42:10 | INFO     | Response status: 200 OK
2025-09-06 20:42:15 | INFO     | Incoming request
2025-09-06 20:42:15 | INFO     | Incoming request
2025-09-06 20:42:15 | INFO     | Incoming request
2025-09-06 20:42:15 | INFO     | Incoming request
2025-09-06 20:42:15 | INFO     | Response status: 304 NOT MODIFIED
2025-09-06 20:42:15 | INFO     | Response status: 304 NOT MODIFIED
2025-09-06 20:42:15 | INFO     | Response status: 304 NOT MODIFIED
2025-09-06 20:42:15 | INFO     | Response status: 304 NOT MODIFIED
2025-09-06 20:42:17 | INFO     | Incoming request
2025-09-06 20:42:17 | INFO     | Response status: 200 OK
2025-09-06 20:42:21 | INFO     | Incoming request
2025-09-06 20:42:21 | INFO     | Incoming request
2025-09-06 20:42:21 | INFO     | Incoming request
2025-09-06 20:42:21 | INFO     | Response status: 304 NOT MODIFIED
2025-09-06 20:42:21 | INFO     | Response status: 304 NOT MODIFIED
2025-09-06 20:42:21 | INFO     | Response status: 304 NOT MODIFIED
2025-09-06 20:42:22 | INFO     | Incoming request
2025-09-06 20:42:22 | INFO     | Response status: 200 OK
2025-09-06 20:42:25 | INFO     | Incoming request
2025-09-06 20:42:25 | INFO     | Response status: 200 OK
2025-09-06 20:42:26 | INFO     | Incoming request
2025-09-06 20:42:26 | INFO     | Incoming request
2025-09-06 20:42:26 | INFO     | Incoming request
2025-09-06 20:42:26 | INFO     | Response status: 304 NOT MODIFIED
2025-09-06 20:42:26 | INFO     | Response status: 304 NOT MODIFIED
2025-09-06 20:42:26 | INFO     | Response status: 304 NOT MODIFIED
2025-09-06 20:42:28 | INFO     | Incoming request
2025-09-06 20:42:28 | INFO     | Response status: 200 OK
2025-09-06 20:42:31 | INFO     | Incoming request
2025-09-06 20:42:31 | INFO     | Incoming request
2025-09-06 20:42:31 | INFO     | Incoming request
2025-09-06 20:42:31 | INFO     | Response status: 304 NOT MODIFIED
2025-09-06 20:42:31 | INFO     | Response status: 304 NOT MODIFIED
2025-09-06 20:42:31 | INFO     | Response status: 304 NOT MODIFIED
2025-09-06 20:43:06 | INFO     | Incoming request
2025-09-06 20:43:06 | INFO     | Incoming request
2025-09-06 20:43:06 | INFO     | Incoming request
2025-09-06 20:43:06 | INFO     | Incoming request
2025-09-06 20:43:06 | INFO     | Response status: 304 NOT MODIFIED
2025-09-06 20:43:06 | INFO     | Response status: 304 NOT MODIFIED
2025-09-06 20:43:06 | INFO     | Response status: 304 NOT MODIFIED
2025-09-06 20:43:06 | INFO     | Response status: 304 NOT MODIFIED
2025-09-06 20:43:08 | INFO     | Incoming request
2025-09-06 20:43:08 | INFO     | Response status: 200 OK
2025-09-06 20:43:20 | INFO     | Incoming request
2025-09-06 20:43:20 | INFO     | Incoming request
2025-09-06 20:43:20 | INFO     | Incoming request
2025-09-06 20:43:20 | INFO     | Response status: 304 NOT MODIFIED
2025-09-06 20:43:20 | INFO     | Response status: 304 NOT MODIFIED
2025-09-06 20:43:20 | INFO     | Response status: 304 NOT MODIFIED
2025-09-06 20:43:24 | INFO     | Incoming request
2025-09-06 20:43:24 | INFO     | Response status: 200 OK
2025-09-06 20:43:37 | INFO     | Incoming request
2025-09-06 20:43:37 | INFO     | Response status: 200 OK
2025-09-06 20:59:04 | INFO     | Incoming request
2025-09-06 20:59:04 | INFO     | Memoir mode home sidebar
2025-09-06 20:59:04 | INFO     | Response status: 200 OK
2025-09-06 20:59:04 | INFO     | Incoming request
2025-09-06 20:59:04 | INFO     | Response status: 404 NOT FOUND
2025-09-06 20:59:04 | INFO     | Incoming request
2025-09-06 20:59:04 | INFO     | Incoming request
2025-09-06 20:59:04 | INFO     | Response status: 304 NOT MODIFIED
2025-09-06 20:59:04 | INFO     | Response status: 304 NOT MODIFIED
2025-09-06 20:59:04 | INFO     | Incoming request
2025-09-06 20:59:04 | INFO     | Response status: 304 NOT MODIFIED
2025-09-06 20:59:04 | INFO     | Incoming request
2025-09-06 20:59:04 | INFO     | Response status: 304 NOT MODIFIED
2025-09-06 20:59:04 | INFO     | Incoming request
2025-09-06 20:59:04 | INFO     | Response status: 200 OK
2025-09-06 20:59:08 | INFO     | Incoming request
2025-09-06 20:59:08 | INFO     | Incoming request
2025-09-06 20:59:08 | INFO     | Incoming request
2025-09-06 20:59:08 | INFO     | Incoming request
2025-09-06 20:59:08 | INFO     | Response status: 304 NOT MODIFIED
2025-09-06 20:59:08 | INFO     | Response status: 304 NOT MODIFIED
2025-09-06 20:59:08 | INFO     | Response status: 304 NOT MODIFIED
2025-09-06 20:59:08 | INFO     | Response status: 304 NOT MODIFIED
2025-09-06 20:59:10 | INFO     | Incoming request
2025-09-06 20:59:10 | INFO     | Response status: 200 OK
2025-09-06 20:59:13 | INFO     | Incoming request
2025-09-06 20:59:13 | INFO     | Response status: 200 OK
2025-09-06 20:59:29 | INFO     | Incoming request
2025-09-06 20:59:29 | INFO     | Incoming request
2025-09-06 20:59:29 | INFO     | Incoming request
2025-09-06 20:59:29 | INFO     | Response status: 304 NOT MODIFIED
2025-09-06 20:59:29 | INFO     | Response status: 304 NOT MODIFIED
2025-09-06 20:59:29 | INFO     | Response status: 304 NOT MODIFIED
2025-09-06 21:02:51 | INFO     | Incoming request
2025-09-06 21:02:51 | INFO     | Memoir mode home sidebar
2025-09-06 21:02:51 | INFO     | Response status: 200 OK
2025-09-06 21:02:51 | INFO     | Incoming request
2025-09-06 21:02:51 | INFO     | Response status: 404 NOT FOUND
2025-09-06 21:02:51 | INFO     | Incoming request
2025-09-06 21:02:51 | INFO     | Incoming request
2025-09-06 21:02:51 | INFO     | Response status: 304 NOT MODIFIED
2025-09-06 21:02:51 | INFO     | Response status: 200 OK
2025-09-06 21:02:51 | INFO     | Incoming request
2025-09-06 21:02:51 | INFO     | Response status: 304 NOT MODIFIED
2025-09-06 21:02:52 | INFO     | Incoming request
2025-09-06 21:02:52 | INFO     | Response status: 304 NOT MODIFIED
2025-09-06 21:02:52 | INFO     | Incoming request
2025-09-06 21:02:52 | INFO     | Response status: 200 OK
2025-09-06 21:03:32 | INFO     | Incoming request
2025-09-06 21:03:32 | INFO     | Incoming request
2025-09-06 21:03:32 | INFO     | Incoming request
2025-09-06 21:03:32 | INFO     | Response status: 304 NOT MODIFIED
2025-09-06 21:03:32 | INFO     | Incoming request
2025-09-06 21:03:32 | INFO     | Response status: 304 NOT MODIFIED
2025-09-06 21:03:32 | INFO     | Response status: 304 NOT MODIFIED
2025-09-06 21:03:32 | INFO     | Response status: 304 NOT MODIFIED
2025-09-06 21:04:02 | INFO     | Incoming request
2025-09-06 21:04:02 | INFO     | Response status: 200 OK
2025-09-06 21:04:04 | INFO     | Incoming request
2025-09-06 21:04:04 | INFO     | Response status: 200 OK
2025-09-06 21:05:34 | INFO     | Incoming request
2025-09-06 21:05:34 | INFO     | Response status: 200 OK
2025-09-06 21:05:53 | INFO     | Incoming request
2025-09-06 21:05:53 | INFO     | Response status: 200 OK
2025-09-06 21:06:51 | INFO     | Incoming request
2025-09-06 21:06:51 | INFO     | Memoir mode home sidebar
2025-09-06 21:06:51 | INFO     | Response status: 200 OK
2025-09-06 21:06:51 | INFO     | Incoming request
2025-09-06 21:06:51 | INFO     | Response status: 404 NOT FOUND
2025-09-06 21:06:51 | INFO     | Incoming request
2025-09-06 21:06:51 | INFO     | Response status: 304 NOT MODIFIED
2025-09-06 21:06:51 | INFO     | Incoming request
2025-09-06 21:06:51 | INFO     | Response status: 304 NOT MODIFIED
2025-09-06 21:06:51 | INFO     | Incoming request
2025-09-06 21:06:51 | INFO     | Response status: 304 NOT MODIFIED
2025-09-06 21:06:52 | INFO     | Incoming request
2025-09-06 21:06:52 | INFO     | Response status: 304 NOT MODIFIED
2025-09-06 21:06:52 | INFO     | Incoming request
2025-09-06 21:06:52 | INFO     | Response status: 200 OK
2025-09-06 21:45:12 | INFO     | Incoming request
2025-09-06 21:45:12 | INFO     | Glasses home route accessed
2025-09-06 21:45:12 | INFO     | Response status: 200 OK
2025-09-06 21:45:12 | INFO     | Incoming request
2025-09-06 21:45:12 | INFO     | Response status: 304 NOT MODIFIED
2025-09-06 21:45:12 | INFO     | Incoming request
2025-09-06 21:45:12 | INFO     | Response status: 304 NOT MODIFIED
2025-09-06 21:45:12 | INFO     | Incoming request
2025-09-06 21:45:12 | INFO     | Response status: 200 OK
2025-09-06 21:45:15 | INFO     | Incoming request
2025-09-06 21:45:15 | INFO     | Memoir mode home sidebar
2025-09-06 21:45:15 | INFO     | Response status: 200 OK
2025-09-06 21:45:16 | INFO     | Incoming request
2025-09-06 21:45:16 | INFO     | Response status: 304 NOT MODIFIED
2025-09-06 21:45:16 | INFO     | Incoming request
2025-09-06 21:45:16 | INFO     | Response status: 304 NOT MODIFIED
2025-09-06 21:45:16 | INFO     | Incoming request
2025-09-06 21:45:16 | INFO     | Response status: 304 NOT MODIFIED
2025-09-06 21:45:16 | INFO     | Incoming request
2025-09-06 21:45:16 | INFO     | Response status: 304 NOT MODIFIED
2025-09-06 21:45:16 | INFO     | Incoming request
2025-09-06 21:45:16 | INFO     | Response status: 200 OK
2025-09-06 21:45:26 | INFO     | Incoming request
2025-09-06 21:45:26 | INFO     | Response status: 200 OK
2025-09-06 21:45:26 | INFO     | Incoming request
2025-09-06 21:45:26 | INFO     | Response status: 304 NOT MODIFIED
2025-09-06 21:45:38 | INFO     | Incoming request
2025-09-06 21:45:38 | INFO     | Incoming request
2025-09-06 21:45:38 | INFO     | Response status: 304 NOT MODIFIED
2025-09-06 21:45:38 | INFO     | Response status: 304 NOT MODIFIED
2025-09-06 21:45:38 | INFO     | Incoming request
2025-09-06 21:45:38 | INFO     | Response status: 304 NOT MODIFIED
2025-09-06 21:57:55 | INFO     | Incoming request
2025-09-06 21:57:55 | INFO     | Memoir mode home sidebar
2025-09-06 21:57:55 | INFO     | Response status: 200 OK
2025-09-06 21:57:55 | INFO     | Incoming request
2025-09-06 21:57:55 | INFO     | Response status: 304 NOT MODIFIED
2025-09-06 21:57:55 | INFO     | Incoming request
2025-09-06 21:57:55 | INFO     | Response status: 200 OK
2025-09-06 21:57:56 | INFO     | Incoming request
2025-09-06 21:57:56 | INFO     | Response status: 304 NOT MODIFIED
2025-09-06 21:57:56 | INFO     | Incoming request
2025-09-06 21:57:56 | INFO     | Response status: 304 NOT MODIFIED
2025-09-06 21:57:56 | INFO     | Incoming request
2025-09-06 21:57:56 | INFO     | Response status: 200 OK
2025-09-06 21:58:01 | INFO     | Incoming request
2025-09-06 21:58:01 | INFO     | Incoming request
2025-09-06 21:58:01 | INFO     | Incoming request
2025-09-06 21:58:01 | INFO     | Incoming request
2025-09-06 21:58:01 | INFO     | Response status: 304 NOT MODIFIED
2025-09-06 21:58:01 | INFO     | Response status: 304 NOT MODIFIED
2025-09-06 21:58:01 | INFO     | Response status: 304 NOT MODIFIED
2025-09-06 21:58:01 | INFO     | Response status: 304 NOT MODIFIED
2025-09-06 21:58:09 | INFO     | Incoming request
2025-09-06 21:58:09 | INFO     | Incoming request
2025-09-06 21:58:09 | INFO     | Response status: 304 NOT MODIFIED
2025-09-06 21:58:09 | INFO     | Incoming request
2025-09-06 21:58:09 | INFO     | Incoming request
2025-09-06 21:58:09 | INFO     | Response status: 304 NOT MODIFIED
2025-09-06 21:58:09 | INFO     | Response status: 304 NOT MODIFIED
2025-09-06 21:58:09 | INFO     | Response status: 304 NOT MODIFIED
2025-09-06 21:58:12 | INFO     | Incoming request
2025-09-06 21:58:12 | INFO     | Response status: 200 OK
2025-09-06 21:58:33 | INFO     | Incoming request
2025-09-06 21:58:33 | INFO     | Response status: 304 NOT MODIFIED
2025-09-06 21:58:33 | INFO     | Incoming request
2025-09-06 21:58:33 | INFO     | Incoming request
2025-09-06 21:58:33 | INFO     | Response status: 304 NOT MODIFIED
2025-09-06 21:58:33 | INFO     | Response status: 304 NOT MODIFIED
2025-09-06 22:01:10 | INFO     | Incoming request
2025-09-06 22:01:10 | INFO     | Memoir mode home sidebar
2025-09-06 22:01:10 | INFO     | Response status: 200 OK
2025-09-06 22:01:10 | INFO     | Incoming request
2025-09-06 22:01:10 | INFO     | Incoming request
2025-09-06 22:01:10 | INFO     | Response status: 304 NOT MODIFIED
2025-09-06 22:01:10 | INFO     | Response status: 200 OK
2025-09-06 22:01:10 | INFO     | Incoming request
2025-09-06 22:01:10 | INFO     | Response status: 304 NOT MODIFIED
2025-09-06 22:01:10 | INFO     | Incoming request
2025-09-06 22:01:10 | INFO     | Response status: 304 NOT MODIFIED
2025-09-06 22:01:10 | INFO     | Incoming request
2025-09-06 22:01:10 | INFO     | Response status: 200 OK
2025-09-06 22:01:24 | INFO     | Incoming request
2025-09-06 22:01:24 | INFO     | Memoir mode home sidebar
2025-09-06 22:01:24 | INFO     | Response status: 200 OK
2025-09-06 22:01:24 | INFO     | Incoming request
2025-09-06 22:01:24 | INFO     | Incoming request
2025-09-06 22:01:24 | INFO     | Response status: 304 NOT MODIFIED
2025-09-06 22:01:24 | INFO     | Response status: 200 OK
2025-09-06 22:01:24 | INFO     | Incoming request
2025-09-06 22:01:24 | INFO     | Response status: 304 NOT MODIFIED
2025-09-06 22:01:24 | INFO     | Incoming request
2025-09-06 22:01:24 | INFO     | Response status: 304 NOT MODIFIED
2025-09-06 22:01:24 | INFO     | Incoming request
2025-09-06 22:01:24 | INFO     | Response status: 200 OK
2025-09-06 22:01:30 | INFO     | Incoming request
2025-09-06 22:01:30 | INFO     | Memoir mode home sidebar
2025-09-06 22:01:30 | INFO     | Response status: 200 OK
2025-09-06 22:01:30 | INFO     | Incoming request
2025-09-06 22:01:30 | INFO     | Incoming request
2025-09-06 22:01:30 | INFO     | Response status: 304 NOT MODIFIED
2025-09-06 22:01:30 | INFO     | Response status: 200 OK
2025-09-06 22:01:31 | INFO     | Incoming request
2025-09-06 22:01:31 | INFO     | Response status: 304 NOT MODIFIED
2025-09-06 22:01:31 | INFO     | Incoming request
2025-09-06 22:01:31 | INFO     | Response status: 304 NOT MODIFIED
2025-09-06 22:01:31 | INFO     | Incoming request
2025-09-06 22:01:31 | INFO     | Response status: 200 OK
2025-09-06 22:01:36 | INFO     | Incoming request
2025-09-06 22:01:36 | INFO     | Incoming request
2025-09-06 22:01:36 | INFO     | Incoming request
2025-09-06 22:01:36 | INFO     | Response status: 304 NOT MODIFIED
2025-09-06 22:01:36 | INFO     | Incoming request
2025-09-06 22:01:36 | INFO     | Response status: 304 NOT MODIFIED
2025-09-06 22:01:36 | INFO     | Response status: 304 NOT MODIFIED
2025-09-06 22:01:36 | INFO     | Response status: 304 NOT MODIFIED
2025-09-06 22:01:40 | INFO     | Incoming request
2025-09-06 22:01:40 | INFO     | Response status: 200 OK
2025-09-06 22:01:43 | INFO     | Incoming request
2025-09-06 22:01:43 | INFO     | Incoming request
2025-09-06 22:01:43 | INFO     | Incoming request
2025-09-06 22:01:43 | INFO     | Response status: 304 NOT MODIFIED
2025-09-06 22:01:43 | INFO     | Response status: 304 NOT MODIFIED
2025-09-06 22:01:43 | INFO     | Response status: 304 NOT MODIFIED
2025-09-06 22:01:48 | INFO     | Incoming request
2025-09-06 22:01:48 | INFO     | Response status: 200 OK
2025-09-06 22:02:01 | INFO     | Incoming request
2025-09-06 22:02:01 | INFO     | Response status: 200 OK
2025-09-06 22:02:03 | INFO     | Incoming request
2025-09-06 22:02:03 | INFO     | Response status: 200 OK
2025-09-06 22:02:04 | INFO     | Incoming request
2025-09-06 22:02:04 | INFO     | Memoir mode home sidebar
2025-09-06 22:02:04 | INFO     | Response status: 200 OK
2025-09-06 22:02:04 | INFO     | Incoming request
2025-09-06 22:02:04 | INFO     | Response status: 304 NOT MODIFIED
2025-09-06 22:02:04 | INFO     | Incoming request
2025-09-06 22:02:04 | INFO     | Response status: 200 OK
2025-09-06 22:02:04 | INFO     | Incoming request
2025-09-06 22:02:04 | INFO     | Response status: 304 NOT MODIFIED
2025-09-06 22:02:04 | INFO     | Incoming request
2025-09-06 22:02:04 | INFO     | Response status: 304 NOT MODIFIED
2025-09-06 22:02:04 | INFO     | Incoming request
2025-09-06 22:02:04 | INFO     | Response status: 200 OK
2025-09-06 22:02:07 | INFO     | Incoming request
2025-09-06 22:02:07 | INFO     | Response status: 200 OK
2025-09-06 22:02:07 | INFO     | Incoming request
2025-09-06 22:02:07 | INFO     | Response status: 304 NOT MODIFIED
2025-09-06 22:03:28 | INFO     | Incoming request
2025-09-06 22:03:28 | INFO     | Incoming request
2025-09-06 22:03:28 | INFO     | Incoming request
2025-09-06 22:03:28 | INFO     | Response status: 304 NOT MODIFIED
2025-09-06 22:03:28 | INFO     | Response status: 304 NOT MODIFIED
2025-09-06 22:03:28 | INFO     | Response status: 304 NOT MODIFIED
2025-09-06 22:03:31 | INFO     | Incoming request
2025-09-06 22:03:31 | INFO     | Response status: 200 OK
2025-09-06 22:03:33 | INFO     | Incoming request
2025-09-06 22:03:33 | INFO     | Incoming request
2025-09-06 22:03:33 | INFO     | Incoming request
2025-09-06 22:03:33 | INFO     | Response status: 304 NOT MODIFIED
2025-09-06 22:03:33 | INFO     | Response status: 304 NOT MODIFIED
2025-09-06 22:03:33 | INFO     | Response status: 304 NOT MODIFIED
2025-09-06 22:03:35 | INFO     | Incoming request
2025-09-06 22:03:35 | INFO     | Response status: 200 OK
2025-09-06 22:03:41 | INFO     | Incoming request
2025-09-06 22:03:41 | INFO     | Response status: 200 OK
2025-09-06 22:03:41 | INFO     | Incoming request
2025-09-06 22:03:41 | INFO     | Response status: 304 NOT MODIFIED
2025-09-06 22:03:45 | INFO     | Incoming request
2025-09-06 22:03:45 | INFO     | Incoming request
2025-09-06 22:03:45 | INFO     | Incoming request
2025-09-06 22:03:45 | INFO     | Response status: 304 NOT MODIFIED
2025-09-06 22:03:45 | INFO     | Response status: 304 NOT MODIFIED
2025-09-06 22:03:45 | INFO     | Response status: 304 NOT MODIFIED
2025-09-06 22:04:04 | INFO     | Incoming request
2025-09-06 22:04:04 | INFO     | Response status: 200 OK
2025-09-06 22:04:04 | INFO     | Incoming request
2025-09-06 22:04:04 | INFO     | Response status: 304 NOT MODIFIED
2025-09-06 22:04:11 | INFO     | Incoming request
2025-09-06 22:04:11 | INFO     | Incoming request
2025-09-06 22:04:11 | INFO     | Incoming request
2025-09-06 22:04:11 | INFO     | Response status: 304 NOT MODIFIED
2025-09-06 22:04:11 | INFO     | Response status: 304 NOT MODIFIED
2025-09-06 22:04:11 | INFO     | Response status: 304 NOT MODIFIED
2025-09-06 22:06:02 | INFO     | Incoming request
2025-09-06 22:06:02 | INFO     | Response status: 200 OK
2025-09-06 22:06:05 | INFO     | Incoming request
2025-09-06 22:06:05 | INFO     | Incoming request
2025-09-06 22:06:05 | INFO     | Response status: 304 NOT MODIFIED
2025-09-06 22:06:05 | INFO     | Incoming request
2025-09-06 22:06:05 | INFO     | Response status: 304 NOT MODIFIED
2025-09-06 22:06:05 | INFO     | Response status: 304 NOT MODIFIED
2025-09-06 22:06:06 | INFO     | Incoming request
2025-09-06 22:06:06 | INFO     | Response status: 200 OK
2025-09-06 22:06:11 | INFO     | Incoming request
2025-09-06 22:06:11 | INFO     | Response status: 200 OK
2025-09-06 22:06:11 | INFO     | Incoming request
2025-09-06 22:06:11 | INFO     | Response status: 304 NOT MODIFIED
2025-09-06 22:06:31 | INFO     | Incoming request
2025-09-06 22:06:31 | INFO     | Incoming request
2025-09-06 22:06:31 | INFO     | Incoming request
2025-09-06 22:06:31 | INFO     | Response status: 304 NOT MODIFIED
2025-09-06 22:06:31 | INFO     | Response status: 304 NOT MODIFIED
2025-09-06 22:06:31 | INFO     | Response status: 304 NOT MODIFIED
2025-09-06 22:07:31 | INFO     | Incoming request
2025-09-06 22:07:31 | INFO     | Response status: 200 OK
2025-09-06 22:07:31 | INFO     | Incoming request
2025-09-06 22:07:31 | INFO     | Response status: 304 NOT MODIFIED
2025-09-06 22:07:33 | INFO     | Incoming request
2025-09-06 22:07:33 | INFO     | Response status: 200 OK
2025-09-06 22:07:35 | INFO     | Incoming request
2025-09-06 22:07:35 | INFO     | Incoming request
2025-09-06 22:07:35 | INFO     | Incoming request
2025-09-06 22:07:35 | INFO     | Response status: 304 NOT MODIFIED
2025-09-06 22:07:35 | INFO     | Response status: 304 NOT MODIFIED
2025-09-06 22:07:35 | INFO     | Response status: 304 NOT MODIFIED
2025-09-06 22:07:36 | INFO     | Incoming request
2025-09-06 22:07:36 | INFO     | Response status: 200 OK
2025-09-06 22:07:43 | INFO     | Incoming request
2025-09-06 22:07:43 | INFO     | Incoming request
2025-09-06 22:07:43 | INFO     | Response status: 304 NOT MODIFIED
2025-09-06 22:07:43 | INFO     | Incoming request
2025-09-06 22:07:43 | INFO     | Response status: 304 NOT MODIFIED
2025-09-06 22:07:43 | INFO     | Response status: 304 NOT MODIFIED
2025-09-06 22:07:44 | INFO     | Incoming request
2025-09-06 22:07:44 | INFO     | Response status: 200 OK
2025-09-06 22:07:46 | INFO     | Incoming request
2025-09-06 22:07:46 | INFO     | Incoming request
2025-09-06 22:07:46 | INFO     | Incoming request
2025-09-06 22:07:46 | INFO     | Response status: 304 NOT MODIFIED
2025-09-06 22:07:46 | INFO     | Response status: 304 NOT MODIFIED
2025-09-06 22:07:46 | INFO     | Response status: 304 NOT MODIFIED
2025-09-06 22:10:40 | INFO     | Incoming request
2025-09-06 22:10:40 | INFO     | Memoir mode home sidebar
2025-09-06 22:10:40 | INFO     | Response status: 200 OK
2025-09-06 22:10:40 | INFO     | Incoming request
2025-09-06 22:10:40 | INFO     | Incoming request
2025-09-06 22:10:40 | INFO     | Response status: 200 OK
2025-09-06 22:10:40 | INFO     | Response status: 200 OK
2025-09-06 22:10:40 | INFO     | Incoming request
2025-09-06 22:10:40 | INFO     | Response status: 304 NOT MODIFIED
2025-09-06 22:10:40 | INFO     | Incoming request
2025-09-06 22:10:40 | INFO     | Response status: 304 NOT MODIFIED
2025-09-06 22:10:40 | INFO     | Incoming request
2025-09-06 22:10:40 | INFO     | Response status: 200 OK
2025-09-06 22:10:45 | INFO     | Incoming request
2025-09-06 22:10:45 | INFO     | Incoming request
2025-09-06 22:10:45 | INFO     | Incoming request
2025-09-06 22:10:45 | INFO     | Incoming request
2025-09-06 22:10:45 | INFO     | Response status: 304 NOT MODIFIED
2025-09-06 22:10:45 | INFO     | Response status: 304 NOT MODIFIED
2025-09-06 22:10:45 | INFO     | Response status: 304 NOT MODIFIED
2025-09-06 22:10:45 | INFO     | Response status: 304 NOT MODIFIED
2025-09-06 22:10:52 | INFO     | Incoming request
2025-09-06 22:10:52 | INFO     | Response status: 200 OK
2025-09-06 22:10:55 | INFO     | Incoming request
2025-09-06 22:10:55 | INFO     | Incoming request
2025-09-06 22:10:55 | INFO     | Incoming request
2025-09-06 22:10:55 | INFO     | Response status: 304 NOT MODIFIED
2025-09-06 22:10:55 | INFO     | Response status: 304 NOT MODIFIED
2025-09-06 22:10:55 | INFO     | Response status: 304 NOT MODIFIED
2025-09-06 22:11:01 | INFO     | Incoming request
2025-09-06 22:11:01 | INFO     | Incoming request
2025-09-06 22:11:01 | INFO     | Incoming request
2025-09-06 22:11:01 | INFO     | Response status: 304 NOT MODIFIED
2025-09-06 22:11:01 | INFO     | Incoming request
2025-09-06 22:11:01 | INFO     | Response status: 304 NOT MODIFIED
2025-09-06 22:11:01 | INFO     | Response status: 304 NOT MODIFIED
2025-09-06 22:11:01 | INFO     | Response status: 304 NOT MODIFIED
2025-09-06 22:11:03 | INFO     | Incoming request
2025-09-06 22:11:03 | INFO     | Response status: 200 OK
2025-09-06 22:11:06 | INFO     | Incoming request
2025-09-06 22:11:06 | INFO     | Response status: 200 OK
2025-09-06 22:12:55 | INFO     | Incoming request
2025-09-06 22:12:55 | INFO     | Incoming request
2025-09-06 22:12:55 | INFO     | Incoming request
2025-09-06 22:12:55 | INFO     | Response status: 304 NOT MODIFIED
2025-09-06 22:12:55 | INFO     | Response status: 304 NOT MODIFIED
2025-09-06 22:12:55 | INFO     | Incoming request
2025-09-06 22:12:55 | INFO     | Response status: 304 NOT MODIFIED
2025-09-06 22:12:55 | INFO     | Response status: 304 NOT MODIFIED
2025-09-06 22:12:59 | INFO     | Incoming request
2025-09-06 22:12:59 | INFO     | Incoming request
2025-09-06 22:12:59 | INFO     | Incoming request
2025-09-06 22:12:59 | INFO     | Incoming request
2025-09-06 22:12:59 | INFO     | Response status: 304 NOT MODIFIED
2025-09-06 22:12:59 | INFO     | Response status: 304 NOT MODIFIED
2025-09-06 22:12:59 | INFO     | Response status: 304 NOT MODIFIED
2025-09-06 22:12:59 | INFO     | Response status: 304 NOT MODIFIED
2025-09-06 22:16:19 | INFO     | Incoming request
2025-09-06 22:16:19 | INFO     | Memoir mode home sidebar
2025-09-06 22:16:19 | INFO     | Response status: 200 OK
2025-09-06 22:16:19 | INFO     | Incoming request
2025-09-06 22:16:19 | INFO     | Incoming request
2025-09-06 22:16:19 | INFO     | Response status: 200 OK
2025-09-06 22:16:19 | INFO     | Response status: 200 OK
2025-09-06 22:16:19 | INFO     | Incoming request
2025-09-06 22:16:19 | INFO     | Response status: 304 NOT MODIFIED
2025-09-06 22:16:20 | INFO     | Incoming request
2025-09-06 22:16:20 | INFO     | Response status: 304 NOT MODIFIED
2025-09-06 22:16:20 | INFO     | Incoming request
2025-09-06 22:16:20 | INFO     | Response status: 200 OK
2025-09-06 22:16:33 | INFO     | Incoming request
2025-09-06 22:16:33 | INFO     | Incoming request
2025-09-06 22:16:33 | INFO     | Incoming request
2025-09-06 22:16:33 | INFO     | Incoming request
2025-09-06 22:16:33 | INFO     | Response status: 304 NOT MODIFIED
2025-09-06 22:16:33 | INFO     | Response status: 304 NOT MODIFIED
2025-09-06 22:16:33 | INFO     | Response status: 304 NOT MODIFIED
2025-09-06 22:16:33 | INFO     | Response status: 304 NOT MODIFIED
2025-09-06 22:16:59 | INFO     | Incoming request
2025-09-06 22:16:59 | INFO     | Memoir mode home sidebar
2025-09-06 22:16:59 | INFO     | Response status: 200 OK
2025-09-06 22:16:59 | INFO     | Incoming request
2025-09-06 22:16:59 | INFO     | Incoming request
2025-09-06 22:16:59 | INFO     | Response status: 304 NOT MODIFIED
2025-09-06 22:16:59 | INFO     | Response status: 304 NOT MODIFIED
2025-09-06 22:16:59 | INFO     | Incoming request
2025-09-06 22:16:59 | INFO     | Response status: 304 NOT MODIFIED
2025-09-06 22:16:59 | INFO     | Incoming request
2025-09-06 22:16:59 | INFO     | Response status: 304 NOT MODIFIED
2025-09-06 22:16:59 | INFO     | Incoming request
2025-09-06 22:16:59 | INFO     | Response status: 200 OK
2025-09-06 22:17:02 | INFO     | Incoming request
2025-09-06 22:17:02 | INFO     | Incoming request
2025-09-06 22:17:02 | INFO     | Incoming request
2025-09-06 22:17:02 | INFO     | Incoming request
2025-09-06 22:17:02 | INFO     | Response status: 304 NOT MODIFIED
2025-09-06 22:17:02 | INFO     | Response status: 304 NOT MODIFIED
2025-09-06 22:17:02 | INFO     | Response status: 304 NOT MODIFIED
2025-09-06 22:17:02 | INFO     | Response status: 304 NOT MODIFIED
2025-09-06 22:17:10 | INFO     | Incoming request
2025-09-06 22:17:10 | INFO     | Response status: 200 OK
2025-09-06 22:17:14 | INFO     | Incoming request
2025-09-06 22:17:14 | INFO     | Incoming request
2025-09-06 22:17:14 | INFO     | Incoming request
2025-09-06 22:17:14 | INFO     | Response status: 304 NOT MODIFIED
2025-09-06 22:17:14 | INFO     | Response status: 304 NOT MODIFIED
2025-09-06 22:17:14 | INFO     | Response status: 304 NOT MODIFIED
2025-09-06 22:17:19 | INFO     | Incoming request
2025-09-06 22:17:19 | INFO     | Response status: 200 OK
2025-09-06 22:17:51 | INFO     | Incoming request
2025-09-06 22:17:51 | INFO     | Response status: 200 OK
2025-09-06 22:17:51 | INFO     | Incoming request
2025-09-06 22:17:51 | INFO     | Response status: 304 NOT MODIFIED
2025-09-06 22:17:59 | INFO     | Incoming request
2025-09-06 22:17:59 | INFO     | Incoming request
2025-09-06 22:17:59 | INFO     | Response status: 304 NOT MODIFIED
2025-09-06 22:17:59 | INFO     | Incoming request
2025-09-06 22:17:59 | INFO     | Response status: 304 NOT MODIFIED
2025-09-06 22:17:59 | INFO     | Response status: 304 NOT MODIFIED
2025-09-06 22:18:58 | INFO     | Incoming request
2025-09-06 22:18:58 | INFO     | Memoir mode home sidebar
2025-09-06 22:18:58 | INFO     | Response status: 200 OK
2025-09-06 22:18:58 | INFO     | Incoming request
2025-09-06 22:18:58 | INFO     | Incoming request
2025-09-06 22:18:58 | INFO     | Response status: 304 NOT MODIFIED
2025-09-06 22:18:58 | INFO     | Response status: 200 OK
2025-09-06 22:18:58 | INFO     | Incoming request
2025-09-06 22:18:58 | INFO     | Response status: 304 NOT MODIFIED
2025-09-06 22:18:58 | INFO     | Incoming request
2025-09-06 22:18:58 | INFO     | Response status: 304 NOT MODIFIED
2025-09-06 22:18:58 | INFO     | Incoming request
2025-09-06 22:18:58 | INFO     | Response status: 200 OK
2025-09-06 22:19:00 | INFO     | Incoming request
2025-09-06 22:19:00 | INFO     | Incoming request
2025-09-06 22:19:00 | INFO     | Incoming request
2025-09-06 22:19:00 | INFO     | Response status: 304 NOT MODIFIED
2025-09-06 22:19:00 | INFO     | Incoming request
2025-09-06 22:19:00 | INFO     | Response status: 304 NOT MODIFIED
2025-09-06 22:19:00 | INFO     | Response status: 304 NOT MODIFIED
2025-09-06 22:19:00 | INFO     | Response status: 304 NOT MODIFIED
2025-09-06 22:19:18 | INFO     | Incoming request
2025-09-06 22:19:18 | INFO     | Incoming request
2025-09-06 22:19:18 | INFO     | Incoming request
2025-09-06 22:19:18 | INFO     | Response status: 304 NOT MODIFIED
2025-09-06 22:19:18 | INFO     | Response status: 304 NOT MODIFIED
2025-09-06 22:19:18 | INFO     | Incoming request
2025-09-06 22:19:18 | INFO     | Response status: 304 NOT MODIFIED
2025-09-06 22:19:18 | INFO     | Response status: 304 NOT MODIFIED
2025-09-06 22:19:19 | INFO     | Incoming request
2025-09-06 22:19:19 | INFO     | Response status: 200 OK
2025-09-06 22:19:26 | INFO     | Incoming request
2025-09-06 22:19:26 | INFO     | Incoming request
2025-09-06 22:19:26 | INFO     | Incoming request
2025-09-06 22:19:26 | INFO     | Response status: 304 NOT MODIFIED
2025-09-06 22:19:26 | INFO     | Response status: 304 NOT MODIFIED
2025-09-06 22:19:26 | INFO     | Response status: 304 NOT MODIFIED
2025-09-06 22:19:27 | INFO     | Incoming request
2025-09-06 22:19:27 | INFO     | Response status: 200 OK
2025-09-06 22:19:30 | INFO     | Incoming request
2025-09-06 22:19:30 | INFO     | Incoming request
2025-09-06 22:19:30 | INFO     | Response status: 304 NOT MODIFIED
2025-09-06 22:19:30 | INFO     | Incoming request
2025-09-06 22:19:30 | INFO     | Response status: 304 NOT MODIFIED
2025-09-06 22:19:30 | INFO     | Response status: 304 NOT MODIFIED
2025-09-06 22:22:53 | INFO     | Incoming request
2025-09-06 22:22:53 | INFO     | Memoir mode home sidebar
2025-09-06 22:22:53 | INFO     | Response status: 200 OK
2025-09-06 22:22:53 | INFO     | Incoming request
2025-09-06 22:22:53 | INFO     | Incoming request
2025-09-06 22:22:53 | INFO     | Response status: 304 NOT MODIFIED
2025-09-06 22:22:53 | INFO     | Response status: 304 NOT MODIFIED
2025-09-06 22:22:53 | INFO     | Incoming request
2025-09-06 22:22:53 | INFO     | Response status: 304 NOT MODIFIED
2025-09-06 22:22:53 | INFO     | Incoming request
2025-09-06 22:22:53 | INFO     | Response status: 304 NOT MODIFIED
2025-09-06 22:22:53 | INFO     | Incoming request
2025-09-06 22:22:53 | INFO     | Response status: 200 OK
2025-09-06 22:23:07 | INFO     | Incoming request
2025-09-06 22:23:07 | INFO     | Response status: 304 NOT MODIFIED
2025-09-06 22:23:07 | INFO     | Incoming request
2025-09-06 22:23:07 | INFO     | Response status: 404 NOT FOUND
2025-09-06 22:24:16 | INFO     | Incoming request
2025-09-06 22:24:16 | INFO     | Response status: 404 NOT FOUND
2025-09-06 22:25:53 | INFO     | Incoming request
2025-09-06 22:25:53 | INFO     | Memoir mode home sidebar
2025-09-06 22:25:53 | INFO     | Response status: 200 OK
2025-09-06 22:25:53 | INFO     | Incoming request
2025-09-06 22:25:53 | INFO     | Response status: 304 NOT MODIFIED
2025-09-06 22:25:53 | INFO     | Incoming request
2025-09-06 22:25:53 | INFO     | Response status: 304 NOT MODIFIED
2025-09-06 22:25:54 | INFO     | Incoming request
2025-09-06 22:25:54 | INFO     | Response status: 304 NOT MODIFIED
2025-09-06 22:25:54 | INFO     | Incoming request
2025-09-06 22:25:54 | INFO     | Response status: 304 NOT MODIFIED
2025-09-06 22:25:54 | INFO     | Incoming request
2025-09-06 22:25:54 | INFO     | Response status: 200 OK
2025-09-06 22:26:08 | INFO     | Incoming request
2025-09-06 22:26:08 | INFO     | Incoming request
2025-09-06 22:26:08 | INFO     | Incoming request
2025-09-06 22:26:08 | INFO     | Response status: 304 NOT MODIFIED
2025-09-06 22:26:08 | INFO     | Incoming request
2025-09-06 22:26:08 | INFO     | Response status: 304 NOT MODIFIED
2025-09-06 22:26:08 | INFO     | Response status: 304 NOT MODIFIED
2025-09-06 22:26:08 | INFO     | Response status: 304 NOT MODIFIED
2025-09-06 22:26:11 | INFO     | Incoming request
2025-09-06 22:26:11 | INFO     | Response status: 200 OK
2025-09-06 22:26:16 | INFO     | Incoming request
2025-09-06 22:26:16 | INFO     | Incoming request
2025-09-06 22:26:16 | INFO     | Response status: 304 NOT MODIFIED
2025-09-06 22:26:16 | INFO     | Incoming request
2025-09-06 22:26:16 | INFO     | Response status: 304 NOT MODIFIED
2025-09-06 22:26:16 | INFO     | Response status: 304 NOT MODIFIED
