2025-09-07 10:31:51 | INFO     | Flask app created successfully
2025-09-07 10:32:01 | INFO     | Incoming request
2025-09-07 10:32:01 | INFO     | Response status: 200 OK
2025-09-07 10:32:01 | INFO     | Incoming request
2025-09-07 10:32:01 | INFO     | Response status: 404 NOT FOUND
2025-09-07 10:32:01 | INFO     | Incoming request
2025-09-07 10:32:01 | INFO     | Incoming request
2025-09-07 10:32:01 | INFO     | Incoming request
2025-09-07 10:32:01 | INFO     | Incoming request
2025-09-07 10:32:02 | INFO     | Response status: 200 OK
2025-09-07 10:32:02 | INFO     | Response status: 200 OK
2025-09-07 10:32:02 | INFO     | Response status: 200 OK
2025-09-07 10:32:02 | INFO     | Response status: 200 OK
2025-09-07 10:32:08 | INFO     | Incoming request
2025-09-07 10:32:09 | INFO     | Response status: 200 OK
2025-09-07 10:32:09 | INFO     | Incoming request
2025-09-07 10:32:09 | INFO     | Response status: 404 NOT FOUND
2025-09-07 10:32:09 | INFO     | Incoming request
2025-09-07 10:32:09 | INFO     | Response status: 304 NOT MODIFIED
2025-09-07 10:32:13 | INFO     | Incoming request
2025-09-07 10:32:13 | INFO     | Response status: 200 OK
2025-09-07 10:32:13 | INFO     | Incoming request
2025-09-07 10:32:13 | INFO     | Response status: 404 NOT FOUND
2025-09-07 10:32:19 | INFO     | Incoming request
2025-09-07 10:32:19 | INFO     | Response status: 200 OK
2025-09-07 10:32:19 | INFO     | Incoming request
2025-09-07 10:32:19 | INFO     | Response status: 404 NOT FOUND
2025-09-07 10:32:19 | INFO     | Incoming request
2025-09-07 10:32:19 | INFO     | Response status: 304 NOT MODIFIED
2025-09-07 10:32:23 | INFO     | Incoming request
2025-09-07 10:32:23 | INFO     | Response status: 200 OK
2025-09-07 10:32:23 | INFO     | Incoming request
2025-09-07 10:32:23 | INFO     | Response status: 404 NOT FOUND
2025-09-07 10:32:23 | INFO     | Incoming request
2025-09-07 10:32:23 | INFO     | Response status: 304 NOT MODIFIED
2025-09-07 10:32:33 | INFO     | Incoming request
2025-09-07 10:32:33 | INFO     | Response status: 200 OK
2025-09-07 10:32:33 | INFO     | Incoming request
2025-09-07 10:32:33 | INFO     | Response status: 404 NOT FOUND
2025-09-07 10:32:37 | INFO     | Incoming request
2025-09-07 10:32:37 | INFO     | Response status: 302 FOUND
2025-09-07 10:32:37 | INFO     | Incoming request
2025-09-07 10:32:37 | INFO     | Response status: 200 OK
2025-09-07 10:32:37 | INFO     | Incoming request
2025-09-07 10:32:37 | INFO     | Response status: 404 NOT FOUND
2025-09-07 10:32:37 | INFO     | Incoming request
2025-09-07 10:32:37 | INFO     | Response status: 304 NOT MODIFIED
2025-09-07 10:32:44 | INFO     | Incoming request
2025-09-07 10:32:44 | INFO     | Memoir mode home sidebar
2025-09-07 10:32:44 | INFO     | Response status: 200 OK
2025-09-07 10:32:45 | INFO     | Incoming request
2025-09-07 10:32:45 | INFO     | Response status: 200 OK
2025-09-07 10:32:45 | INFO     | Incoming request
2025-09-07 10:32:45 | INFO     | Response status: 200 OK
2025-09-07 10:32:45 | INFO     | Incoming request
2025-09-07 10:32:45 | INFO     | Response status: 200 OK
2025-09-07 10:32:45 | INFO     | Incoming request
2025-09-07 10:32:45 | INFO     | Response status: 200 OK
2025-09-07 10:32:45 | INFO     | Incoming request
2025-09-07 10:32:45 | INFO     | Response status: 200 OK
2025-09-07 10:32:45 | INFO     | Incoming request
2025-09-07 10:32:45 | INFO     | Response status: 200 OK
2025-09-07 10:32:45 | INFO     | Incoming request
2025-09-07 10:32:45 | INFO     | Response status: 200 OK
2025-09-07 10:32:45 | INFO     | Incoming request
2025-09-07 10:32:45 | INFO     | Incoming request
2025-09-07 10:32:45 | INFO     | Response status: 200 OK
2025-09-07 10:32:45 | INFO     | Response status: 200 OK
2025-09-07 10:32:45 | INFO     | Incoming request
2025-09-07 10:32:45 | INFO     | Response status: 200 OK
2025-09-07 10:32:48 | INFO     | Incoming request
2025-09-07 10:32:48 | INFO     | Response status: 200 OK
2025-09-07 10:32:48 | INFO     | Incoming request
2025-09-07 10:32:48 | INFO     | Incoming request
2025-09-07 10:32:48 | INFO     | Response status: 304 NOT MODIFIED
2025-09-07 10:32:48 | INFO     | Incoming request
2025-09-07 10:32:48 | INFO     | Response status: 304 NOT MODIFIED
2025-09-07 10:32:48 | INFO     | Response status: 304 NOT MODIFIED
2025-09-07 10:32:50 | INFO     | Incoming request
2025-09-07 10:32:50 | INFO     | Response status: 200 OK
2025-09-07 10:33:05 | INFO     | Incoming request
2025-09-07 10:33:05 | INFO     | Response status: 200 OK
2025-09-07 10:33:05 | INFO     | Incoming request
2025-09-07 10:33:05 | INFO     | Incoming request
2025-09-07 10:33:05 | INFO     | Response status: 404 NOT FOUND
2025-09-07 10:33:05 | INFO     | Response status: 304 NOT MODIFIED
2025-09-07 10:33:07 | INFO     | Incoming request
2025-09-07 10:33:07 | INFO     | Response status: 200 OK
2025-09-07 10:33:07 | INFO     | Incoming request
2025-09-07 10:33:07 | INFO     | Response status: 404 NOT FOUND
2025-09-07 10:33:07 | INFO     | Incoming request
2025-09-07 10:33:07 | INFO     | Response status: 304 NOT MODIFIED
2025-09-07 10:33:20 | INFO     | Incoming request
2025-09-07 10:33:20 | INFO     | Response status: 304 NOT MODIFIED
2025-09-07 10:33:20 | INFO     | Incoming request
2025-09-07 10:33:20 | INFO     | Response status: 304 NOT MODIFIED
2025-09-07 10:33:20 | INFO     | Incoming request
2025-09-07 10:33:20 | INFO     | Response status: 304 NOT MODIFIED
2025-09-07 10:33:20 | INFO     | Incoming request
2025-09-07 10:33:20 | INFO     | Incoming request
2025-09-07 10:33:20 | INFO     | Response status: 304 NOT MODIFIED
2025-09-07 10:33:20 | INFO     | Response status: 304 NOT MODIFIED
2025-09-07 10:33:21 | INFO     | Incoming request
2025-09-07 10:33:21 | INFO     | Response status: 200 OK
