2025-09-06 11:01:54 | INFO     | Flask app created successfully
2025-09-06 11:02:08 | INFO     | Incoming request
2025-09-06 11:02:08 | INFO     | Memoir mode home sidebar
2025-09-06 11:02:08 | INFO     | Response status: 200 OK
2025-09-06 11:02:08 | INFO     | Incoming request
2025-09-06 11:02:08 | INFO     | Incoming request
2025-09-06 11:02:08 | INFO     | Response status: 304 NOT MODIFIED
2025-09-06 11:02:08 | INFO     | Response status: 304 NOT MODIFIED
2025-09-06 11:02:18 | INFO     | Incoming request
2025-09-06 11:02:18 | INFO     | Response status: 200 OK
2025-09-06 11:02:18 | INFO     | Incoming request
2025-09-06 11:02:18 | INFO     | Response status: 304 NOT MODIFIED
2025-09-06 11:02:18 | INFO     | Incoming request
2025-09-06 11:02:18 | INFO     | Response status: 304 NOT MODIFIED
2025-09-06 11:02:24 | INFO     | Incoming request
2025-09-06 11:02:24 | INFO     | Response status: 200 OK
2025-09-06 11:02:24 | INFO     | Incoming request
2025-09-06 11:02:24 | INFO     | Response status: 304 NOT MODIFIED
2025-09-06 11:02:24 | INFO     | Incoming request
2025-09-06 11:02:24 | INFO     | Response status: 304 NOT MODIFIED
2025-09-06 11:02:42 | INFO     | Incoming request
2025-09-06 11:02:42 | INFO     | Response status: 200 OK
2025-09-06 11:02:42 | INFO     | Incoming request
2025-09-06 11:02:42 | INFO     | Response status: 304 NOT MODIFIED
2025-09-06 11:02:42 | INFO     | Incoming request
2025-09-06 11:02:42 | INFO     | Response status: 304 NOT MODIFIED
2025-09-06 11:02:48 | INFO     | Incoming request
2025-09-06 11:02:48 | INFO     | Response status: 200 OK
2025-09-06 11:02:48 | INFO     | Incoming request
2025-09-06 11:02:48 | INFO     | Incoming request
2025-09-06 11:02:48 | INFO     | Response status: 304 NOT MODIFIED
2025-09-06 11:02:48 | INFO     | Response status: 304 NOT MODIFIED
2025-09-06 11:04:26 | INFO     | Incoming request
2025-09-06 11:04:26 | INFO     | Memoir mode home sidebar
2025-09-06 11:04:26 | INFO     | Response status: 200 OK
2025-09-06 11:04:26 | INFO     | Incoming request
2025-09-06 11:04:26 | INFO     | Incoming request
2025-09-06 11:04:26 | INFO     | Response status: 304 NOT MODIFIED
2025-09-06 11:04:26 | INFO     | Response status: 304 NOT MODIFIED
2025-09-06 11:04:29 | INFO     | Incoming request
2025-09-06 11:04:29 | INFO     | Memoir mode home sidebar
2025-09-06 11:04:29 | INFO     | Response status: 200 OK
2025-09-06 11:04:29 | INFO     | Incoming request
2025-09-06 11:04:29 | INFO     | Incoming request
2025-09-06 11:04:29 | INFO     | Response status: 304 NOT MODIFIED
2025-09-06 11:04:29 | INFO     | Response status: 304 NOT MODIFIED
2025-09-06 11:04:36 | INFO     | Incoming request
2025-09-06 11:04:36 | INFO     | Memoir mode home sidebar
2025-09-06 11:04:36 | INFO     | Response status: 200 OK
2025-09-06 11:04:36 | INFO     | Incoming request
2025-09-06 11:04:36 | INFO     | Response status: 304 NOT MODIFIED
2025-09-06 11:04:36 | INFO     | Incoming request
2025-09-06 11:04:36 | INFO     | Response status: 304 NOT MODIFIED
2025-09-06 11:04:47 | INFO     | Incoming request
2025-09-06 11:04:47 | INFO     | Memoir mode home sidebar
2025-09-06 11:04:47 | INFO     | Response status: 200 OK
2025-09-06 11:04:48 | INFO     | Incoming request
2025-09-06 11:04:48 | INFO     | Response status: 304 NOT MODIFIED
2025-09-06 11:04:48 | INFO     | Incoming request
2025-09-06 11:04:48 | INFO     | Response status: 304 NOT MODIFIED
2025-09-06 11:05:06 | INFO     | Incoming request
2025-09-06 11:05:06 | INFO     | Memoir mode home sidebar
2025-09-06 11:05:06 | INFO     | Response status: 200 OK
2025-09-06 11:05:06 | INFO     | Incoming request
2025-09-06 11:05:06 | INFO     | Incoming request
2025-09-06 11:05:06 | INFO     | Response status: 304 NOT MODIFIED
2025-09-06 11:05:06 | INFO     | Response status: 304 NOT MODIFIED
2025-09-06 11:06:49 | INFO     | Incoming request
2025-09-06 11:06:49 | INFO     | Memoir mode home sidebar
2025-09-06 11:06:49 | INFO     | Response status: 200 OK
2025-09-06 11:06:49 | INFO     | Incoming request
2025-09-06 11:06:49 | INFO     | Incoming request
2025-09-06 11:06:49 | INFO     | Response status: 304 NOT MODIFIED
2025-09-06 11:06:49 | INFO     | Response status: 304 NOT MODIFIED
2025-09-06 11:06:55 | INFO     | Incoming request
2025-09-06 11:06:55 | INFO     | Memoir mode home sidebar
2025-09-06 11:06:55 | INFO     | Response status: 200 OK
2025-09-06 11:06:55 | INFO     | Incoming request
2025-09-06 11:06:55 | INFO     | Incoming request
2025-09-06 11:06:55 | INFO     | Response status: 304 NOT MODIFIED
2025-09-06 11:06:55 | INFO     | Response status: 304 NOT MODIFIED
2025-09-06 11:08:12 | INFO     | Incoming request
2025-09-06 11:08:12 | INFO     | Memoir mode home sidebar
2025-09-06 11:08:12 | INFO     | Response status: 200 OK
2025-09-06 11:08:12 | INFO     | Incoming request
2025-09-06 11:08:12 | INFO     | Incoming request
2025-09-06 11:08:12 | INFO     | Response status: 304 NOT MODIFIED
2025-09-06 11:08:12 | INFO     | Response status: 304 NOT MODIFIED
