2025-09-06 11:10:37 | INFO     | Flask app created successfully
2025-09-06 11:11:10 | INFO     | Incoming request
2025-09-06 11:11:10 | INFO     | Memoir mode home sidebar
2025-09-06 11:11:11 | INFO     | Response status: 200 OK
2025-09-06 11:11:11 | INFO     | Incoming request
2025-09-06 11:11:11 | INFO     | Incoming request
2025-09-06 11:11:11 | INFO     | Response status: 304 NOT MODIFIED
2025-09-06 11:11:11 | INFO     | Response status: 304 NOT MODIFIED
2025-09-06 11:11:17 | INFO     | Incoming request
2025-09-06 11:11:17 | INFO     | Memoir mode home sidebar
2025-09-06 11:11:17 | INFO     | Response status: 200 OK
2025-09-06 11:11:17 | INFO     | Incoming request
2025-09-06 11:11:17 | INFO     | Response status: 304 NOT MODIFIED
2025-09-06 11:11:17 | INFO     | Incoming request
2025-09-06 11:11:17 | INFO     | Response status: 304 NOT MODIFIED
2025-09-06 11:12:24 | INFO     | Incoming request
2025-09-06 11:12:24 | INFO     | Response status: 200 OK
2025-09-06 11:12:24 | INFO     | Incoming request
2025-09-06 11:12:24 | INFO     | Incoming request
2025-09-06 11:12:24 | INFO     | Response status: 304 NOT MODIFIED
2025-09-06 11:12:24 | INFO     | Response status: 304 NOT MODIFIED
2025-09-06 11:12:27 | INFO     | Incoming request
2025-09-06 11:12:27 | INFO     | Response status: 200 OK
2025-09-06 11:12:27 | INFO     | Incoming request
2025-09-06 11:12:27 | INFO     | Incoming request
2025-09-06 11:12:27 | INFO     | Response status: 304 NOT MODIFIED
2025-09-06 11:12:27 | INFO     | Response status: 304 NOT MODIFIED
2025-09-06 11:12:37 | INFO     | Incoming request
2025-09-06 11:12:37 | INFO     | Response status: 200 OK
2025-09-06 11:12:37 | INFO     | Incoming request
2025-09-06 11:12:37 | INFO     | Incoming request
2025-09-06 11:12:37 | INFO     | Response status: 304 NOT MODIFIED
2025-09-06 11:12:37 | INFO     | Response status: 304 NOT MODIFIED
2025-09-06 11:12:40 | INFO     | Incoming request
2025-09-06 11:12:40 | INFO     | Response status: 200 OK
2025-09-06 11:12:40 | INFO     | Incoming request
2025-09-06 11:12:40 | INFO     | Response status: 304 NOT MODIFIED
2025-09-06 11:12:40 | INFO     | Incoming request
2025-09-06 11:12:40 | INFO     | Response status: 304 NOT MODIFIED
2025-09-06 11:12:44 | INFO     | Incoming request
2025-09-06 11:12:44 | INFO     | Response status: 200 OK
2025-09-06 11:12:44 | INFO     | Incoming request
2025-09-06 11:12:44 | INFO     | Incoming request
2025-09-06 11:12:44 | INFO     | Response status: 304 NOT MODIFIED
2025-09-06 11:12:44 | INFO     | Response status: 304 NOT MODIFIED
2025-09-06 11:12:46 | INFO     | Incoming request
2025-09-06 11:12:46 | INFO     | Response status: 200 OK
2025-09-06 11:12:46 | INFO     | Incoming request
2025-09-06 11:12:46 | INFO     | Incoming request
2025-09-06 11:12:46 | INFO     | Response status: 304 NOT MODIFIED
2025-09-06 11:12:46 | INFO     | Response status: 304 NOT MODIFIED
2025-09-06 11:12:55 | INFO     | Incoming request
2025-09-06 11:12:55 | INFO     | Response status: 200 OK
2025-09-06 11:12:55 | INFO     | Incoming request
2025-09-06 11:12:55 | INFO     | Incoming request
2025-09-06 11:12:55 | INFO     | Response status: 304 NOT MODIFIED
2025-09-06 11:12:55 | INFO     | Response status: 304 NOT MODIFIED
2025-09-06 11:21:50 | INFO     | Incoming request
2025-09-06 11:21:50 | INFO     | Memoir mode home sidebar
2025-09-06 11:21:50 | INFO     | Response status: 200 OK
2025-09-06 11:21:50 | INFO     | Incoming request
2025-09-06 11:21:50 | INFO     | Response status: 304 NOT MODIFIED
2025-09-06 11:21:50 | INFO     | Incoming request
2025-09-06 11:21:50 | INFO     | Response status: 304 NOT MODIFIED
2025-09-06 11:22:28 | INFO     | Incoming request
2025-09-06 11:22:28 | INFO     | Memoir mode home sidebar
2025-09-06 11:22:28 | INFO     | Response status: 200 OK
2025-09-06 11:22:28 | INFO     | Incoming request
2025-09-06 11:22:28 | INFO     | Response status: 200 OK
2025-09-06 11:22:28 | INFO     | Incoming request
2025-09-06 11:22:28 | INFO     | Response status: 200 OK
2025-09-06 11:22:28 | INFO     | Incoming request
2025-09-06 11:22:28 | INFO     | Response status: 404 NOT FOUND
2025-09-06 11:22:44 | INFO     | Incoming request
2025-09-06 11:22:44 | INFO     | Memoir mode home sidebar
2025-09-06 11:22:44 | INFO     | Response status: 200 OK
2025-09-06 11:22:44 | INFO     | Incoming request
2025-09-06 11:22:44 | INFO     | Response status: 304 NOT MODIFIED
2025-09-06 11:22:44 | INFO     | Incoming request
2025-09-06 11:22:44 | INFO     | Response status: 304 NOT MODIFIED
