2025-09-07 04:46:02 | INFO     | Flask app created successfully
2025-09-07 04:46:04 | INFO     | Incoming request
2025-09-07 04:46:04 | INFO     | Memoir mode home sidebar
2025-09-07 04:46:04 | INFO     | Response status: 200 OK
2025-09-07 04:46:04 | INFO     | Incoming request
2025-09-07 04:46:04 | INFO     | Incoming request
2025-09-07 04:46:04 | INFO     | Response status: 304 NOT MODIFIED
2025-09-07 04:46:04 | INFO     | Response status: 304 NOT MODIFIED
2025-09-07 04:46:04 | INFO     | Incoming request
2025-09-07 04:46:04 | INFO     | Response status: 304 NOT MODIFIED
2025-09-07 04:46:04 | INFO     | Incoming request
2025-09-07 04:46:04 | INFO     | Response status: 304 NOT MODIFIED
2025-09-07 04:46:04 | INFO     | Incoming request
2025-09-07 04:46:04 | INFO     | Response status: 304 NOT MODIFIED
2025-09-07 04:46:04 | INFO     | Incoming request
2025-09-07 04:46:04 | INFO     | Response status: 304 NOT MODIFIED
2025-09-07 04:46:04 | INFO     | Incoming request
2025-09-07 04:46:04 | INFO     | Response status: 304 NOT MODIFIED
2025-09-07 04:46:04 | INFO     | Incoming request
2025-09-07 04:46:04 | INFO     | Incoming request
2025-09-07 04:46:04 | INFO     | Response status: 304 NOT MODIFIED
2025-09-07 04:46:04 | INFO     | Response status: 304 NOT MODIFIED
2025-09-07 04:46:05 | INFO     | Incoming request
2025-09-07 04:46:05 | INFO     | Response status: 200 OK
2025-09-07 04:46:09 | INFO     | Incoming request
2025-09-07 04:46:09 | INFO     | Response status: 200 OK
2025-09-07 04:46:09 | INFO     | Incoming request
2025-09-07 04:46:09 | INFO     | Response status: 200 OK
2025-09-07 04:46:09 | INFO     | Incoming request
2025-09-07 04:46:09 | INFO     | Response status: 304 NOT MODIFIED
2025-09-07 04:46:19 | INFO     | Incoming request
2025-09-07 04:46:19 | INFO     | Response status: 200 OK
2025-09-07 04:46:27 | INFO     | Incoming request
2025-09-07 04:46:27 | INFO     | Response status: 200 OK
2025-09-07 04:46:27 | INFO     | Incoming request
2025-09-07 04:46:27 | INFO     | Response status: 200 OK
2025-09-07 04:46:27 | INFO     | Incoming request
2025-09-07 04:46:27 | INFO     | Response status: 304 NOT MODIFIED
2025-09-07 05:58:20 | INFO     | Incoming request
2025-09-07 05:58:20 | INFO     | Incoming request
2025-09-07 05:58:20 | INFO     | Incoming request
2025-09-07 05:58:20 | INFO     | Response status: 304 NOT MODIFIED
2025-09-07 05:58:20 | INFO     | Incoming request
2025-09-07 05:58:20 | INFO     | Response status: 304 NOT MODIFIED
2025-09-07 05:58:20 | INFO     | Response status: 304 NOT MODIFIED
2025-09-07 05:58:20 | INFO     | Incoming request
2025-09-07 05:58:20 | INFO     | Response status: 304 NOT MODIFIED
2025-09-07 05:58:20 | INFO     | Response status: 304 NOT MODIFIED
2025-09-07 05:58:23 | INFO     | Incoming request
2025-09-07 05:58:23 | INFO     | Response status: 200 OK
2025-09-07 05:58:24 | INFO     | Incoming request
2025-09-07 05:58:24 | INFO     | Response status: 404 NOT FOUND
2025-09-07 05:58:24 | INFO     | Incoming request
2025-09-07 05:58:24 | INFO     | Incoming request
2025-09-07 05:58:24 | INFO     | Incoming request
2025-09-07 05:58:24 | INFO     | Response status: 304 NOT MODIFIED
2025-09-07 05:58:24 | INFO     | Incoming request
2025-09-07 05:58:24 | INFO     | Response status: 304 NOT MODIFIED
2025-09-07 05:58:24 | INFO     | Incoming request
2025-09-07 05:58:24 | INFO     | Response status: 304 NOT MODIFIED
2025-09-07 05:58:24 | INFO     | Response status: 304 NOT MODIFIED
2025-09-07 05:58:24 | INFO     | Response status: 304 NOT MODIFIED
2025-09-07 05:58:27 | INFO     | Incoming request
2025-09-07 05:58:27 | INFO     | Response status: 200 OK
2025-09-07 05:58:27 | INFO     | Incoming request
2025-09-07 05:58:27 | INFO     | Response status: 404 NOT FOUND
2025-09-07 05:58:27 | INFO     | Incoming request
2025-09-07 05:58:27 | INFO     | Response status: 304 NOT MODIFIED
2025-09-07 05:58:33 | INFO     | Incoming request
2025-09-07 05:58:33 | INFO     | Response status: 200 OK
2025-09-07 05:58:33 | INFO     | Incoming request
2025-09-07 05:58:33 | INFO     | Response status: 404 NOT FOUND
2025-09-07 05:58:33 | INFO     | Incoming request
2025-09-07 05:58:33 | INFO     | Response status: 304 NOT MODIFIED
2025-09-07 05:58:45 | INFO     | Incoming request
2025-09-07 05:58:45 | INFO     | Response status: 200 OK
2025-09-07 05:58:45 | INFO     | Incoming request
2025-09-07 05:58:45 | INFO     | Response status: 404 NOT FOUND
2025-09-07 05:58:45 | INFO     | Incoming request
2025-09-07 05:58:45 | INFO     | Response status: 304 NOT MODIFIED
2025-09-07 05:58:59 | INFO     | Incoming request
2025-09-07 05:58:59 | INFO     | Response status: 304 NOT MODIFIED
2025-09-07 05:58:59 | INFO     | Incoming request
2025-09-07 05:58:59 | INFO     | Response status: 304 NOT MODIFIED
2025-09-07 05:58:59 | INFO     | Incoming request
2025-09-07 05:58:59 | INFO     | Response status: 304 NOT MODIFIED
2025-09-07 05:58:59 | INFO     | Incoming request
2025-09-07 05:58:59 | INFO     | Response status: 304 NOT MODIFIED
2025-09-07 05:58:59 | INFO     | Incoming request
2025-09-07 05:58:59 | INFO     | Incoming request
2025-09-07 05:58:59 | INFO     | Response status: 304 NOT MODIFIED
2025-09-07 05:58:59 | INFO     | Response status: 304 NOT MODIFIED
2025-09-07 05:59:00 | INFO     | Incoming request
2025-09-07 05:59:00 | INFO     | Response status: 200 OK
2025-09-07 05:59:02 | INFO     | Incoming request
2025-09-07 05:59:02 | INFO     | Response status: 200 OK
2025-09-07 05:59:02 | INFO     | Incoming request
2025-09-07 05:59:02 | INFO     | Incoming request
2025-09-07 05:59:02 | INFO     | Incoming request
2025-09-07 05:59:02 | INFO     | Response status: 304 NOT MODIFIED
2025-09-07 05:59:02 | INFO     | Incoming request
2025-09-07 05:59:02 | INFO     | Response status: 304 NOT MODIFIED
2025-09-07 05:59:02 | INFO     | Incoming request
2025-09-07 05:59:02 | INFO     | Response status: 304 NOT MODIFIED
2025-09-07 05:59:02 | INFO     | Response status: 304 NOT MODIFIED
2025-09-07 05:59:02 | INFO     | Response status: 304 NOT MODIFIED
2025-09-07 05:59:07 | INFO     | Incoming request
2025-09-07 05:59:07 | INFO     | Response status: 200 OK
2025-09-07 05:59:07 | INFO     | Incoming request
2025-09-07 05:59:07 | INFO     | Response status: 200 OK
2025-09-07 05:59:20 | INFO     | Incoming request
2025-09-07 05:59:20 | INFO     | Response status: 200 OK
2025-09-07 05:59:30 | INFO     | Incoming request
2025-09-07 05:59:30 | INFO     | Response status: 200 OK
2025-09-07 05:59:40 | INFO     | Incoming request
2025-09-07 05:59:40 | INFO     | Response status: 200 OK
2025-09-07 05:59:40 | INFO     | Incoming request
2025-09-07 05:59:40 | INFO     | Response status: 200 OK
2025-09-07 05:59:40 | INFO     | Incoming request
2025-09-07 05:59:40 | INFO     | Response status: 304 NOT MODIFIED
2025-09-07 05:59:46 | INFO     | Incoming request
2025-09-07 05:59:46 | INFO     | Response status: 200 OK
2025-09-07 05:59:46 | INFO     | Incoming request
2025-09-07 05:59:46 | INFO     | Response status: 404 NOT FOUND
2025-09-07 05:59:46 | INFO     | Incoming request
2025-09-07 05:59:46 | INFO     | Response status: 304 NOT MODIFIED
2025-09-07 05:59:50 | INFO     | Incoming request
2025-09-07 05:59:50 | INFO     | Response status: 200 OK
2025-09-07 05:59:50 | INFO     | Incoming request
2025-09-07 05:59:50 | INFO     | Response status: 404 NOT FOUND
2025-09-07 05:59:50 | INFO     | Incoming request
2025-09-07 05:59:50 | INFO     | Response status: 304 NOT MODIFIED
2025-09-07 06:01:54 | INFO     | Incoming request
2025-09-07 06:01:54 | INFO     | Response status: 200 OK
2025-09-07 06:01:54 | INFO     | Incoming request
2025-09-07 06:01:54 | INFO     | Response status: 404 NOT FOUND
2025-09-07 06:01:54 | INFO     | Incoming request
2025-09-07 06:01:54 | INFO     | Incoming request
2025-09-07 06:01:54 | INFO     | Incoming request
2025-09-07 06:01:54 | INFO     | Response status: 304 NOT MODIFIED
2025-09-07 06:01:54 | INFO     | Incoming request
2025-09-07 06:01:54 | INFO     | Incoming request
2025-09-07 06:01:54 | INFO     | Response status: 304 NOT MODIFIED
2025-09-07 06:01:54 | INFO     | Response status: 304 NOT MODIFIED
2025-09-07 06:01:54 | INFO     | Response status: 304 NOT MODIFIED
2025-09-07 06:01:54 | INFO     | Response status: 304 NOT MODIFIED
2025-09-07 06:02:01 | INFO     | Incoming request
2025-09-07 06:02:01 | INFO     | Response status: 200 OK
2025-09-07 06:02:01 | INFO     | Incoming request
2025-09-07 06:02:01 | INFO     | Response status: 404 NOT FOUND
2025-09-07 06:02:01 | INFO     | Incoming request
2025-09-07 06:02:01 | INFO     | Response status: 304 NOT MODIFIED
2025-09-07 06:02:03 | INFO     | Incoming request
2025-09-07 06:02:03 | INFO     | Response status: 200 OK
2025-09-07 06:02:03 | INFO     | Incoming request
2025-09-07 06:02:03 | INFO     | Response status: 404 NOT FOUND
2025-09-07 06:02:03 | INFO     | Incoming request
2025-09-07 06:02:03 | INFO     | Response status: 304 NOT MODIFIED
