2025-09-06 23:56:17 | INFO     | Flask app created successfully
2025-09-06 23:56:27 | INFO     | Incoming request
2025-09-06 23:56:27 | INFO     | Incoming request
2025-09-06 23:56:27 | INFO     | Incoming request
2025-09-06 23:56:28 | INFO     | Response status: 304 NOT MODIFIED
2025-09-06 23:56:28 | INFO     | Response status: 304 NOT MODIFIED
2025-09-06 23:56:28 | INFO     | Response status: 304 NOT MODIFIED
2025-09-06 23:56:30 | INFO     | Incoming request
2025-09-06 23:56:30 | INFO     | Incoming request
2025-09-06 23:56:30 | INFO     | Incoming request
2025-09-06 23:56:30 | INFO     | Incoming request
2025-09-06 23:56:30 | INFO     | Response status: 304 NOT MODIFIED
2025-09-06 23:56:30 | INFO     | Response status: 304 NOT MODIFIED
2025-09-06 23:56:30 | INFO     | Response status: 304 NOT MODIFIED
2025-09-06 23:56:30 | INFO     | Response status: 304 NOT MODIFIED
2025-09-06 23:56:32 | INFO     | Incoming request
2025-09-06 23:56:32 | INFO     | Response status: 200 OK
2025-09-06 23:56:38 | INFO     | Incoming request
2025-09-06 23:56:38 | INFO     | Incoming request
2025-09-06 23:56:38 | INFO     | Incoming request
2025-09-06 23:56:38 | INFO     | Response status: 304 NOT MODIFIED
2025-09-06 23:56:38 | INFO     | Response status: 304 NOT MODIFIED
2025-09-06 23:56:38 | INFO     | Response status: 304 NOT MODIFIED
2025-09-06 23:56:41 | INFO     | Incoming request
2025-09-06 23:56:41 | INFO     | Response status: 304 NOT MODIFIED
2025-09-06 23:56:41 | INFO     | Incoming request
2025-09-06 23:56:41 | INFO     | Response status: 404 NOT FOUND
2025-09-06 23:56:43 | INFO     | Incoming request
2025-09-06 23:56:43 | INFO     | Memoir mode home sidebar
2025-09-06 23:56:43 | INFO     | Response status: 200 OK
2025-09-06 23:56:43 | INFO     | Incoming request
2025-09-06 23:56:43 | INFO     | Response status: 404 NOT FOUND
2025-09-06 23:56:43 | INFO     | Incoming request
2025-09-06 23:56:43 | INFO     | Response status: 304 NOT MODIFIED
2025-09-06 23:56:43 | INFO     | Incoming request
2025-09-06 23:56:43 | INFO     | Response status: 200 OK
2025-09-06 23:56:43 | INFO     | Incoming request
2025-09-06 23:56:43 | INFO     | Response status: 304 NOT MODIFIED
2025-09-06 23:56:43 | INFO     | Incoming request
2025-09-06 23:56:43 | INFO     | Response status: 304 NOT MODIFIED
2025-09-06 23:56:43 | INFO     | Incoming request
2025-09-06 23:56:43 | INFO     | Response status: 304 NOT MODIFIED
2025-09-06 23:56:43 | INFO     | Incoming request
2025-09-06 23:56:43 | INFO     | Response status: 304 NOT MODIFIED
2025-09-06 23:56:43 | INFO     | Incoming request
2025-09-06 23:56:43 | INFO     | Response status: 304 NOT MODIFIED
2025-09-06 23:56:43 | INFO     | Incoming request
2025-09-06 23:56:43 | INFO     | Incoming request
2025-09-06 23:56:43 | INFO     | Response status: 304 NOT MODIFIED
2025-09-06 23:56:43 | INFO     | Response status: 304 NOT MODIFIED
2025-09-06 23:56:44 | INFO     | Incoming request
2025-09-06 23:56:44 | INFO     | Response status: 200 OK
2025-09-06 23:56:53 | INFO     | Incoming request
2025-09-06 23:56:53 | INFO     | Incoming request
2025-09-06 23:56:53 | INFO     | Incoming request
2025-09-06 23:56:53 | INFO     | Response status: 304 NOT MODIFIED
2025-09-06 23:56:53 | INFO     | Incoming request
2025-09-06 23:56:53 | INFO     | Response status: 304 NOT MODIFIED
2025-09-06 23:56:53 | INFO     | Response status: 304 NOT MODIFIED
2025-09-06 23:56:53 | INFO     | Response status: 304 NOT MODIFIED
2025-09-06 23:56:54 | INFO     | Incoming request
2025-09-06 23:56:54 | INFO     | Response status: 200 OK
2025-09-06 23:57:01 | INFO     | Incoming request
2025-09-06 23:57:01 | INFO     | Incoming request
2025-09-06 23:57:01 | INFO     | Incoming request
2025-09-06 23:57:01 | INFO     | Response status: 304 NOT MODIFIED
2025-09-06 23:57:01 | INFO     | Response status: 304 NOT MODIFIED
2025-09-06 23:57:01 | INFO     | Response status: 304 NOT MODIFIED
2025-09-06 23:57:02 | INFO     | Incoming request
2025-09-06 23:57:02 | INFO     | Response status: 200 OK
2025-09-06 23:57:03 | INFO     | Incoming request
2025-09-06 23:57:03 | INFO     | Incoming request
2025-09-06 23:57:03 | INFO     | Incoming request
2025-09-06 23:57:03 | INFO     | Response status: 304 NOT MODIFIED
2025-09-06 23:57:03 | INFO     | Response status: 304 NOT MODIFIED
2025-09-06 23:57:03 | INFO     | Response status: 304 NOT MODIFIED
2025-09-06 23:57:05 | INFO     | Incoming request
2025-09-06 23:57:05 | INFO     | Response status: 200 OK
2025-09-06 23:57:06 | INFO     | Incoming request
2025-09-06 23:57:06 | INFO     | Incoming request
2025-09-06 23:57:06 | INFO     | Response status: 304 NOT MODIFIED
2025-09-06 23:57:06 | INFO     | Incoming request
2025-09-06 23:57:06 | INFO     | Response status: 304 NOT MODIFIED
2025-09-06 23:57:06 | INFO     | Response status: 304 NOT MODIFIED
2025-09-06 23:57:07 | INFO     | Incoming request
2025-09-06 23:57:07 | INFO     | Response status: 200 OK
2025-09-06 23:57:09 | INFO     | Incoming request
2025-09-06 23:57:09 | INFO     | Incoming request
2025-09-06 23:57:09 | INFO     | Incoming request
2025-09-06 23:57:09 | INFO     | Response status: 304 NOT MODIFIED
2025-09-06 23:57:09 | INFO     | Response status: 304 NOT MODIFIED
2025-09-06 23:57:09 | INFO     | Response status: 304 NOT MODIFIED
2025-09-06 23:57:11 | INFO     | Incoming request
2025-09-06 23:57:11 | INFO     | Response status: 200 OK
2025-09-06 23:57:13 | INFO     | Incoming request
2025-09-06 23:57:13 | INFO     | Incoming request
2025-09-06 23:57:13 | INFO     | Incoming request
2025-09-06 23:57:13 | INFO     | Response status: 304 NOT MODIFIED
2025-09-06 23:57:13 | INFO     | Response status: 304 NOT MODIFIED
2025-09-06 23:57:13 | INFO     | Response status: 304 NOT MODIFIED
2025-09-06 23:57:14 | INFO     | Incoming request
2025-09-06 23:57:14 | INFO     | Response status: 200 OK
2025-09-06 23:57:17 | INFO     | Incoming request
2025-09-06 23:57:17 | INFO     | Response status: 304 NOT MODIFIED
2025-09-06 23:57:17 | INFO     | Incoming request
2025-09-06 23:57:17 | INFO     | Response status: 404 NOT FOUND
2025-09-06 23:59:19 | INFO     | Incoming request
2025-09-06 23:59:19 | INFO     | Memoir mode home sidebar
2025-09-06 23:59:19 | INFO     | Response status: 200 OK
2025-09-06 23:59:19 | INFO     | Incoming request
2025-09-06 23:59:19 | INFO     | Response status: 304 NOT MODIFIED
2025-09-06 23:59:19 | INFO     | Incoming request
2025-09-06 23:59:19 | INFO     | Response status: 200 OK
2025-09-06 23:59:19 | INFO     | Incoming request
2025-09-06 23:59:19 | INFO     | Response status: 304 NOT MODIFIED
2025-09-06 23:59:19 | INFO     | Incoming request
2025-09-06 23:59:19 | INFO     | Response status: 304 NOT MODIFIED
2025-09-06 23:59:19 | INFO     | Incoming request
2025-09-06 23:59:19 | INFO     | Response status: 304 NOT MODIFIED
2025-09-06 23:59:19 | INFO     | Incoming request
2025-09-06 23:59:19 | INFO     | Response status: 304 NOT MODIFIED
2025-09-06 23:59:19 | INFO     | Incoming request
2025-09-06 23:59:19 | INFO     | Response status: 304 NOT MODIFIED
2025-09-06 23:59:19 | INFO     | Incoming request
2025-09-06 23:59:19 | INFO     | Incoming request
2025-09-06 23:59:19 | INFO     | Response status: 304 NOT MODIFIED
2025-09-06 23:59:19 | INFO     | Response status: 304 NOT MODIFIED
2025-09-06 23:59:20 | INFO     | Incoming request
2025-09-06 23:59:20 | INFO     | Response status: 200 OK
2025-09-06 23:59:22 | INFO     | Incoming request
2025-09-06 23:59:22 | INFO     | Incoming request
2025-09-06 23:59:22 | INFO     | Response status: 304 NOT MODIFIED
2025-09-06 23:59:22 | INFO     | Incoming request
2025-09-06 23:59:22 | INFO     | Response status: 304 NOT MODIFIED
2025-09-06 23:59:22 | INFO     | Incoming request
2025-09-06 23:59:22 | INFO     | Response status: 304 NOT MODIFIED
2025-09-06 23:59:22 | INFO     | Response status: 304 NOT MODIFIED
2025-09-06 23:59:23 | INFO     | Incoming request
2025-09-06 23:59:23 | INFO     | Response status: 200 OK
2025-09-06 23:59:38 | INFO     | Incoming request
2025-09-06 23:59:38 | INFO     | Response status: 200 OK
2025-09-06 23:59:41 | INFO     | Incoming request
2025-09-06 23:59:41 | INFO     | Incoming request
2025-09-06 23:59:41 | INFO     | Incoming request
2025-09-06 23:59:41 | INFO     | Response status: 304 NOT MODIFIED
2025-09-06 23:59:41 | INFO     | Response status: 304 NOT MODIFIED
2025-09-06 23:59:41 | INFO     | Response status: 304 NOT MODIFIED
2025-09-06 23:59:46 | INFO     | Incoming request
2025-09-06 23:59:46 | INFO     | Response status: 200 OK
2025-09-06 23:59:46 | INFO     | Incoming request
2025-09-06 23:59:46 | INFO     | Response status: 200 OK
2025-09-06 23:59:46 | INFO     | Incoming request
2025-09-06 23:59:46 | INFO     | Response status: 304 NOT MODIFIED
2025-09-06 23:59:51 | INFO     | Incoming request
2025-09-06 23:59:51 | INFO     | Incoming request
2025-09-06 23:59:51 | INFO     | Incoming request
2025-09-06 23:59:51 | INFO     | Response status: 304 NOT MODIFIED
2025-09-06 23:59:51 | INFO     | Response status: 304 NOT MODIFIED
2025-09-06 23:59:51 | INFO     | Response status: 304 NOT MODIFIED
2025-09-06 23:59:53 | INFO     | Incoming request
2025-09-06 23:59:53 | INFO     | Response status: 200 OK
2025-09-06 23:59:56 | INFO     | Incoming request
2025-09-06 23:59:56 | INFO     | Response status: 200 OK
2025-09-06 23:59:56 | INFO     | Incoming request
2025-09-06 23:59:56 | INFO     | Response status: 200 OK
2025-09-06 23:59:56 | INFO     | Incoming request
2025-09-06 23:59:56 | INFO     | Response status: 304 NOT MODIFIED
2025-09-06 23:59:59 | INFO     | Incoming request
2025-09-06 23:59:59 | INFO     | Incoming request
2025-09-06 23:59:59 | INFO     | Incoming request
2025-09-06 23:59:59 | INFO     | Response status: 304 NOT MODIFIED
2025-09-06 23:59:59 | INFO     | Response status: 304 NOT MODIFIED
2025-09-06 23:59:59 | INFO     | Response status: 304 NOT MODIFIED
2025-09-07 00:00:23 | INFO     | Incoming request
2025-09-07 00:00:23 | INFO     | Incoming request
2025-09-07 00:00:23 | INFO     | Incoming request
2025-09-07 00:00:23 | INFO     | Response status: 304 NOT MODIFIED
2025-09-07 00:00:23 | INFO     | Incoming request
2025-09-07 00:00:23 | INFO     | Response status: 304 NOT MODIFIED
2025-09-07 00:00:23 | INFO     | Response status: 304 NOT MODIFIED
2025-09-07 00:00:23 | INFO     | Response status: 304 NOT MODIFIED
2025-09-07 00:00:26 | INFO     | Incoming request
2025-09-07 00:00:26 | INFO     | Response status: 200 OK
2025-09-07 00:00:34 | INFO     | Incoming request
2025-09-07 00:00:34 | INFO     | Response status: 200 OK
2025-09-07 00:00:39 | INFO     | Incoming request
2025-09-07 00:00:39 | INFO     | Incoming request
2025-09-07 00:00:39 | INFO     | Incoming request
2025-09-07 00:00:39 | INFO     | Response status: 304 NOT MODIFIED
2025-09-07 00:00:39 | INFO     | Response status: 304 NOT MODIFIED
2025-09-07 00:00:39 | INFO     | Response status: 304 NOT MODIFIED
2025-09-07 00:00:44 | INFO     | Incoming request
2025-09-07 00:00:44 | INFO     | Response status: 200 OK
2025-09-07 00:00:44 | INFO     | Incoming request
2025-09-07 00:00:44 | INFO     | Response status: 200 OK
2025-09-07 00:00:44 | INFO     | Incoming request
2025-09-07 00:00:44 | INFO     | Response status: 304 NOT MODIFIED
2025-09-07 00:00:51 | INFO     | Incoming request
2025-09-07 00:00:51 | INFO     | Response status: 200 OK
2025-09-07 00:00:51 | INFO     | Incoming request
2025-09-07 00:00:51 | INFO     | Response status: 200 OK
2025-09-07 00:00:51 | INFO     | Incoming request
2025-09-07 00:00:51 | INFO     | Response status: 304 NOT MODIFIED
2025-09-07 00:01:43 | INFO     | Incoming request
2025-09-07 00:01:43 | INFO     | Incoming request
2025-09-07 00:01:43 | INFO     | Incoming request
2025-09-07 00:01:43 | INFO     | Incoming request
2025-09-07 00:01:43 | INFO     | Response status: 304 NOT MODIFIED
2025-09-07 00:01:43 | INFO     | Response status: 304 NOT MODIFIED
2025-09-07 00:01:43 | INFO     | Response status: 304 NOT MODIFIED
2025-09-07 00:01:43 | INFO     | Response status: 304 NOT MODIFIED
2025-09-07 00:02:43 | INFO     | Incoming request
2025-09-07 00:02:43 | INFO     | Incoming request
2025-09-07 00:02:43 | INFO     | Incoming request
2025-09-07 00:02:43 | INFO     | Incoming request
2025-09-07 00:02:43 | INFO     | Response status: 304 NOT MODIFIED
2025-09-07 00:02:43 | INFO     | Response status: 304 NOT MODIFIED
2025-09-07 00:02:43 | INFO     | Response status: 304 NOT MODIFIED
2025-09-07 00:02:43 | INFO     | Response status: 304 NOT MODIFIED
2025-09-07 00:02:52 | INFO     | Incoming request
2025-09-07 00:02:52 | INFO     | Response status: 200 OK
2025-09-07 00:02:55 | INFO     | Incoming request
2025-09-07 00:02:55 | INFO     | Response status: 200 OK
2025-09-07 00:02:59 | INFO     | Incoming request
2025-09-07 00:02:59 | INFO     | Incoming request
2025-09-07 00:02:59 | INFO     | Incoming request
2025-09-07 00:02:59 | INFO     | Response status: 304 NOT MODIFIED
2025-09-07 00:02:59 | INFO     | Response status: 304 NOT MODIFIED
2025-09-07 00:02:59 | INFO     | Response status: 304 NOT MODIFIED
2025-09-07 00:03:03 | INFO     | Incoming request
2025-09-07 00:03:03 | INFO     | Response status: 200 OK
2025-09-07 00:03:03 | INFO     | Incoming request
2025-09-07 00:03:03 | INFO     | Response status: 200 OK
2025-09-07 00:03:03 | INFO     | Incoming request
2025-09-07 00:03:03 | INFO     | Response status: 304 NOT MODIFIED
2025-09-07 00:03:09 | INFO     | Incoming request
2025-09-07 00:03:09 | INFO     | Response status: 200 OK
2025-09-07 00:03:09 | INFO     | Incoming request
2025-09-07 00:03:09 | INFO     | Response status: 200 OK
2025-09-07 00:03:09 | INFO     | Incoming request
2025-09-07 00:03:09 | INFO     | Response status: 304 NOT MODIFIED
2025-09-07 00:03:22 | INFO     | Incoming request
2025-09-07 00:03:22 | INFO     | Response status: 200 OK
2025-09-07 00:03:22 | INFO     | Incoming request
2025-09-07 00:03:22 | INFO     | Response status: 200 OK
2025-09-07 00:03:23 | INFO     | Incoming request
2025-09-07 00:03:23 | INFO     | Response status: 200 OK
2025-09-07 00:03:23 | INFO     | Incoming request
2025-09-07 00:03:23 | INFO     | Response status: 200 OK
2025-09-07 00:03:24 | INFO     | Incoming request
2025-09-07 00:03:24 | INFO     | Response status: 200 OK
2025-09-07 00:03:24 | INFO     | Incoming request
2025-09-07 00:03:24 | INFO     | Response status: 200 OK
2025-09-07 00:03:34 | INFO     | Incoming request
2025-09-07 00:03:34 | INFO     | Incoming request
2025-09-07 00:03:34 | INFO     | Incoming request
2025-09-07 00:03:34 | INFO     | Response status: 304 NOT MODIFIED
2025-09-07 00:03:34 | INFO     | Response status: 304 NOT MODIFIED
2025-09-07 00:03:34 | INFO     | Response status: 304 NOT MODIFIED
2025-09-07 00:07:36 | INFO     | Incoming request
2025-09-07 00:07:37 | INFO     | Response status: 200 OK
2025-09-07 00:07:37 | INFO     | Incoming request
2025-09-07 00:07:37 | INFO     | Response status: 200 OK
2025-09-07 00:07:39 | INFO     | Incoming request
2025-09-07 00:07:39 | INFO     | Incoming request
2025-09-07 00:07:39 | INFO     | Response status: 304 NOT MODIFIED
2025-09-07 00:07:39 | INFO     | Incoming request
2025-09-07 00:07:39 | INFO     | Response status: 304 NOT MODIFIED
2025-09-07 00:07:39 | INFO     | Response status: 304 NOT MODIFIED
2025-09-07 00:07:48 | INFO     | Incoming request
2025-09-07 00:07:48 | INFO     | Response status: 200 OK
2025-09-07 00:10:04 | INFO     | Incoming request
2025-09-07 00:10:04 | INFO     | Response status: 200 OK
2025-09-07 00:10:04 | INFO     | Incoming request
2025-09-07 00:10:04 | INFO     | Response status: 200 OK
2025-09-07 00:10:06 | INFO     | Incoming request
2025-09-07 00:10:06 | INFO     | Incoming request
2025-09-07 00:10:06 | INFO     | Incoming request
2025-09-07 00:10:06 | INFO     | Response status: 304 NOT MODIFIED
2025-09-07 00:10:06 | INFO     | Response status: 304 NOT MODIFIED
2025-09-07 00:10:06 | INFO     | Response status: 304 NOT MODIFIED
2025-09-07 00:10:46 | INFO     | Incoming request
2025-09-07 00:10:46 | INFO     | Memoir mode home sidebar
2025-09-07 00:10:46 | INFO     | Response status: 200 OK
2025-09-07 00:10:47 | INFO     | Incoming request
2025-09-07 00:10:47 | INFO     | Response status: 304 NOT MODIFIED
2025-09-07 00:10:47 | INFO     | Incoming request
2025-09-07 00:10:47 | INFO     | Response status: 200 OK
2025-09-07 00:10:47 | INFO     | Incoming request
2025-09-07 00:10:47 | INFO     | Response status: 304 NOT MODIFIED
2025-09-07 00:10:47 | INFO     | Incoming request
2025-09-07 00:10:47 | INFO     | Response status: 304 NOT MODIFIED
2025-09-07 00:10:47 | INFO     | Incoming request
2025-09-07 00:10:47 | INFO     | Response status: 304 NOT MODIFIED
2025-09-07 00:10:47 | INFO     | Incoming request
2025-09-07 00:10:47 | INFO     | Response status: 304 NOT MODIFIED
2025-09-07 00:10:47 | INFO     | Incoming request
2025-09-07 00:10:47 | INFO     | Response status: 304 NOT MODIFIED
2025-09-07 00:10:47 | INFO     | Incoming request
2025-09-07 00:10:47 | INFO     | Incoming request
2025-09-07 00:10:47 | INFO     | Response status: 304 NOT MODIFIED
2025-09-07 00:10:47 | INFO     | Response status: 304 NOT MODIFIED
2025-09-07 00:10:47 | INFO     | Incoming request
2025-09-07 00:10:47 | INFO     | Response status: 200 OK
