2025-09-07 03:29:14 | INFO     | Flask app created successfully
2025-09-07 03:31:07 | INFO     | Incoming request
2025-09-07 03:31:07 | INFO     | Memoir mode home sidebar
2025-09-07 03:31:07 | INFO     | Response status: 200 OK
2025-09-07 03:31:07 | INFO     | Incoming request
2025-09-07 03:31:07 | INFO     | Response status: 404 NOT FOUND
2025-09-07 03:31:07 | INFO     | Incoming request
2025-09-07 03:31:07 | INFO     | Incoming request
2025-09-07 03:31:08 | INFO     | Response status: 304 NOT MODIFIED
2025-09-07 03:31:08 | INFO     | Response status: 200 OK
2025-09-07 03:31:08 | INFO     | Incoming request
2025-09-07 03:31:08 | INFO     | Response status: 304 NOT MODIFIED
2025-09-07 03:31:08 | INFO     | Incoming request
2025-09-07 03:31:08 | INFO     | Response status: 304 NOT MODIFIED
2025-09-07 03:31:08 | INFO     | Incoming request
2025-09-07 03:31:08 | INFO     | Response status: 304 NOT MODIFIED
2025-09-07 03:31:08 | INFO     | Incoming request
2025-09-07 03:31:08 | INFO     | Response status: 304 NOT MODIFIED
2025-09-07 03:31:08 | INFO     | Incoming request
2025-09-07 03:31:08 | INFO     | Response status: 304 NOT MODIFIED
2025-09-07 03:31:08 | INFO     | Incoming request
2025-09-07 03:31:08 | INFO     | Incoming request
2025-09-07 03:31:08 | INFO     | Response status: 304 NOT MODIFIED
2025-09-07 03:31:08 | INFO     | Response status: 304 NOT MODIFIED
2025-09-07 03:31:09 | INFO     | Incoming request
2025-09-07 03:31:09 | INFO     | Response status: 200 OK
2025-09-07 03:31:17 | INFO     | Incoming request
2025-09-07 03:31:17 | INFO     | Incoming request
2025-09-07 03:31:17 | INFO     | Incoming request
2025-09-07 03:31:17 | INFO     | Response status: 304 NOT MODIFIED
2025-09-07 03:31:17 | INFO     | Incoming request
2025-09-07 03:31:17 | INFO     | Response status: 304 NOT MODIFIED
2025-09-07 03:31:17 | INFO     | Response status: 304 NOT MODIFIED
2025-09-07 03:31:17 | INFO     | Response status: 304 NOT MODIFIED
2025-09-07 03:31:30 | INFO     | Incoming request
2025-09-07 03:31:30 | INFO     | Response status: 200 OK
2025-09-07 03:31:30 | INFO     | Incoming request
2025-09-07 03:31:30 | INFO     | Response status: 200 OK
2025-09-07 03:31:30 | INFO     | Incoming request
2025-09-07 03:31:30 | INFO     | Response status: 200 OK
2025-09-07 03:31:39 | INFO     | Incoming request
2025-09-07 03:31:39 | INFO     | Response status: 200 OK
2025-09-07 03:31:39 | INFO     | Incoming request
2025-09-07 03:31:39 | INFO     | Response status: 200 OK
2025-09-07 03:31:39 | INFO     | Incoming request
2025-09-07 03:31:39 | INFO     | Response status: 304 NOT MODIFIED
2025-09-07 03:33:02 | INFO     | Incoming request
2025-09-07 03:33:02 | INFO     | Incoming request
2025-09-07 03:33:02 | INFO     | Response status: 304 NOT MODIFIED
2025-09-07 03:33:02 | INFO     | Response status: 304 NOT MODIFIED
2025-09-07 03:33:02 | INFO     | Incoming request
2025-09-07 03:33:02 | INFO     | Response status: 304 NOT MODIFIED
2025-09-07 03:33:06 | INFO     | Incoming request
2025-09-07 03:33:06 | INFO     | Response status: 200 OK
